INFO - 2025-02-17 12:05:09 --> Session: Class initialized using 'CodeIgniter\Session\Handlers\FileHandler' driver.
INFO - 2025-02-17 12:05:09 --> Session: Class initialized using 'CodeIgniter\Session\Handlers\FileHandler' driver.
INFO - 2025-02-17 12:05:16 --> Session: Class initialized using 'CodeIgniter\Session\Handlers\FileHandler' driver.
INFO - 2025-02-17 12:05:16 --> Session: Class initialized using 'CodeIgniter\Session\Handlers\FileHandler' driver.
INFO - 2025-02-17 12:05:20 --> Session: Class initialized using 'CodeIgniter\Session\Handlers\FileHandler' driver.
INFO - 2025-02-17 12:05:29 --> Session: Class initialized using 'CodeIgniter\Session\Handlers\FileHandler' driver.
INFO - 2025-02-17 12:05:32 --> Session: Class initialized using 'CodeIgniter\Session\Handlers\FileHandler' driver.
INFO - 2025-02-17 12:25:12 --> Session: Class initialized using 'CodeIgniter\Session\Handlers\FileHandler' driver.
INFO - 2025-02-17 12:39:55 --> Session: Class initialized using 'CodeIgniter\Session\Handlers\FileHandler' driver.
INFO - 2025-02-17 12:39:58 --> Session: Class initialized using 'CodeIgniter\Session\Handlers\FileHandler' driver.
INFO - 2025-02-17 12:40:26 --> Session: Class initialized using 'CodeIgniter\Session\Handlers\FileHandler' driver.
INFO - 2025-02-17 12:40:33 --> Session: Class initialized using 'CodeIgniter\Session\Handlers\FileHandler' driver.
INFO - 2025-02-17 12:40:50 --> Session: Class initialized using 'CodeIgniter\Session\Handlers\FileHandler' driver.
INFO - 2025-02-17 12:41:05 --> Session: Class initialized using 'CodeIgniter\Session\Handlers\FileHandler' driver.
INFO - 2025-02-17 12:50:24 --> Session: Class initialized using 'CodeIgniter\Session\Handlers\FileHandler' driver.
INFO - 2025-02-17 12:50:48 --> Session: Class initialized using 'CodeIgniter\Session\Handlers\FileHandler' driver.
INFO - 2025-02-17 12:51:07 --> Session: Class initialized using 'CodeIgniter\Session\Handlers\FileHandler' driver.
INFO - 2025-02-17 12:51:27 --> Session: Class initialized using 'CodeIgniter\Session\Handlers\FileHandler' driver.
INFO - 2025-02-17 12:51:30 --> Session: Class initialized using 'CodeIgniter\Session\Handlers\FileHandler' driver.
INFO - 2025-02-17 12:55:58 --> Session: Class initialized using 'CodeIgniter\Session\Handlers\FileHandler' driver.
INFO - 2025-02-17 12:56:16 --> Session: Class initialized using 'CodeIgniter\Session\Handlers\FileHandler' driver.
INFO - 2025-02-17 12:56:46 --> Session: Class initialized using 'CodeIgniter\Session\Handlers\FileHandler' driver.
INFO - 2025-02-17 12:56:59 --> Session: Class initialized using 'CodeIgniter\Session\Handlers\FileHandler' driver.
INFO - 2025-02-17 12:57:03 --> Session: Class initialized using 'CodeIgniter\Session\Handlers\FileHandler' driver.
INFO - 2025-02-17 12:57:07 --> Session: Class initialized using 'CodeIgniter\Session\Handlers\FileHandler' driver.
INFO - 2025-02-17 12:58:02 --> Session: Class initialized using 'CodeIgniter\Session\Handlers\FileHandler' driver.
INFO - 2025-02-17 12:58:08 --> Session: Class initialized using 'CodeIgniter\Session\Handlers\FileHandler' driver.
INFO - 2025-02-17 13:02:04 --> Session: Class initialized using 'CodeIgniter\Session\Handlers\FileHandler' driver.
INFO - 2025-02-17 13:02:42 --> Session: Class initialized using 'CodeIgniter\Session\Handlers\FileHandler' driver.
INFO - 2025-02-17 13:04:12 --> Session: Class initialized using 'CodeIgniter\Session\Handlers\FileHandler' driver.
INFO - 2025-02-17 13:04:15 --> Session: Class initialized using 'CodeIgniter\Session\Handlers\FileHandler' driver.
INFO - 2025-02-17 13:47:00 --> Session: Class initialized using 'CodeIgniter\Session\Handlers\FileHandler' driver.
ERROR - 2025-02-17 13:47:05 --> mysqli_sql_exception: You have an error in your SQL syntax; check the manual that corresponds to your MariaDB server version for the right syntax to use near ')' at line 3 in C:\xampp\htdocs\valoradorG2\valorador\system\Database\MySQLi\Connection.php:306
Stack trace:
#0 C:\xampp\htdocs\valoradorG2\valorador\system\Database\MySQLi\Connection.php(306): mysqli->query('SELECT *\nFROM `...', 0)
#1 C:\xampp\htdocs\valoradorG2\valorador\system\Database\BaseConnection.php(693): CodeIgniter\Database\MySQLi\Connection->execute('SELECT *\nFROM `...')
#2 C:\xampp\htdocs\valoradorG2\valorador\system\Database\BaseConnection.php(607): CodeIgniter\Database\BaseConnection->simpleQuery('SELECT *\nFROM `...')
#3 C:\xampp\htdocs\valoradorG2\valorador\system\Database\BaseBuilder.php(1616): CodeIgniter\Database\BaseConnection->query('SELECT *\nFROM `...', Array, false)
#4 C:\xampp\htdocs\valoradorG2\valorador\app\Models\ValidacionModel.php(97): CodeIgniter\Database\BaseBuilder->get()
#5 C:\xampp\htdocs\valoradorG2\valorador\app\Controllers\PersonController.php(734): App\Models\ValidacionModel->getValidacionesPorMateria(Array)
#6 C:\xampp\htdocs\valoradorG2\valorador\system\CodeIgniter.php(941): App\Controllers\PersonController->Mostrar_Valoraciones_Por_Materia3()
#7 C:\xampp\htdocs\valoradorG2\valorador\system\CodeIgniter.php(502): CodeIgniter\CodeIgniter->runController(Object(App\Controllers\PersonController))
#8 C:\xampp\htdocs\valoradorG2\valorador\system\CodeIgniter.php(361): CodeIgniter\CodeIgniter->handleRequest(NULL, Object(Config\Cache), false)
#9 C:\xampp\htdocs\valoradorG2\valorador\public\index.php(79): CodeIgniter\CodeIgniter->run()
#10 {main}
CRITICAL - 2025-02-17 13:47:06 --> CodeIgniter\Database\Exceptions\DatabaseException: You have an error in your SQL syntax; check the manual that corresponds to your MariaDB server version for the right syntax to use near ')' at line 3
in SYSTEMPATH\Database\BaseConnection.php on line 647.
 1 SYSTEMPATH\Database\BaseBuilder.php(1616): CodeIgniter\Database\BaseConnection->query('SELECT *
FROM `valoracion`
WHERE `id_materia_valoracion` = :id_materia_valoracion:', [...], false)
 2 APPPATH\Models\ValidacionModel.php(97): CodeIgniter\Database\BaseBuilder->get()
 3 APPPATH\Controllers\PersonController.php(734): App\Models\ValidacionModel->getValidacionesPorMateria([])
 4 SYSTEMPATH\CodeIgniter.php(941): App\Controllers\PersonController->Mostrar_Valoraciones_Por_Materia3()
 5 SYSTEMPATH\CodeIgniter.php(502): CodeIgniter\CodeIgniter->runController(Object(App\Controllers\PersonController))
 6 SYSTEMPATH\CodeIgniter.php(361): CodeIgniter\CodeIgniter->handleRequest(null, Object(Config\Cache), false)
 7 FCPATH\index.php(79): CodeIgniter\CodeIgniter->run()
CRITICAL - 2025-02-17 13:47:06 --> [Caused by] CodeIgniter\Database\Exceptions\DatabaseException: You have an error in your SQL syntax; check the manual that corresponds to your MariaDB server version for the right syntax to use near ')' at line 3
in SYSTEMPATH\Database\MySQLi\Connection.php on line 311.
 1 SYSTEMPATH\Database\BaseConnection.php(693): CodeIgniter\Database\MySQLi\Connection->execute('SELECT *
FROM `valoracion`
WHERE `id_materia_valoracion` = ()')
 2 SYSTEMPATH\Database\BaseConnection.php(607): CodeIgniter\Database\BaseConnection->simpleQuery('SELECT *
FROM `valoracion`
WHERE `id_materia_valoracion` = ()')
 3 SYSTEMPATH\Database\BaseBuilder.php(1616): CodeIgniter\Database\BaseConnection->query('SELECT *
FROM `valoracion`
WHERE `id_materia_valoracion` = :id_materia_valoracion:', [...], false)
 4 APPPATH\Models\ValidacionModel.php(97): CodeIgniter\Database\BaseBuilder->get()
 5 APPPATH\Controllers\PersonController.php(734): App\Models\ValidacionModel->getValidacionesPorMateria([])
 6 SYSTEMPATH\CodeIgniter.php(941): App\Controllers\PersonController->Mostrar_Valoraciones_Por_Materia3()
 7 SYSTEMPATH\CodeIgniter.php(502): CodeIgniter\CodeIgniter->runController(Object(App\Controllers\PersonController))
 8 SYSTEMPATH\CodeIgniter.php(361): CodeIgniter\CodeIgniter->handleRequest(null, Object(Config\Cache), false)
 9 FCPATH\index.php(79): CodeIgniter\CodeIgniter->run()
CRITICAL - 2025-02-17 13:47:06 --> [Caused by] mysqli_sql_exception: You have an error in your SQL syntax; check the manual that corresponds to your MariaDB server version for the right syntax to use near ')' at line 3
in SYSTEMPATH\Database\MySQLi\Connection.php on line 306.
 1 SYSTEMPATH\Database\MySQLi\Connection.php(306): mysqli->query('SELECT *
FROM `valoracion`
WHERE `id_materia_valoracion` = ()', 0)
 2 SYSTEMPATH\Database\BaseConnection.php(693): CodeIgniter\Database\MySQLi\Connection->execute('SELECT *
FROM `valoracion`
WHERE `id_materia_valoracion` = ()')
 3 SYSTEMPATH\Database\BaseConnection.php(607): CodeIgniter\Database\BaseConnection->simpleQuery('SELECT *
FROM `valoracion`
WHERE `id_materia_valoracion` = ()')
 4 SYSTEMPATH\Database\BaseBuilder.php(1616): CodeIgniter\Database\BaseConnection->query('SELECT *
FROM `valoracion`
WHERE `id_materia_valoracion` = :id_materia_valoracion:', [...], false)
 5 APPPATH\Models\ValidacionModel.php(97): CodeIgniter\Database\BaseBuilder->get()
 6 APPPATH\Controllers\PersonController.php(734): App\Models\ValidacionModel->getValidacionesPorMateria([])
 7 SYSTEMPATH\CodeIgniter.php(941): App\Controllers\PersonController->Mostrar_Valoraciones_Por_Materia3()
 8 SYSTEMPATH\CodeIgniter.php(502): CodeIgniter\CodeIgniter->runController(Object(App\Controllers\PersonController))
 9 SYSTEMPATH\CodeIgniter.php(361): CodeIgniter\CodeIgniter->handleRequest(null, Object(Config\Cache), false)
10 FCPATH\index.php(79): CodeIgniter\CodeIgniter->run()
INFO - 2025-02-17 13:47:30 --> Session: Class initialized using 'CodeIgniter\Session\Handlers\FileHandler' driver.
ERROR - 2025-02-17 13:47:32 --> mysqli_sql_exception: You have an error in your SQL syntax; check the manual that corresponds to your MariaDB server version for the right syntax to use near ')' at line 3 in C:\xampp\htdocs\valoradorG2\valorador\system\Database\MySQLi\Connection.php:306
Stack trace:
#0 C:\xampp\htdocs\valoradorG2\valorador\system\Database\MySQLi\Connection.php(306): mysqli->query('SELECT *\nFROM `...', 0)
#1 C:\xampp\htdocs\valoradorG2\valorador\system\Database\BaseConnection.php(693): CodeIgniter\Database\MySQLi\Connection->execute('SELECT *\nFROM `...')
#2 C:\xampp\htdocs\valoradorG2\valorador\system\Database\BaseConnection.php(607): CodeIgniter\Database\BaseConnection->simpleQuery('SELECT *\nFROM `...')
#3 C:\xampp\htdocs\valoradorG2\valorador\system\Database\BaseBuilder.php(1616): CodeIgniter\Database\BaseConnection->query('SELECT *\nFROM `...', Array, false)
#4 C:\xampp\htdocs\valoradorG2\valorador\app\Models\ValidacionModel.php(97): CodeIgniter\Database\BaseBuilder->get()
#5 C:\xampp\htdocs\valoradorG2\valorador\app\Controllers\PersonController.php(734): App\Models\ValidacionModel->getValidacionesPorMateria(Array)
#6 C:\xampp\htdocs\valoradorG2\valorador\system\CodeIgniter.php(941): App\Controllers\PersonController->Mostrar_Valoraciones_Por_Materia3()
#7 C:\xampp\htdocs\valoradorG2\valorador\system\CodeIgniter.php(502): CodeIgniter\CodeIgniter->runController(Object(App\Controllers\PersonController))
#8 C:\xampp\htdocs\valoradorG2\valorador\system\CodeIgniter.php(361): CodeIgniter\CodeIgniter->handleRequest(NULL, Object(Config\Cache), false)
#9 C:\xampp\htdocs\valoradorG2\valorador\public\index.php(79): CodeIgniter\CodeIgniter->run()
#10 {main}
CRITICAL - 2025-02-17 13:47:32 --> CodeIgniter\Database\Exceptions\DatabaseException: You have an error in your SQL syntax; check the manual that corresponds to your MariaDB server version for the right syntax to use near ')' at line 3
in SYSTEMPATH\Database\BaseConnection.php on line 647.
 1 SYSTEMPATH\Database\BaseBuilder.php(1616): CodeIgniter\Database\BaseConnection->query('SELECT *
FROM `valoracion`
WHERE `id_materia_valoracion` = :id_materia_valoracion:', [...], false)
 2 APPPATH\Models\ValidacionModel.php(97): CodeIgniter\Database\BaseBuilder->get()
 3 APPPATH\Controllers\PersonController.php(734): App\Models\ValidacionModel->getValidacionesPorMateria([])
 4 SYSTEMPATH\CodeIgniter.php(941): App\Controllers\PersonController->Mostrar_Valoraciones_Por_Materia3()
 5 SYSTEMPATH\CodeIgniter.php(502): CodeIgniter\CodeIgniter->runController(Object(App\Controllers\PersonController))
 6 SYSTEMPATH\CodeIgniter.php(361): CodeIgniter\CodeIgniter->handleRequest(null, Object(Config\Cache), false)
 7 FCPATH\index.php(79): CodeIgniter\CodeIgniter->run()
CRITICAL - 2025-02-17 13:47:32 --> [Caused by] CodeIgniter\Database\Exceptions\DatabaseException: You have an error in your SQL syntax; check the manual that corresponds to your MariaDB server version for the right syntax to use near ')' at line 3
in SYSTEMPATH\Database\MySQLi\Connection.php on line 311.
 1 SYSTEMPATH\Database\BaseConnection.php(693): CodeIgniter\Database\MySQLi\Connection->execute('SELECT *
FROM `valoracion`
WHERE `id_materia_valoracion` = ()')
 2 SYSTEMPATH\Database\BaseConnection.php(607): CodeIgniter\Database\BaseConnection->simpleQuery('SELECT *
FROM `valoracion`
WHERE `id_materia_valoracion` = ()')
 3 SYSTEMPATH\Database\BaseBuilder.php(1616): CodeIgniter\Database\BaseConnection->query('SELECT *
FROM `valoracion`
WHERE `id_materia_valoracion` = :id_materia_valoracion:', [...], false)
 4 APPPATH\Models\ValidacionModel.php(97): CodeIgniter\Database\BaseBuilder->get()
 5 APPPATH\Controllers\PersonController.php(734): App\Models\ValidacionModel->getValidacionesPorMateria([])
 6 SYSTEMPATH\CodeIgniter.php(941): App\Controllers\PersonController->Mostrar_Valoraciones_Por_Materia3()
 7 SYSTEMPATH\CodeIgniter.php(502): CodeIgniter\CodeIgniter->runController(Object(App\Controllers\PersonController))
 8 SYSTEMPATH\CodeIgniter.php(361): CodeIgniter\CodeIgniter->handleRequest(null, Object(Config\Cache), false)
 9 FCPATH\index.php(79): CodeIgniter\CodeIgniter->run()
CRITICAL - 2025-02-17 13:47:32 --> [Caused by] mysqli_sql_exception: You have an error in your SQL syntax; check the manual that corresponds to your MariaDB server version for the right syntax to use near ')' at line 3
in SYSTEMPATH\Database\MySQLi\Connection.php on line 306.
 1 SYSTEMPATH\Database\MySQLi\Connection.php(306): mysqli->query('SELECT *
FROM `valoracion`
WHERE `id_materia_valoracion` = ()', 0)
 2 SYSTEMPATH\Database\BaseConnection.php(693): CodeIgniter\Database\MySQLi\Connection->execute('SELECT *
FROM `valoracion`
WHERE `id_materia_valoracion` = ()')
 3 SYSTEMPATH\Database\BaseConnection.php(607): CodeIgniter\Database\BaseConnection->simpleQuery('SELECT *
FROM `valoracion`
WHERE `id_materia_valoracion` = ()')
 4 SYSTEMPATH\Database\BaseBuilder.php(1616): CodeIgniter\Database\BaseConnection->query('SELECT *
FROM `valoracion`
WHERE `id_materia_valoracion` = :id_materia_valoracion:', [...], false)
 5 APPPATH\Models\ValidacionModel.php(97): CodeIgniter\Database\BaseBuilder->get()
 6 APPPATH\Controllers\PersonController.php(734): App\Models\ValidacionModel->getValidacionesPorMateria([])
 7 SYSTEMPATH\CodeIgniter.php(941): App\Controllers\PersonController->Mostrar_Valoraciones_Por_Materia3()
 8 SYSTEMPATH\CodeIgniter.php(502): CodeIgniter\CodeIgniter->runController(Object(App\Controllers\PersonController))
 9 SYSTEMPATH\CodeIgniter.php(361): CodeIgniter\CodeIgniter->handleRequest(null, Object(Config\Cache), false)
10 FCPATH\index.php(79): CodeIgniter\CodeIgniter->run()
INFO - 2025-02-17 13:54:57 --> Session: Class initialized using 'CodeIgniter\Session\Handlers\FileHandler' driver.
INFO - 2025-02-17 13:55:10 --> Session: Class initialized using 'CodeIgniter\Session\Handlers\FileHandler' driver.
ERROR - 2025-02-17 13:55:11 --> mysqli_sql_exception: You have an error in your SQL syntax; check the manual that corresponds to your MariaDB server version for the right syntax to use near ')' at line 3 in C:\xampp\htdocs\valoradorG2\valorador\system\Database\MySQLi\Connection.php:306
Stack trace:
#0 C:\xampp\htdocs\valoradorG2\valorador\system\Database\MySQLi\Connection.php(306): mysqli->query('SELECT *\nFROM `...', 0)
#1 C:\xampp\htdocs\valoradorG2\valorador\system\Database\BaseConnection.php(693): CodeIgniter\Database\MySQLi\Connection->execute('SELECT *\nFROM `...')
#2 C:\xampp\htdocs\valoradorG2\valorador\system\Database\BaseConnection.php(607): CodeIgniter\Database\BaseConnection->simpleQuery('SELECT *\nFROM `...')
#3 C:\xampp\htdocs\valoradorG2\valorador\system\Database\BaseBuilder.php(1616): CodeIgniter\Database\BaseConnection->query('SELECT *\nFROM `...', Array, false)
#4 C:\xampp\htdocs\valoradorG2\valorador\app\Models\ValidacionModel.php(97): CodeIgniter\Database\BaseBuilder->get()
#5 C:\xampp\htdocs\valoradorG2\valorador\app\Controllers\PersonController.php(734): App\Models\ValidacionModel->getValidacionesPorMateria(Array)
#6 C:\xampp\htdocs\valoradorG2\valorador\system\CodeIgniter.php(941): App\Controllers\PersonController->Mostrar_Valoraciones_Por_Materia3()
#7 C:\xampp\htdocs\valoradorG2\valorador\system\CodeIgniter.php(502): CodeIgniter\CodeIgniter->runController(Object(App\Controllers\PersonController))
#8 C:\xampp\htdocs\valoradorG2\valorador\system\CodeIgniter.php(361): CodeIgniter\CodeIgniter->handleRequest(NULL, Object(Config\Cache), false)
#9 C:\xampp\htdocs\valoradorG2\valorador\public\index.php(79): CodeIgniter\CodeIgniter->run()
#10 {main}
CRITICAL - 2025-02-17 13:55:11 --> CodeIgniter\Database\Exceptions\DatabaseException: You have an error in your SQL syntax; check the manual that corresponds to your MariaDB server version for the right syntax to use near ')' at line 3
in SYSTEMPATH\Database\BaseConnection.php on line 647.
 1 SYSTEMPATH\Database\BaseBuilder.php(1616): CodeIgniter\Database\BaseConnection->query('SELECT *
FROM `valoracion`
WHERE `id_materia_valoracion` = :id_materia_valoracion:', [...], false)
 2 APPPATH\Models\ValidacionModel.php(97): CodeIgniter\Database\BaseBuilder->get()
 3 APPPATH\Controllers\PersonController.php(734): App\Models\ValidacionModel->getValidacionesPorMateria([])
 4 SYSTEMPATH\CodeIgniter.php(941): App\Controllers\PersonController->Mostrar_Valoraciones_Por_Materia3()
 5 SYSTEMPATH\CodeIgniter.php(502): CodeIgniter\CodeIgniter->runController(Object(App\Controllers\PersonController))
 6 SYSTEMPATH\CodeIgniter.php(361): CodeIgniter\CodeIgniter->handleRequest(null, Object(Config\Cache), false)
 7 FCPATH\index.php(79): CodeIgniter\CodeIgniter->run()
CRITICAL - 2025-02-17 13:55:11 --> [Caused by] CodeIgniter\Database\Exceptions\DatabaseException: You have an error in your SQL syntax; check the manual that corresponds to your MariaDB server version for the right syntax to use near ')' at line 3
in SYSTEMPATH\Database\MySQLi\Connection.php on line 311.
 1 SYSTEMPATH\Database\BaseConnection.php(693): CodeIgniter\Database\MySQLi\Connection->execute('SELECT *
FROM `valoracion`
WHERE `id_materia_valoracion` = ()')
 2 SYSTEMPATH\Database\BaseConnection.php(607): CodeIgniter\Database\BaseConnection->simpleQuery('SELECT *
FROM `valoracion`
WHERE `id_materia_valoracion` = ()')
 3 SYSTEMPATH\Database\BaseBuilder.php(1616): CodeIgniter\Database\BaseConnection->query('SELECT *
FROM `valoracion`
WHERE `id_materia_valoracion` = :id_materia_valoracion:', [...], false)
 4 APPPATH\Models\ValidacionModel.php(97): CodeIgniter\Database\BaseBuilder->get()
 5 APPPATH\Controllers\PersonController.php(734): App\Models\ValidacionModel->getValidacionesPorMateria([])
 6 SYSTEMPATH\CodeIgniter.php(941): App\Controllers\PersonController->Mostrar_Valoraciones_Por_Materia3()
 7 SYSTEMPATH\CodeIgniter.php(502): CodeIgniter\CodeIgniter->runController(Object(App\Controllers\PersonController))
 8 SYSTEMPATH\CodeIgniter.php(361): CodeIgniter\CodeIgniter->handleRequest(null, Object(Config\Cache), false)
 9 FCPATH\index.php(79): CodeIgniter\CodeIgniter->run()
CRITICAL - 2025-02-17 13:55:11 --> [Caused by] mysqli_sql_exception: You have an error in your SQL syntax; check the manual that corresponds to your MariaDB server version for the right syntax to use near ')' at line 3
in SYSTEMPATH\Database\MySQLi\Connection.php on line 306.
 1 SYSTEMPATH\Database\MySQLi\Connection.php(306): mysqli->query('SELECT *
FROM `valoracion`
WHERE `id_materia_valoracion` = ()', 0)
 2 SYSTEMPATH\Database\BaseConnection.php(693): CodeIgniter\Database\MySQLi\Connection->execute('SELECT *
FROM `valoracion`
WHERE `id_materia_valoracion` = ()')
 3 SYSTEMPATH\Database\BaseConnection.php(607): CodeIgniter\Database\BaseConnection->simpleQuery('SELECT *
FROM `valoracion`
WHERE `id_materia_valoracion` = ()')
 4 SYSTEMPATH\Database\BaseBuilder.php(1616): CodeIgniter\Database\BaseConnection->query('SELECT *
FROM `valoracion`
WHERE `id_materia_valoracion` = :id_materia_valoracion:', [...], false)
 5 APPPATH\Models\ValidacionModel.php(97): CodeIgniter\Database\BaseBuilder->get()
 6 APPPATH\Controllers\PersonController.php(734): App\Models\ValidacionModel->getValidacionesPorMateria([])
 7 SYSTEMPATH\CodeIgniter.php(941): App\Controllers\PersonController->Mostrar_Valoraciones_Por_Materia3()
 8 SYSTEMPATH\CodeIgniter.php(502): CodeIgniter\CodeIgniter->runController(Object(App\Controllers\PersonController))
 9 SYSTEMPATH\CodeIgniter.php(361): CodeIgniter\CodeIgniter->handleRequest(null, Object(Config\Cache), false)
10 FCPATH\index.php(79): CodeIgniter\CodeIgniter->run()
INFO - 2025-02-17 13:59:23 --> Session: Class initialized using 'CodeIgniter\Session\Handlers\FileHandler' driver.
INFO - 2025-02-17 13:59:26 --> Session: Class initialized using 'CodeIgniter\Session\Handlers\FileHandler' driver.
INFO - 2025-02-17 13:59:29 --> Session: Class initialized using 'CodeIgniter\Session\Handlers\FileHandler' driver.
INFO - 2025-02-17 13:59:35 --> Session: Class initialized using 'CodeIgniter\Session\Handlers\FileHandler' driver.
ERROR - 2025-02-17 13:59:36 --> mysqli_sql_exception: You have an error in your SQL syntax; check the manual that corresponds to your MariaDB server version for the right syntax to use near ')' at line 3 in C:\xampp\htdocs\valoradorG2\valorador\system\Database\MySQLi\Connection.php:306
Stack trace:
#0 C:\xampp\htdocs\valoradorG2\valorador\system\Database\MySQLi\Connection.php(306): mysqli->query('SELECT *\nFROM `...', 0)
#1 C:\xampp\htdocs\valoradorG2\valorador\system\Database\BaseConnection.php(693): CodeIgniter\Database\MySQLi\Connection->execute('SELECT *\nFROM `...')
#2 C:\xampp\htdocs\valoradorG2\valorador\system\Database\BaseConnection.php(607): CodeIgniter\Database\BaseConnection->simpleQuery('SELECT *\nFROM `...')
#3 C:\xampp\htdocs\valoradorG2\valorador\system\Database\BaseBuilder.php(1616): CodeIgniter\Database\BaseConnection->query('SELECT *\nFROM `...', Array, false)
#4 C:\xampp\htdocs\valoradorG2\valorador\app\Models\ValidacionModel.php(97): CodeIgniter\Database\BaseBuilder->get()
#5 C:\xampp\htdocs\valoradorG2\valorador\app\Controllers\PersonController.php(734): App\Models\ValidacionModel->getValidacionesPorMateria(Array)
#6 C:\xampp\htdocs\valoradorG2\valorador\system\CodeIgniter.php(941): App\Controllers\PersonController->Mostrar_Valoraciones_Por_Materia3()
#7 C:\xampp\htdocs\valoradorG2\valorador\system\CodeIgniter.php(502): CodeIgniter\CodeIgniter->runController(Object(App\Controllers\PersonController))
#8 C:\xampp\htdocs\valoradorG2\valorador\system\CodeIgniter.php(361): CodeIgniter\CodeIgniter->handleRequest(NULL, Object(Config\Cache), false)
#9 C:\xampp\htdocs\valoradorG2\valorador\public\index.php(79): CodeIgniter\CodeIgniter->run()
#10 {main}
CRITICAL - 2025-02-17 13:59:36 --> CodeIgniter\Database\Exceptions\DatabaseException: You have an error in your SQL syntax; check the manual that corresponds to your MariaDB server version for the right syntax to use near ')' at line 3
in SYSTEMPATH\Database\BaseConnection.php on line 647.
 1 SYSTEMPATH\Database\BaseBuilder.php(1616): CodeIgniter\Database\BaseConnection->query('SELECT *
FROM `valoracion`
WHERE `id_materia_valoracion` = :id_materia_valoracion:', [...], false)
 2 APPPATH\Models\ValidacionModel.php(97): CodeIgniter\Database\BaseBuilder->get()
 3 APPPATH\Controllers\PersonController.php(734): App\Models\ValidacionModel->getValidacionesPorMateria([])
 4 SYSTEMPATH\CodeIgniter.php(941): App\Controllers\PersonController->Mostrar_Valoraciones_Por_Materia3()
 5 SYSTEMPATH\CodeIgniter.php(502): CodeIgniter\CodeIgniter->runController(Object(App\Controllers\PersonController))
 6 SYSTEMPATH\CodeIgniter.php(361): CodeIgniter\CodeIgniter->handleRequest(null, Object(Config\Cache), false)
 7 FCPATH\index.php(79): CodeIgniter\CodeIgniter->run()
CRITICAL - 2025-02-17 13:59:36 --> [Caused by] CodeIgniter\Database\Exceptions\DatabaseException: You have an error in your SQL syntax; check the manual that corresponds to your MariaDB server version for the right syntax to use near ')' at line 3
in SYSTEMPATH\Database\MySQLi\Connection.php on line 311.
 1 SYSTEMPATH\Database\BaseConnection.php(693): CodeIgniter\Database\MySQLi\Connection->execute('SELECT *
FROM `valoracion`
WHERE `id_materia_valoracion` = ()')
 2 SYSTEMPATH\Database\BaseConnection.php(607): CodeIgniter\Database\BaseConnection->simpleQuery('SELECT *
FROM `valoracion`
WHERE `id_materia_valoracion` = ()')
 3 SYSTEMPATH\Database\BaseBuilder.php(1616): CodeIgniter\Database\BaseConnection->query('SELECT *
FROM `valoracion`
WHERE `id_materia_valoracion` = :id_materia_valoracion:', [...], false)
 4 APPPATH\Models\ValidacionModel.php(97): CodeIgniter\Database\BaseBuilder->get()
 5 APPPATH\Controllers\PersonController.php(734): App\Models\ValidacionModel->getValidacionesPorMateria([])
 6 SYSTEMPATH\CodeIgniter.php(941): App\Controllers\PersonController->Mostrar_Valoraciones_Por_Materia3()
 7 SYSTEMPATH\CodeIgniter.php(502): CodeIgniter\CodeIgniter->runController(Object(App\Controllers\PersonController))
 8 SYSTEMPATH\CodeIgniter.php(361): CodeIgniter\CodeIgniter->handleRequest(null, Object(Config\Cache), false)
 9 FCPATH\index.php(79): CodeIgniter\CodeIgniter->run()
CRITICAL - 2025-02-17 13:59:36 --> [Caused by] mysqli_sql_exception: You have an error in your SQL syntax; check the manual that corresponds to your MariaDB server version for the right syntax to use near ')' at line 3
in SYSTEMPATH\Database\MySQLi\Connection.php on line 306.
 1 SYSTEMPATH\Database\MySQLi\Connection.php(306): mysqli->query('SELECT *
FROM `valoracion`
WHERE `id_materia_valoracion` = ()', 0)
 2 SYSTEMPATH\Database\BaseConnection.php(693): CodeIgniter\Database\MySQLi\Connection->execute('SELECT *
FROM `valoracion`
WHERE `id_materia_valoracion` = ()')
 3 SYSTEMPATH\Database\BaseConnection.php(607): CodeIgniter\Database\BaseConnection->simpleQuery('SELECT *
FROM `valoracion`
WHERE `id_materia_valoracion` = ()')
 4 SYSTEMPATH\Database\BaseBuilder.php(1616): CodeIgniter\Database\BaseConnection->query('SELECT *
FROM `valoracion`
WHERE `id_materia_valoracion` = :id_materia_valoracion:', [...], false)
 5 APPPATH\Models\ValidacionModel.php(97): CodeIgniter\Database\BaseBuilder->get()
 6 APPPATH\Controllers\PersonController.php(734): App\Models\ValidacionModel->getValidacionesPorMateria([])
 7 SYSTEMPATH\CodeIgniter.php(941): App\Controllers\PersonController->Mostrar_Valoraciones_Por_Materia3()
 8 SYSTEMPATH\CodeIgniter.php(502): CodeIgniter\CodeIgniter->runController(Object(App\Controllers\PersonController))
 9 SYSTEMPATH\CodeIgniter.php(361): CodeIgniter\CodeIgniter->handleRequest(null, Object(Config\Cache), false)
10 FCPATH\index.php(79): CodeIgniter\CodeIgniter->run()
INFO - 2025-02-17 13:59:56 --> Session: Class initialized using 'CodeIgniter\Session\Handlers\FileHandler' driver.
INFO - 2025-02-17 14:03:35 --> Session: Class initialized using 'CodeIgniter\Session\Handlers\FileHandler' driver.
INFO - 2025-02-17 14:06:58 --> Session: Class initialized using 'CodeIgniter\Session\Handlers\FileHandler' driver.
INFO - 2025-02-17 14:07:00 --> Session: Class initialized using 'CodeIgniter\Session\Handlers\FileHandler' driver.
ERROR - 2025-02-17 14:07:01 --> mysqli_sql_exception: You have an error in your SQL syntax; check the manual that corresponds to your MariaDB server version for the right syntax to use near ')' at line 3 in C:\xampp\htdocs\valoradorG2\valorador\system\Database\MySQLi\Connection.php:306
Stack trace:
#0 C:\xampp\htdocs\valoradorG2\valorador\system\Database\MySQLi\Connection.php(306): mysqli->query('SELECT *\nFROM `...', 0)
#1 C:\xampp\htdocs\valoradorG2\valorador\system\Database\BaseConnection.php(693): CodeIgniter\Database\MySQLi\Connection->execute('SELECT *\nFROM `...')
#2 C:\xampp\htdocs\valoradorG2\valorador\system\Database\BaseConnection.php(607): CodeIgniter\Database\BaseConnection->simpleQuery('SELECT *\nFROM `...')
#3 C:\xampp\htdocs\valoradorG2\valorador\system\Database\BaseBuilder.php(1616): CodeIgniter\Database\BaseConnection->query('SELECT *\nFROM `...', Array, false)
#4 C:\xampp\htdocs\valoradorG2\valorador\app\Models\ValidacionModel.php(97): CodeIgniter\Database\BaseBuilder->get()
#5 C:\xampp\htdocs\valoradorG2\valorador\app\Controllers\PersonController.php(734): App\Models\ValidacionModel->getValidacionesPorMateria(Array)
#6 C:\xampp\htdocs\valoradorG2\valorador\system\CodeIgniter.php(941): App\Controllers\PersonController->Mostrar_Valoraciones_Por_Materia3()
#7 C:\xampp\htdocs\valoradorG2\valorador\system\CodeIgniter.php(502): CodeIgniter\CodeIgniter->runController(Object(App\Controllers\PersonController))
#8 C:\xampp\htdocs\valoradorG2\valorador\system\CodeIgniter.php(361): CodeIgniter\CodeIgniter->handleRequest(NULL, Object(Config\Cache), false)
#9 C:\xampp\htdocs\valoradorG2\valorador\public\index.php(79): CodeIgniter\CodeIgniter->run()
#10 {main}
CRITICAL - 2025-02-17 14:07:01 --> CodeIgniter\Database\Exceptions\DatabaseException: You have an error in your SQL syntax; check the manual that corresponds to your MariaDB server version for the right syntax to use near ')' at line 3
in SYSTEMPATH\Database\BaseConnection.php on line 647.
 1 SYSTEMPATH\Database\BaseBuilder.php(1616): CodeIgniter\Database\BaseConnection->query('SELECT *
FROM `valoracion`
WHERE `id_materia_valoracion` = :id_materia_valoracion:', [...], false)
 2 APPPATH\Models\ValidacionModel.php(97): CodeIgniter\Database\BaseBuilder->get()
 3 APPPATH\Controllers\PersonController.php(734): App\Models\ValidacionModel->getValidacionesPorMateria([])
 4 SYSTEMPATH\CodeIgniter.php(941): App\Controllers\PersonController->Mostrar_Valoraciones_Por_Materia3()
 5 SYSTEMPATH\CodeIgniter.php(502): CodeIgniter\CodeIgniter->runController(Object(App\Controllers\PersonController))
 6 SYSTEMPATH\CodeIgniter.php(361): CodeIgniter\CodeIgniter->handleRequest(null, Object(Config\Cache), false)
 7 FCPATH\index.php(79): CodeIgniter\CodeIgniter->run()
CRITICAL - 2025-02-17 14:07:01 --> [Caused by] CodeIgniter\Database\Exceptions\DatabaseException: You have an error in your SQL syntax; check the manual that corresponds to your MariaDB server version for the right syntax to use near ')' at line 3
in SYSTEMPATH\Database\MySQLi\Connection.php on line 311.
 1 SYSTEMPATH\Database\BaseConnection.php(693): CodeIgniter\Database\MySQLi\Connection->execute('SELECT *
FROM `valoracion`
WHERE `id_materia_valoracion` = ()')
 2 SYSTEMPATH\Database\BaseConnection.php(607): CodeIgniter\Database\BaseConnection->simpleQuery('SELECT *
FROM `valoracion`
WHERE `id_materia_valoracion` = ()')
 3 SYSTEMPATH\Database\BaseBuilder.php(1616): CodeIgniter\Database\BaseConnection->query('SELECT *
FROM `valoracion`
WHERE `id_materia_valoracion` = :id_materia_valoracion:', [...], false)
 4 APPPATH\Models\ValidacionModel.php(97): CodeIgniter\Database\BaseBuilder->get()
 5 APPPATH\Controllers\PersonController.php(734): App\Models\ValidacionModel->getValidacionesPorMateria([])
 6 SYSTEMPATH\CodeIgniter.php(941): App\Controllers\PersonController->Mostrar_Valoraciones_Por_Materia3()
 7 SYSTEMPATH\CodeIgniter.php(502): CodeIgniter\CodeIgniter->runController(Object(App\Controllers\PersonController))
 8 SYSTEMPATH\CodeIgniter.php(361): CodeIgniter\CodeIgniter->handleRequest(null, Object(Config\Cache), false)
 9 FCPATH\index.php(79): CodeIgniter\CodeIgniter->run()
CRITICAL - 2025-02-17 14:07:01 --> [Caused by] mysqli_sql_exception: You have an error in your SQL syntax; check the manual that corresponds to your MariaDB server version for the right syntax to use near ')' at line 3
in SYSTEMPATH\Database\MySQLi\Connection.php on line 306.
 1 SYSTEMPATH\Database\MySQLi\Connection.php(306): mysqli->query('SELECT *
FROM `valoracion`
WHERE `id_materia_valoracion` = ()', 0)
 2 SYSTEMPATH\Database\BaseConnection.php(693): CodeIgniter\Database\MySQLi\Connection->execute('SELECT *
FROM `valoracion`
WHERE `id_materia_valoracion` = ()')
 3 SYSTEMPATH\Database\BaseConnection.php(607): CodeIgniter\Database\BaseConnection->simpleQuery('SELECT *
FROM `valoracion`
WHERE `id_materia_valoracion` = ()')
 4 SYSTEMPATH\Database\BaseBuilder.php(1616): CodeIgniter\Database\BaseConnection->query('SELECT *
FROM `valoracion`
WHERE `id_materia_valoracion` = :id_materia_valoracion:', [...], false)
 5 APPPATH\Models\ValidacionModel.php(97): CodeIgniter\Database\BaseBuilder->get()
 6 APPPATH\Controllers\PersonController.php(734): App\Models\ValidacionModel->getValidacionesPorMateria([])
 7 SYSTEMPATH\CodeIgniter.php(941): App\Controllers\PersonController->Mostrar_Valoraciones_Por_Materia3()
 8 SYSTEMPATH\CodeIgniter.php(502): CodeIgniter\CodeIgniter->runController(Object(App\Controllers\PersonController))
 9 SYSTEMPATH\CodeIgniter.php(361): CodeIgniter\CodeIgniter->handleRequest(null, Object(Config\Cache), false)
10 FCPATH\index.php(79): CodeIgniter\CodeIgniter->run()
INFO - 2025-02-17 14:11:58 --> Session: Class initialized using 'CodeIgniter\Session\Handlers\FileHandler' driver.
INFO - 2025-02-17 14:12:04 --> Session: Class initialized using 'CodeIgniter\Session\Handlers\FileHandler' driver.
INFO - 2025-02-17 14:12:09 --> Session: Class initialized using 'CodeIgniter\Session\Handlers\FileHandler' driver.
ERROR - 2025-02-17 14:12:10 --> mysqli_sql_exception: You have an error in your SQL syntax; check the manual that corresponds to your MariaDB server version for the right syntax to use near ')' at line 3 in C:\xampp\htdocs\valoradorG2\valorador\system\Database\MySQLi\Connection.php:306
Stack trace:
#0 C:\xampp\htdocs\valoradorG2\valorador\system\Database\MySQLi\Connection.php(306): mysqli->query('SELECT *\nFROM `...', 0)
#1 C:\xampp\htdocs\valoradorG2\valorador\system\Database\BaseConnection.php(693): CodeIgniter\Database\MySQLi\Connection->execute('SELECT *\nFROM `...')
#2 C:\xampp\htdocs\valoradorG2\valorador\system\Database\BaseConnection.php(607): CodeIgniter\Database\BaseConnection->simpleQuery('SELECT *\nFROM `...')
#3 C:\xampp\htdocs\valoradorG2\valorador\system\Database\BaseBuilder.php(1616): CodeIgniter\Database\BaseConnection->query('SELECT *\nFROM `...', Array, false)
#4 C:\xampp\htdocs\valoradorG2\valorador\app\Models\ValidacionModel.php(97): CodeIgniter\Database\BaseBuilder->get()
#5 C:\xampp\htdocs\valoradorG2\valorador\app\Controllers\PersonController.php(734): App\Models\ValidacionModel->getValidacionesPorMateria(Array)
#6 C:\xampp\htdocs\valoradorG2\valorador\system\CodeIgniter.php(941): App\Controllers\PersonController->Mostrar_Valoraciones_Por_Materia3()
#7 C:\xampp\htdocs\valoradorG2\valorador\system\CodeIgniter.php(502): CodeIgniter\CodeIgniter->runController(Object(App\Controllers\PersonController))
#8 C:\xampp\htdocs\valoradorG2\valorador\system\CodeIgniter.php(361): CodeIgniter\CodeIgniter->handleRequest(NULL, Object(Config\Cache), false)
#9 C:\xampp\htdocs\valoradorG2\valorador\public\index.php(79): CodeIgniter\CodeIgniter->run()
#10 {main}
CRITICAL - 2025-02-17 14:12:10 --> CodeIgniter\Database\Exceptions\DatabaseException: You have an error in your SQL syntax; check the manual that corresponds to your MariaDB server version for the right syntax to use near ')' at line 3
in SYSTEMPATH\Database\BaseConnection.php on line 647.
 1 SYSTEMPATH\Database\BaseBuilder.php(1616): CodeIgniter\Database\BaseConnection->query('SELECT *
FROM `valoracion`
WHERE `id_materia_valoracion` = :id_materia_valoracion:', [...], false)
 2 APPPATH\Models\ValidacionModel.php(97): CodeIgniter\Database\BaseBuilder->get()
 3 APPPATH\Controllers\PersonController.php(734): App\Models\ValidacionModel->getValidacionesPorMateria([])
 4 SYSTEMPATH\CodeIgniter.php(941): App\Controllers\PersonController->Mostrar_Valoraciones_Por_Materia3()
 5 SYSTEMPATH\CodeIgniter.php(502): CodeIgniter\CodeIgniter->runController(Object(App\Controllers\PersonController))
 6 SYSTEMPATH\CodeIgniter.php(361): CodeIgniter\CodeIgniter->handleRequest(null, Object(Config\Cache), false)
 7 FCPATH\index.php(79): CodeIgniter\CodeIgniter->run()
CRITICAL - 2025-02-17 14:12:10 --> [Caused by] CodeIgniter\Database\Exceptions\DatabaseException: You have an error in your SQL syntax; check the manual that corresponds to your MariaDB server version for the right syntax to use near ')' at line 3
in SYSTEMPATH\Database\MySQLi\Connection.php on line 311.
 1 SYSTEMPATH\Database\BaseConnection.php(693): CodeIgniter\Database\MySQLi\Connection->execute('SELECT *
FROM `valoracion`
WHERE `id_materia_valoracion` = ()')
 2 SYSTEMPATH\Database\BaseConnection.php(607): CodeIgniter\Database\BaseConnection->simpleQuery('SELECT *
FROM `valoracion`
WHERE `id_materia_valoracion` = ()')
 3 SYSTEMPATH\Database\BaseBuilder.php(1616): CodeIgniter\Database\BaseConnection->query('SELECT *
FROM `valoracion`
WHERE `id_materia_valoracion` = :id_materia_valoracion:', [...], false)
 4 APPPATH\Models\ValidacionModel.php(97): CodeIgniter\Database\BaseBuilder->get()
 5 APPPATH\Controllers\PersonController.php(734): App\Models\ValidacionModel->getValidacionesPorMateria([])
 6 SYSTEMPATH\CodeIgniter.php(941): App\Controllers\PersonController->Mostrar_Valoraciones_Por_Materia3()
 7 SYSTEMPATH\CodeIgniter.php(502): CodeIgniter\CodeIgniter->runController(Object(App\Controllers\PersonController))
 8 SYSTEMPATH\CodeIgniter.php(361): CodeIgniter\CodeIgniter->handleRequest(null, Object(Config\Cache), false)
 9 FCPATH\index.php(79): CodeIgniter\CodeIgniter->run()
CRITICAL - 2025-02-17 14:12:10 --> [Caused by] mysqli_sql_exception: You have an error in your SQL syntax; check the manual that corresponds to your MariaDB server version for the right syntax to use near ')' at line 3
in SYSTEMPATH\Database\MySQLi\Connection.php on line 306.
 1 SYSTEMPATH\Database\MySQLi\Connection.php(306): mysqli->query('SELECT *
FROM `valoracion`
WHERE `id_materia_valoracion` = ()', 0)
 2 SYSTEMPATH\Database\BaseConnection.php(693): CodeIgniter\Database\MySQLi\Connection->execute('SELECT *
FROM `valoracion`
WHERE `id_materia_valoracion` = ()')
 3 SYSTEMPATH\Database\BaseConnection.php(607): CodeIgniter\Database\BaseConnection->simpleQuery('SELECT *
FROM `valoracion`
WHERE `id_materia_valoracion` = ()')
 4 SYSTEMPATH\Database\BaseBuilder.php(1616): CodeIgniter\Database\BaseConnection->query('SELECT *
FROM `valoracion`
WHERE `id_materia_valoracion` = :id_materia_valoracion:', [...], false)
 5 APPPATH\Models\ValidacionModel.php(97): CodeIgniter\Database\BaseBuilder->get()
 6 APPPATH\Controllers\PersonController.php(734): App\Models\ValidacionModel->getValidacionesPorMateria([])
 7 SYSTEMPATH\CodeIgniter.php(941): App\Controllers\PersonController->Mostrar_Valoraciones_Por_Materia3()
 8 SYSTEMPATH\CodeIgniter.php(502): CodeIgniter\CodeIgniter->runController(Object(App\Controllers\PersonController))
 9 SYSTEMPATH\CodeIgniter.php(361): CodeIgniter\CodeIgniter->handleRequest(null, Object(Config\Cache), false)
10 FCPATH\index.php(79): CodeIgniter\CodeIgniter->run()
ERROR - 2025-02-17 14:12:33 --> mysqli_sql_exception: You have an error in your SQL syntax; check the manual that corresponds to your MariaDB server version for the right syntax to use near ')' at line 3 in C:\xampp\htdocs\valoradorG2\valorador\system\Database\MySQLi\Connection.php:306
Stack trace:
#0 C:\xampp\htdocs\valoradorG2\valorador\system\Database\MySQLi\Connection.php(306): mysqli->query('SELECT *\nFROM `...', 0)
#1 C:\xampp\htdocs\valoradorG2\valorador\system\Database\BaseConnection.php(693): CodeIgniter\Database\MySQLi\Connection->execute('SELECT *\nFROM `...')
#2 C:\xampp\htdocs\valoradorG2\valorador\system\Database\BaseConnection.php(607): CodeIgniter\Database\BaseConnection->simpleQuery('SELECT *\nFROM `...')
#3 C:\xampp\htdocs\valoradorG2\valorador\system\Database\BaseBuilder.php(1616): CodeIgniter\Database\BaseConnection->query('SELECT *\nFROM `...', Array, false)
#4 C:\xampp\htdocs\valoradorG2\valorador\app\Models\ValidacionModel.php(97): CodeIgniter\Database\BaseBuilder->get()
#5 C:\xampp\htdocs\valoradorG2\valorador\app\Controllers\PersonController.php(734): App\Models\ValidacionModel->getValidacionesPorMateria(Array)
#6 C:\xampp\htdocs\valoradorG2\valorador\system\CodeIgniter.php(941): App\Controllers\PersonController->Mostrar_Valoraciones_Por_Materia3()
#7 C:\xampp\htdocs\valoradorG2\valorador\system\CodeIgniter.php(502): CodeIgniter\CodeIgniter->runController(Object(App\Controllers\PersonController))
#8 C:\xampp\htdocs\valoradorG2\valorador\system\CodeIgniter.php(361): CodeIgniter\CodeIgniter->handleRequest(NULL, Object(Config\Cache), false)
#9 C:\xampp\htdocs\valoradorG2\valorador\public\index.php(79): CodeIgniter\CodeIgniter->run()
#10 {main}
CRITICAL - 2025-02-17 14:12:33 --> CodeIgniter\Database\Exceptions\DatabaseException: You have an error in your SQL syntax; check the manual that corresponds to your MariaDB server version for the right syntax to use near ')' at line 3
in SYSTEMPATH\Database\BaseConnection.php on line 647.
 1 SYSTEMPATH\Database\BaseBuilder.php(1616): CodeIgniter\Database\BaseConnection->query('SELECT *
FROM `valoracion`
WHERE `id_materia_valoracion` = :id_materia_valoracion:', [...], false)
 2 APPPATH\Models\ValidacionModel.php(97): CodeIgniter\Database\BaseBuilder->get()
 3 APPPATH\Controllers\PersonController.php(734): App\Models\ValidacionModel->getValidacionesPorMateria([])
 4 SYSTEMPATH\CodeIgniter.php(941): App\Controllers\PersonController->Mostrar_Valoraciones_Por_Materia3()
 5 SYSTEMPATH\CodeIgniter.php(502): CodeIgniter\CodeIgniter->runController(Object(App\Controllers\PersonController))
 6 SYSTEMPATH\CodeIgniter.php(361): CodeIgniter\CodeIgniter->handleRequest(null, Object(Config\Cache), false)
 7 FCPATH\index.php(79): CodeIgniter\CodeIgniter->run()
CRITICAL - 2025-02-17 14:12:33 --> [Caused by] CodeIgniter\Database\Exceptions\DatabaseException: You have an error in your SQL syntax; check the manual that corresponds to your MariaDB server version for the right syntax to use near ')' at line 3
in SYSTEMPATH\Database\MySQLi\Connection.php on line 311.
 1 SYSTEMPATH\Database\BaseConnection.php(693): CodeIgniter\Database\MySQLi\Connection->execute('SELECT *
FROM `valoracion`
WHERE `id_materia_valoracion` = ()')
 2 SYSTEMPATH\Database\BaseConnection.php(607): CodeIgniter\Database\BaseConnection->simpleQuery('SELECT *
FROM `valoracion`
WHERE `id_materia_valoracion` = ()')
 3 SYSTEMPATH\Database\BaseBuilder.php(1616): CodeIgniter\Database\BaseConnection->query('SELECT *
FROM `valoracion`
WHERE `id_materia_valoracion` = :id_materia_valoracion:', [...], false)
 4 APPPATH\Models\ValidacionModel.php(97): CodeIgniter\Database\BaseBuilder->get()
 5 APPPATH\Controllers\PersonController.php(734): App\Models\ValidacionModel->getValidacionesPorMateria([])
 6 SYSTEMPATH\CodeIgniter.php(941): App\Controllers\PersonController->Mostrar_Valoraciones_Por_Materia3()
 7 SYSTEMPATH\CodeIgniter.php(502): CodeIgniter\CodeIgniter->runController(Object(App\Controllers\PersonController))
 8 SYSTEMPATH\CodeIgniter.php(361): CodeIgniter\CodeIgniter->handleRequest(null, Object(Config\Cache), false)
 9 FCPATH\index.php(79): CodeIgniter\CodeIgniter->run()
CRITICAL - 2025-02-17 14:12:33 --> [Caused by] mysqli_sql_exception: You have an error in your SQL syntax; check the manual that corresponds to your MariaDB server version for the right syntax to use near ')' at line 3
in SYSTEMPATH\Database\MySQLi\Connection.php on line 306.
 1 SYSTEMPATH\Database\MySQLi\Connection.php(306): mysqli->query('SELECT *
FROM `valoracion`
WHERE `id_materia_valoracion` = ()', 0)
 2 SYSTEMPATH\Database\BaseConnection.php(693): CodeIgniter\Database\MySQLi\Connection->execute('SELECT *
FROM `valoracion`
WHERE `id_materia_valoracion` = ()')
 3 SYSTEMPATH\Database\BaseConnection.php(607): CodeIgniter\Database\BaseConnection->simpleQuery('SELECT *
FROM `valoracion`
WHERE `id_materia_valoracion` = ()')
 4 SYSTEMPATH\Database\BaseBuilder.php(1616): CodeIgniter\Database\BaseConnection->query('SELECT *
FROM `valoracion`
WHERE `id_materia_valoracion` = :id_materia_valoracion:', [...], false)
 5 APPPATH\Models\ValidacionModel.php(97): CodeIgniter\Database\BaseBuilder->get()
 6 APPPATH\Controllers\PersonController.php(734): App\Models\ValidacionModel->getValidacionesPorMateria([])
 7 SYSTEMPATH\CodeIgniter.php(941): App\Controllers\PersonController->Mostrar_Valoraciones_Por_Materia3()
 8 SYSTEMPATH\CodeIgniter.php(502): CodeIgniter\CodeIgniter->runController(Object(App\Controllers\PersonController))
 9 SYSTEMPATH\CodeIgniter.php(361): CodeIgniter\CodeIgniter->handleRequest(null, Object(Config\Cache), false)
10 FCPATH\index.php(79): CodeIgniter\CodeIgniter->run()
INFO - 2025-02-17 14:12:35 --> Session: Class initialized using 'CodeIgniter\Session\Handlers\FileHandler' driver.
ERROR - 2025-02-17 14:12:37 --> mysqli_sql_exception: You have an error in your SQL syntax; check the manual that corresponds to your MariaDB server version for the right syntax to use near ')' at line 3 in C:\xampp\htdocs\valoradorG2\valorador\system\Database\MySQLi\Connection.php:306
Stack trace:
#0 C:\xampp\htdocs\valoradorG2\valorador\system\Database\MySQLi\Connection.php(306): mysqli->query('SELECT *\nFROM `...', 0)
#1 C:\xampp\htdocs\valoradorG2\valorador\system\Database\BaseConnection.php(693): CodeIgniter\Database\MySQLi\Connection->execute('SELECT *\nFROM `...')
#2 C:\xampp\htdocs\valoradorG2\valorador\system\Database\BaseConnection.php(607): CodeIgniter\Database\BaseConnection->simpleQuery('SELECT *\nFROM `...')
#3 C:\xampp\htdocs\valoradorG2\valorador\system\Database\BaseBuilder.php(1616): CodeIgniter\Database\BaseConnection->query('SELECT *\nFROM `...', Array, false)
#4 C:\xampp\htdocs\valoradorG2\valorador\app\Models\ValidacionModel.php(97): CodeIgniter\Database\BaseBuilder->get()
#5 C:\xampp\htdocs\valoradorG2\valorador\app\Controllers\PersonController.php(734): App\Models\ValidacionModel->getValidacionesPorMateria(Array)
#6 C:\xampp\htdocs\valoradorG2\valorador\system\CodeIgniter.php(941): App\Controllers\PersonController->Mostrar_Valoraciones_Por_Materia3()
#7 C:\xampp\htdocs\valoradorG2\valorador\system\CodeIgniter.php(502): CodeIgniter\CodeIgniter->runController(Object(App\Controllers\PersonController))
#8 C:\xampp\htdocs\valoradorG2\valorador\system\CodeIgniter.php(361): CodeIgniter\CodeIgniter->handleRequest(NULL, Object(Config\Cache), false)
#9 C:\xampp\htdocs\valoradorG2\valorador\public\index.php(79): CodeIgniter\CodeIgniter->run()
#10 {main}
CRITICAL - 2025-02-17 14:12:37 --> CodeIgniter\Database\Exceptions\DatabaseException: You have an error in your SQL syntax; check the manual that corresponds to your MariaDB server version for the right syntax to use near ')' at line 3
in SYSTEMPATH\Database\BaseConnection.php on line 647.
 1 SYSTEMPATH\Database\BaseBuilder.php(1616): CodeIgniter\Database\BaseConnection->query('SELECT *
FROM `valoracion`
WHERE `id_materia_valoracion` = :id_materia_valoracion:', [...], false)
 2 APPPATH\Models\ValidacionModel.php(97): CodeIgniter\Database\BaseBuilder->get()
 3 APPPATH\Controllers\PersonController.php(734): App\Models\ValidacionModel->getValidacionesPorMateria([])
 4 SYSTEMPATH\CodeIgniter.php(941): App\Controllers\PersonController->Mostrar_Valoraciones_Por_Materia3()
 5 SYSTEMPATH\CodeIgniter.php(502): CodeIgniter\CodeIgniter->runController(Object(App\Controllers\PersonController))
 6 SYSTEMPATH\CodeIgniter.php(361): CodeIgniter\CodeIgniter->handleRequest(null, Object(Config\Cache), false)
 7 FCPATH\index.php(79): CodeIgniter\CodeIgniter->run()
CRITICAL - 2025-02-17 14:12:37 --> [Caused by] CodeIgniter\Database\Exceptions\DatabaseException: You have an error in your SQL syntax; check the manual that corresponds to your MariaDB server version for the right syntax to use near ')' at line 3
in SYSTEMPATH\Database\MySQLi\Connection.php on line 311.
 1 SYSTEMPATH\Database\BaseConnection.php(693): CodeIgniter\Database\MySQLi\Connection->execute('SELECT *
FROM `valoracion`
WHERE `id_materia_valoracion` = ()')
 2 SYSTEMPATH\Database\BaseConnection.php(607): CodeIgniter\Database\BaseConnection->simpleQuery('SELECT *
FROM `valoracion`
WHERE `id_materia_valoracion` = ()')
 3 SYSTEMPATH\Database\BaseBuilder.php(1616): CodeIgniter\Database\BaseConnection->query('SELECT *
FROM `valoracion`
WHERE `id_materia_valoracion` = :id_materia_valoracion:', [...], false)
 4 APPPATH\Models\ValidacionModel.php(97): CodeIgniter\Database\BaseBuilder->get()
 5 APPPATH\Controllers\PersonController.php(734): App\Models\ValidacionModel->getValidacionesPorMateria([])
 6 SYSTEMPATH\CodeIgniter.php(941): App\Controllers\PersonController->Mostrar_Valoraciones_Por_Materia3()
 7 SYSTEMPATH\CodeIgniter.php(502): CodeIgniter\CodeIgniter->runController(Object(App\Controllers\PersonController))
 8 SYSTEMPATH\CodeIgniter.php(361): CodeIgniter\CodeIgniter->handleRequest(null, Object(Config\Cache), false)
 9 FCPATH\index.php(79): CodeIgniter\CodeIgniter->run()
CRITICAL - 2025-02-17 14:12:37 --> [Caused by] mysqli_sql_exception: You have an error in your SQL syntax; check the manual that corresponds to your MariaDB server version for the right syntax to use near ')' at line 3
in SYSTEMPATH\Database\MySQLi\Connection.php on line 306.
 1 SYSTEMPATH\Database\MySQLi\Connection.php(306): mysqli->query('SELECT *
FROM `valoracion`
WHERE `id_materia_valoracion` = ()', 0)
 2 SYSTEMPATH\Database\BaseConnection.php(693): CodeIgniter\Database\MySQLi\Connection->execute('SELECT *
FROM `valoracion`
WHERE `id_materia_valoracion` = ()')
 3 SYSTEMPATH\Database\BaseConnection.php(607): CodeIgniter\Database\BaseConnection->simpleQuery('SELECT *
FROM `valoracion`
WHERE `id_materia_valoracion` = ()')
 4 SYSTEMPATH\Database\BaseBuilder.php(1616): CodeIgniter\Database\BaseConnection->query('SELECT *
FROM `valoracion`
WHERE `id_materia_valoracion` = :id_materia_valoracion:', [...], false)
 5 APPPATH\Models\ValidacionModel.php(97): CodeIgniter\Database\BaseBuilder->get()
 6 APPPATH\Controllers\PersonController.php(734): App\Models\ValidacionModel->getValidacionesPorMateria([])
 7 SYSTEMPATH\CodeIgniter.php(941): App\Controllers\PersonController->Mostrar_Valoraciones_Por_Materia3()
 8 SYSTEMPATH\CodeIgniter.php(502): CodeIgniter\CodeIgniter->runController(Object(App\Controllers\PersonController))
 9 SYSTEMPATH\CodeIgniter.php(361): CodeIgniter\CodeIgniter->handleRequest(null, Object(Config\Cache), false)
10 FCPATH\index.php(79): CodeIgniter\CodeIgniter->run()
INFO - 2025-02-17 14:13:59 --> Session: Class initialized using 'CodeIgniter\Session\Handlers\FileHandler' driver.
ERROR - 2025-02-17 14:14:06 --> mysqli_sql_exception: You have an error in your SQL syntax; check the manual that corresponds to your MariaDB server version for the right syntax to use near ')' at line 3 in C:\xampp\htdocs\valoradorG2\valorador\system\Database\MySQLi\Connection.php:306
Stack trace:
#0 C:\xampp\htdocs\valoradorG2\valorador\system\Database\MySQLi\Connection.php(306): mysqli->query('SELECT *\nFROM `...', 0)
#1 C:\xampp\htdocs\valoradorG2\valorador\system\Database\BaseConnection.php(693): CodeIgniter\Database\MySQLi\Connection->execute('SELECT *\nFROM `...')
#2 C:\xampp\htdocs\valoradorG2\valorador\system\Database\BaseConnection.php(607): CodeIgniter\Database\BaseConnection->simpleQuery('SELECT *\nFROM `...')
#3 C:\xampp\htdocs\valoradorG2\valorador\system\Database\BaseBuilder.php(1616): CodeIgniter\Database\BaseConnection->query('SELECT *\nFROM `...', Array, false)
#4 C:\xampp\htdocs\valoradorG2\valorador\app\Models\ValidacionModel.php(97): CodeIgniter\Database\BaseBuilder->get()
#5 C:\xampp\htdocs\valoradorG2\valorador\app\Controllers\PersonController.php(734): App\Models\ValidacionModel->getValidacionesPorMateria(Array)
#6 C:\xampp\htdocs\valoradorG2\valorador\system\CodeIgniter.php(941): App\Controllers\PersonController->Mostrar_Valoraciones_Por_Materia3()
#7 C:\xampp\htdocs\valoradorG2\valorador\system\CodeIgniter.php(502): CodeIgniter\CodeIgniter->runController(Object(App\Controllers\PersonController))
#8 C:\xampp\htdocs\valoradorG2\valorador\system\CodeIgniter.php(361): CodeIgniter\CodeIgniter->handleRequest(NULL, Object(Config\Cache), false)
#9 C:\xampp\htdocs\valoradorG2\valorador\public\index.php(79): CodeIgniter\CodeIgniter->run()
#10 {main}
CRITICAL - 2025-02-17 14:14:06 --> CodeIgniter\Database\Exceptions\DatabaseException: You have an error in your SQL syntax; check the manual that corresponds to your MariaDB server version for the right syntax to use near ')' at line 3
in SYSTEMPATH\Database\BaseConnection.php on line 647.
 1 SYSTEMPATH\Database\BaseBuilder.php(1616): CodeIgniter\Database\BaseConnection->query('SELECT *
FROM `valoracion`
WHERE `id_materia_valoracion` = :id_materia_valoracion:', [...], false)
 2 APPPATH\Models\ValidacionModel.php(97): CodeIgniter\Database\BaseBuilder->get()
 3 APPPATH\Controllers\PersonController.php(734): App\Models\ValidacionModel->getValidacionesPorMateria([])
 4 SYSTEMPATH\CodeIgniter.php(941): App\Controllers\PersonController->Mostrar_Valoraciones_Por_Materia3()
 5 SYSTEMPATH\CodeIgniter.php(502): CodeIgniter\CodeIgniter->runController(Object(App\Controllers\PersonController))
 6 SYSTEMPATH\CodeIgniter.php(361): CodeIgniter\CodeIgniter->handleRequest(null, Object(Config\Cache), false)
 7 FCPATH\index.php(79): CodeIgniter\CodeIgniter->run()
CRITICAL - 2025-02-17 14:14:06 --> [Caused by] CodeIgniter\Database\Exceptions\DatabaseException: You have an error in your SQL syntax; check the manual that corresponds to your MariaDB server version for the right syntax to use near ')' at line 3
in SYSTEMPATH\Database\MySQLi\Connection.php on line 311.
 1 SYSTEMPATH\Database\BaseConnection.php(693): CodeIgniter\Database\MySQLi\Connection->execute('SELECT *
FROM `valoracion`
WHERE `id_materia_valoracion` = ()')
 2 SYSTEMPATH\Database\BaseConnection.php(607): CodeIgniter\Database\BaseConnection->simpleQuery('SELECT *
FROM `valoracion`
WHERE `id_materia_valoracion` = ()')
 3 SYSTEMPATH\Database\BaseBuilder.php(1616): CodeIgniter\Database\BaseConnection->query('SELECT *
FROM `valoracion`
WHERE `id_materia_valoracion` = :id_materia_valoracion:', [...], false)
 4 APPPATH\Models\ValidacionModel.php(97): CodeIgniter\Database\BaseBuilder->get()
 5 APPPATH\Controllers\PersonController.php(734): App\Models\ValidacionModel->getValidacionesPorMateria([])
 6 SYSTEMPATH\CodeIgniter.php(941): App\Controllers\PersonController->Mostrar_Valoraciones_Por_Materia3()
 7 SYSTEMPATH\CodeIgniter.php(502): CodeIgniter\CodeIgniter->runController(Object(App\Controllers\PersonController))
 8 SYSTEMPATH\CodeIgniter.php(361): CodeIgniter\CodeIgniter->handleRequest(null, Object(Config\Cache), false)
 9 FCPATH\index.php(79): CodeIgniter\CodeIgniter->run()
CRITICAL - 2025-02-17 14:14:06 --> [Caused by] mysqli_sql_exception: You have an error in your SQL syntax; check the manual that corresponds to your MariaDB server version for the right syntax to use near ')' at line 3
in SYSTEMPATH\Database\MySQLi\Connection.php on line 306.
 1 SYSTEMPATH\Database\MySQLi\Connection.php(306): mysqli->query('SELECT *
FROM `valoracion`
WHERE `id_materia_valoracion` = ()', 0)
 2 SYSTEMPATH\Database\BaseConnection.php(693): CodeIgniter\Database\MySQLi\Connection->execute('SELECT *
FROM `valoracion`
WHERE `id_materia_valoracion` = ()')
 3 SYSTEMPATH\Database\BaseConnection.php(607): CodeIgniter\Database\BaseConnection->simpleQuery('SELECT *
FROM `valoracion`
WHERE `id_materia_valoracion` = ()')
 4 SYSTEMPATH\Database\BaseBuilder.php(1616): CodeIgniter\Database\BaseConnection->query('SELECT *
FROM `valoracion`
WHERE `id_materia_valoracion` = :id_materia_valoracion:', [...], false)
 5 APPPATH\Models\ValidacionModel.php(97): CodeIgniter\Database\BaseBuilder->get()
 6 APPPATH\Controllers\PersonController.php(734): App\Models\ValidacionModel->getValidacionesPorMateria([])
 7 SYSTEMPATH\CodeIgniter.php(941): App\Controllers\PersonController->Mostrar_Valoraciones_Por_Materia3()
 8 SYSTEMPATH\CodeIgniter.php(502): CodeIgniter\CodeIgniter->runController(Object(App\Controllers\PersonController))
 9 SYSTEMPATH\CodeIgniter.php(361): CodeIgniter\CodeIgniter->handleRequest(null, Object(Config\Cache), false)
10 FCPATH\index.php(79): CodeIgniter\CodeIgniter->run()
INFO - 2025-02-17 14:16:56 --> Session: Class initialized using 'CodeIgniter\Session\Handlers\FileHandler' driver.
INFO - 2025-02-17 14:19:32 --> Session: Class initialized using 'CodeIgniter\Session\Handlers\FileHandler' driver.
INFO - 2025-02-17 14:19:34 --> Session: Class initialized using 'CodeIgniter\Session\Handlers\FileHandler' driver.
INFO - 2025-02-17 14:19:38 --> Session: Class initialized using 'CodeIgniter\Session\Handlers\FileHandler' driver.
INFO - 2025-02-17 14:46:10 --> Session: Class initialized using 'CodeIgniter\Session\Handlers\FileHandler' driver.
INFO - 2025-02-17 14:46:12 --> Session: Class initialized using 'CodeIgniter\Session\Handlers\FileHandler' driver.
INFO - 2025-02-17 14:46:15 --> Session: Class initialized using 'CodeIgniter\Session\Handlers\FileHandler' driver.
INFO - 2025-02-17 14:47:57 --> Session: Class initialized using 'CodeIgniter\Session\Handlers\FileHandler' driver.
INFO - 2025-02-17 14:49:08 --> Session: Class initialized using 'CodeIgniter\Session\Handlers\FileHandler' driver.
INFO - 2025-02-17 14:50:53 --> Session: Class initialized using 'CodeIgniter\Session\Handlers\FileHandler' driver.
INFO - 2025-02-17 14:51:55 --> Session: Class initialized using 'CodeIgniter\Session\Handlers\FileHandler' driver.
INFO - 2025-02-17 14:51:59 --> Session: Class initialized using 'CodeIgniter\Session\Handlers\FileHandler' driver.
INFO - 2025-02-17 14:53:12 --> Session: Class initialized using 'CodeIgniter\Session\Handlers\FileHandler' driver.
INFO - 2025-02-17 14:53:13 --> Session: Class initialized using 'CodeIgniter\Session\Handlers\FileHandler' driver.
INFO - 2025-02-17 14:53:34 --> Session: Class initialized using 'CodeIgniter\Session\Handlers\FileHandler' driver.
INFO - 2025-02-17 14:54:14 --> Session: Class initialized using 'CodeIgniter\Session\Handlers\FileHandler' driver.
INFO - 2025-02-17 14:54:18 --> Session: Class initialized using 'CodeIgniter\Session\Handlers\FileHandler' driver.
INFO - 2025-02-17 15:41:35 --> Session: Class initialized using 'CodeIgniter\Session\Handlers\FileHandler' driver.
CRITICAL - 2025-02-17 15:41:35 --> ErrorException: Undefined variable $titulo
in APPPATH\Views\data_view3.php on line 140.
 1 APPPATH\Views\data_view3.php(140): CodeIgniter\Debug\Exceptions->errorHandler(2, 'Undefined variable $titulo', 'C:\\xampp\\htdocs\\valoradorG2\\valorador\\app\\Views\\data_view3.php', 140)
 2 SYSTEMPATH\View\View.php(228): include('C:\\xampp\\htdocs\\valoradorG2\\valorador\\app\\Views\\data_view3.php')
 3 SYSTEMPATH\View\View.php(231): CodeIgniter\View\View->CodeIgniter\View\{closure}()
 4 SYSTEMPATH\Common.php(1178): CodeIgniter\View\View->render('data_view3', [], true)
 5 APPPATH\Controllers\NuevoController.php(771): view('data_view3', [...])
 6 SYSTEMPATH\CodeIgniter.php(941): App\Controllers\NuevoController->mostrar_valoraciones_porDocente_porMateria3()
 7 SYSTEMPATH\CodeIgniter.php(502): CodeIgniter\CodeIgniter->runController(Object(App\Controllers\NuevoController))
 8 SYSTEMPATH\CodeIgniter.php(361): CodeIgniter\CodeIgniter->handleRequest(null, Object(Config\Cache), false)
 9 FCPATH\index.php(79): CodeIgniter\CodeIgniter->run()
INFO - 2025-02-17 15:45:20 --> Session: Class initialized using 'CodeIgniter\Session\Handlers\FileHandler' driver.
CRITICAL - 2025-02-17 15:45:20 --> ErrorException: Undefined variable $titulo
in APPPATH\Views\data_view3.php on line 141.
 1 APPPATH\Views\data_view3.php(141): CodeIgniter\Debug\Exceptions->errorHandler(2, 'Undefined variable $titulo', 'C:\\xampp\\htdocs\\valoradorG2\\valorador\\app\\Views\\data_view3.php', 141)
 2 SYSTEMPATH\View\View.php(228): include('C:\\xampp\\htdocs\\valoradorG2\\valorador\\app\\Views\\data_view3.php')
 3 SYSTEMPATH\View\View.php(231): CodeIgniter\View\View->CodeIgniter\View\{closure}()
 4 SYSTEMPATH\Common.php(1178): CodeIgniter\View\View->render('data_view3', [], true)
 5 APPPATH\Controllers\NuevoController.php(771): view('data_view3', [...])
 6 SYSTEMPATH\CodeIgniter.php(941): App\Controllers\NuevoController->mostrar_valoraciones_porDocente_porMateria3()
 7 SYSTEMPATH\CodeIgniter.php(502): CodeIgniter\CodeIgniter->runController(Object(App\Controllers\NuevoController))
 8 SYSTEMPATH\CodeIgniter.php(361): CodeIgniter\CodeIgniter->handleRequest(null, Object(Config\Cache), false)
 9 FCPATH\index.php(79): CodeIgniter\CodeIgniter->run()
INFO - 2025-02-17 15:47:29 --> Session: Class initialized using 'CodeIgniter\Session\Handlers\FileHandler' driver.
INFO - 2025-02-17 15:48:00 --> Session: Class initialized using 'CodeIgniter\Session\Handlers\FileHandler' driver.
CRITICAL - 2025-02-17 15:48:00 --> ErrorException: Undefined variable $titulo
in APPPATH\Views\data_view3.php on line 140.
 1 APPPATH\Views\data_view3.php(140): CodeIgniter\Debug\Exceptions->errorHandler(2, 'Undefined variable $titulo', 'C:\\xampp\\htdocs\\valoradorG2\\valorador\\app\\Views\\data_view3.php', 140)
 2 SYSTEMPATH\View\View.php(228): include('C:\\xampp\\htdocs\\valoradorG2\\valorador\\app\\Views\\data_view3.php')
 3 SYSTEMPATH\View\View.php(231): CodeIgniter\View\View->CodeIgniter\View\{closure}()
 4 SYSTEMPATH\Common.php(1178): CodeIgniter\View\View->render('data_view3', [], true)
 5 APPPATH\Controllers\NuevoController.php(771): view('data_view3', [...])
 6 SYSTEMPATH\CodeIgniter.php(941): App\Controllers\NuevoController->mostrar_valoraciones_porDocente_porMateria3()
 7 SYSTEMPATH\CodeIgniter.php(502): CodeIgniter\CodeIgniter->runController(Object(App\Controllers\NuevoController))
 8 SYSTEMPATH\CodeIgniter.php(361): CodeIgniter\CodeIgniter->handleRequest(null, Object(Config\Cache), false)
 9 FCPATH\index.php(79): CodeIgniter\CodeIgniter->run()
INFO - 2025-02-17 15:48:11 --> Session: Class initialized using 'CodeIgniter\Session\Handlers\FileHandler' driver.
CRITICAL - 2025-02-17 15:48:11 --> ErrorException: Undefined variable $titulo15
in APPPATH\Views\data_view3.php on line 140.
 1 APPPATH\Views\data_view3.php(140): CodeIgniter\Debug\Exceptions->errorHandler(2, 'Undefined variable $titulo15', 'C:\\xampp\\htdocs\\valoradorG2\\valorador\\app\\Views\\data_view3.php', 140)
 2 SYSTEMPATH\View\View.php(228): include('C:\\xampp\\htdocs\\valoradorG2\\valorador\\app\\Views\\data_view3.php')
 3 SYSTEMPATH\View\View.php(231): CodeIgniter\View\View->CodeIgniter\View\{closure}()
 4 SYSTEMPATH\Common.php(1178): CodeIgniter\View\View->render('data_view3', [], true)
 5 APPPATH\Controllers\NuevoController.php(771): view('data_view3', [...])
 6 SYSTEMPATH\CodeIgniter.php(941): App\Controllers\NuevoController->mostrar_valoraciones_porDocente_porMateria3()
 7 SYSTEMPATH\CodeIgniter.php(502): CodeIgniter\CodeIgniter->runController(Object(App\Controllers\NuevoController))
 8 SYSTEMPATH\CodeIgniter.php(361): CodeIgniter\CodeIgniter->handleRequest(null, Object(Config\Cache), false)
 9 FCPATH\index.php(79): CodeIgniter\CodeIgniter->run()
INFO - 2025-02-17 15:48:15 --> Session: Class initialized using 'CodeIgniter\Session\Handlers\FileHandler' driver.
CRITICAL - 2025-02-17 15:48:15 --> ErrorException: Undefined variable $titulo15
in APPPATH\Views\data_view3.php on line 140.
 1 APPPATH\Views\data_view3.php(140): CodeIgniter\Debug\Exceptions->errorHandler(2, 'Undefined variable $titulo15', 'C:\\xampp\\htdocs\\valoradorG2\\valorador\\app\\Views\\data_view3.php', 140)
 2 SYSTEMPATH\View\View.php(228): include('C:\\xampp\\htdocs\\valoradorG2\\valorador\\app\\Views\\data_view3.php')
 3 SYSTEMPATH\View\View.php(231): CodeIgniter\View\View->CodeIgniter\View\{closure}()
 4 SYSTEMPATH\Common.php(1178): CodeIgniter\View\View->render('data_view3', [], true)
 5 APPPATH\Controllers\NuevoController.php(771): view('data_view3', [...])
 6 SYSTEMPATH\CodeIgniter.php(941): App\Controllers\NuevoController->mostrar_valoraciones_porDocente_porMateria3()
 7 SYSTEMPATH\CodeIgniter.php(502): CodeIgniter\CodeIgniter->runController(Object(App\Controllers\NuevoController))
 8 SYSTEMPATH\CodeIgniter.php(361): CodeIgniter\CodeIgniter->handleRequest(null, Object(Config\Cache), false)
 9 FCPATH\index.php(79): CodeIgniter\CodeIgniter->run()
INFO - 2025-02-17 15:48:40 --> Session: Class initialized using 'CodeIgniter\Session\Handlers\FileHandler' driver.
INFO - 2025-02-17 15:49:11 --> Session: Class initialized using 'CodeIgniter\Session\Handlers\FileHandler' driver.
CRITICAL - 2025-02-17 15:49:11 --> ErrorException: Undefined variable $titulo
in APPPATH\Views\data_view3.php on line 146.
 1 APPPATH\Views\data_view3.php(146): CodeIgniter\Debug\Exceptions->errorHandler(2, 'Undefined variable $titulo', 'C:\\xampp\\htdocs\\valoradorG2\\valorador\\app\\Views\\data_view3.php', 146)
 2 SYSTEMPATH\View\View.php(228): include('C:\\xampp\\htdocs\\valoradorG2\\valorador\\app\\Views\\data_view3.php')
 3 SYSTEMPATH\View\View.php(231): CodeIgniter\View\View->CodeIgniter\View\{closure}()
 4 SYSTEMPATH\Common.php(1178): CodeIgniter\View\View->render('data_view3', [], true)
 5 APPPATH\Controllers\NuevoController.php(771): view('data_view3', [...])
 6 SYSTEMPATH\CodeIgniter.php(941): App\Controllers\NuevoController->mostrar_valoraciones_porDocente_porMateria3()
 7 SYSTEMPATH\CodeIgniter.php(502): CodeIgniter\CodeIgniter->runController(Object(App\Controllers\NuevoController))
 8 SYSTEMPATH\CodeIgniter.php(361): CodeIgniter\CodeIgniter->handleRequest(null, Object(Config\Cache), false)
 9 FCPATH\index.php(79): CodeIgniter\CodeIgniter->run()
INFO - 2025-02-17 15:49:28 --> Session: Class initialized using 'CodeIgniter\Session\Handlers\FileHandler' driver.
INFO - 2025-02-17 15:51:13 --> Session: Class initialized using 'CodeIgniter\Session\Handlers\FileHandler' driver.
