INFO - 2025-01-03 10:43:57 --> Session: Class initialized using 'CodeIgniter\Session\Handlers\FileHandler' driver.
INFO - 2025-01-03 10:45:38 --> Session: Class initialized using 'CodeIgniter\Session\Handlers\FileHandler' driver.
INFO - 2025-01-03 10:53:23 --> Session: Class initialized using 'CodeIgniter\Session\Handlers\FileHandler' driver.
CRITICAL - 2025-01-03 10:56:48 --> ErrorException: Undefined array key "id_postgrado"
in APPPATH\Controllers\NuevoController.php on line 1115.
 1 APPPATH\Controllers\NuevoController.php(1115): CodeIgniter\Debug\Exceptions->errorHandler(2, 'Undefined array key "id_postgrado"', 'C:\\xampp\\htdocs\\valoradorG2\\valorador\\app\\Controllers\\NuevoController.php', 1115)
 2 SYSTEMPATH\CodeIgniter.php(941): App\Controllers\NuevoController->addRecord2()
 3 SYSTEMPATH\CodeIgniter.php(502): CodeIgniter\CodeIgniter->runController(Object(App\Controllers\NuevoController))
 4 SYSTEMPATH\CodeIgniter.php(361): CodeIgniter\CodeIgniter->handleRequest(null, Object(Config\Cache), false)
 5 FCPATH\index.php(79): CodeIgniter\CodeIgniter->run()
CRITICAL - 2025-01-03 11:12:54 --> ErrorException: Undefined variable $titulo
in APPPATH\Controllers\NuevoController.php on line 728.
 1 APPPATH\Controllers\NuevoController.php(728): CodeIgniter\Debug\Exceptions->errorHandler(2, 'Undefined variable $titulo', 'C:\\xampp\\htdocs\\valoradorG2\\valorador\\app\\Controllers\\NuevoController.php', 728)
 2 SYSTEMPATH\CodeIgniter.php(941): App\Controllers\NuevoController->mostrar_valoraciones_porDocente_porMateria3()
 3 SYSTEMPATH\CodeIgniter.php(502): CodeIgniter\CodeIgniter->runController(Object(App\Controllers\NuevoController))
 4 SYSTEMPATH\CodeIgniter.php(361): CodeIgniter\CodeIgniter->handleRequest(null, Object(Config\Cache), false)
 5 FCPATH\index.php(79): CodeIgniter\CodeIgniter->run()
CRITICAL - 2025-01-03 11:18:12 --> ErrorException: Undefined array key "id_titulo_postgrado"
in APPPATH\Controllers\NuevoController.php on line 1115.
 1 APPPATH\Controllers\NuevoController.php(1115): CodeIgniter\Debug\Exceptions->errorHandler(2, 'Undefined array key "id_titulo_postgrado"', 'C:\\xampp\\htdocs\\valoradorG2\\valorador\\app\\Controllers\\NuevoController.php', 1115)
 2 SYSTEMPATH\CodeIgniter.php(941): App\Controllers\NuevoController->addRecord2()
 3 SYSTEMPATH\CodeIgniter.php(502): CodeIgniter\CodeIgniter->runController(Object(App\Controllers\NuevoController))
 4 SYSTEMPATH\CodeIgniter.php(361): CodeIgniter\CodeIgniter->handleRequest(null, Object(Config\Cache), false)
 5 FCPATH\index.php(79): CodeIgniter\CodeIgniter->run()
CRITICAL - 2025-01-03 12:03:26 --> ErrorException: Undefined array key "id_titulo_postgrado"
in APPPATH\Controllers\NuevoController.php on line 1115.
 1 APPPATH\Controllers\NuevoController.php(1115): CodeIgniter\Debug\Exceptions->errorHandler(2, 'Undefined array key "id_titulo_postgrado"', 'C:\\xampp\\htdocs\\valoradorG2\\valorador\\app\\Controllers\\NuevoController.php', 1115)
 2 SYSTEMPATH\CodeIgniter.php(941): App\Controllers\NuevoController->addRecord2()
 3 SYSTEMPATH\CodeIgniter.php(502): CodeIgniter\CodeIgniter->runController(Object(App\Controllers\NuevoController))
 4 SYSTEMPATH\CodeIgniter.php(361): CodeIgniter\CodeIgniter->handleRequest(null, Object(Config\Cache), false)
 5 FCPATH\index.php(79): CodeIgniter\CodeIgniter->run()
INFO - 2025-01-03 12:21:37 --> Session: Class initialized using 'CodeIgniter\Session\Handlers\FileHandler' driver.
INFO - 2025-01-03 12:21:40 --> Session: Class initialized using 'CodeIgniter\Session\Handlers\FileHandler' driver.
CRITICAL - 2025-01-03 13:59:32 --> ErrorException: Undefined array key "id_titulo_postgrado"
in APPPATH\Controllers\NuevoController.php on line 1128.
 1 APPPATH\Controllers\NuevoController.php(1128): CodeIgniter\Debug\Exceptions->errorHandler(2, 'Undefined array key "id_titulo_postgrado"', 'C:\\xampp\\htdocs\\valoradorG2\\valorador\\app\\Controllers\\NuevoController.php', 1128)
 2 SYSTEMPATH\CodeIgniter.php(941): App\Controllers\NuevoController->editRecord2('193')
 3 SYSTEMPATH\CodeIgniter.php(502): CodeIgniter\CodeIgniter->runController(Object(App\Controllers\NuevoController))
 4 SYSTEMPATH\CodeIgniter.php(361): CodeIgniter\CodeIgniter->handleRequest(null, Object(Config\Cache), false)
 5 FCPATH\index.php(79): CodeIgniter\CodeIgniter->run()
CRITICAL - 2025-01-03 14:00:14 --> ErrorException: Undefined array key "id_titulo_postgrado"
in APPPATH\Controllers\NuevoController.php on line 1128.
 1 APPPATH\Controllers\NuevoController.php(1128): CodeIgniter\Debug\Exceptions->errorHandler(2, 'Undefined array key "id_titulo_postgrado"', 'C:\\xampp\\htdocs\\valoradorG2\\valorador\\app\\Controllers\\NuevoController.php', 1128)
 2 SYSTEMPATH\CodeIgniter.php(941): App\Controllers\NuevoController->editRecord2('193')
 3 SYSTEMPATH\CodeIgniter.php(502): CodeIgniter\CodeIgniter->runController(Object(App\Controllers\NuevoController))
 4 SYSTEMPATH\CodeIgniter.php(361): CodeIgniter\CodeIgniter->handleRequest(null, Object(Config\Cache), false)
 5 FCPATH\index.php(79): CodeIgniter\CodeIgniter->run()
CRITICAL - 2025-01-03 14:00:30 --> ErrorException: Undefined array key "id_titulo_postgrado"
in APPPATH\Controllers\NuevoController.php on line 1128.
 1 APPPATH\Controllers\NuevoController.php(1128): CodeIgniter\Debug\Exceptions->errorHandler(2, 'Undefined array key "id_titulo_postgrado"', 'C:\\xampp\\htdocs\\valoradorG2\\valorador\\app\\Controllers\\NuevoController.php', 1128)
 2 SYSTEMPATH\CodeIgniter.php(941): App\Controllers\NuevoController->editRecord2('193')
 3 SYSTEMPATH\CodeIgniter.php(502): CodeIgniter\CodeIgniter->runController(Object(App\Controllers\NuevoController))
 4 SYSTEMPATH\CodeIgniter.php(361): CodeIgniter\CodeIgniter->handleRequest(null, Object(Config\Cache), false)
 5 FCPATH\index.php(79): CodeIgniter\CodeIgniter->run()
CRITICAL - 2025-01-03 14:01:17 --> ErrorException: Undefined array key "id_titulo_postgrado"
in APPPATH\Controllers\NuevoController.php on line 1128.
 1 APPPATH\Controllers\NuevoController.php(1128): CodeIgniter\Debug\Exceptions->errorHandler(2, 'Undefined array key "id_titulo_postgrado"', 'C:\\xampp\\htdocs\\valoradorG2\\valorador\\app\\Controllers\\NuevoController.php', 1128)
 2 SYSTEMPATH\CodeIgniter.php(941): App\Controllers\NuevoController->editRecord2('193')
 3 SYSTEMPATH\CodeIgniter.php(502): CodeIgniter\CodeIgniter->runController(Object(App\Controllers\NuevoController))
 4 SYSTEMPATH\CodeIgniter.php(361): CodeIgniter\CodeIgniter->handleRequest(null, Object(Config\Cache), false)
 5 FCPATH\index.php(79): CodeIgniter\CodeIgniter->run()
CRITICAL - 2025-01-03 14:01:56 --> ErrorException: Undefined array key "id_titulo_postgrado"
in APPPATH\Controllers\NuevoController.php on line 1128.
 1 APPPATH\Controllers\NuevoController.php(1128): CodeIgniter\Debug\Exceptions->errorHandler(2, 'Undefined array key "id_titulo_postgrado"', 'C:\\xampp\\htdocs\\valoradorG2\\valorador\\app\\Controllers\\NuevoController.php', 1128)
 2 SYSTEMPATH\CodeIgniter.php(941): App\Controllers\NuevoController->editRecord2('193')
 3 SYSTEMPATH\CodeIgniter.php(502): CodeIgniter\CodeIgniter->runController(Object(App\Controllers\NuevoController))
 4 SYSTEMPATH\CodeIgniter.php(361): CodeIgniter\CodeIgniter->handleRequest(null, Object(Config\Cache), false)
 5 FCPATH\index.php(79): CodeIgniter\CodeIgniter->run()
CRITICAL - 2025-01-03 14:02:07 --> ErrorException: Undefined array key "id_titulo_postgrado"
in APPPATH\Controllers\NuevoController.php on line 1128.
 1 APPPATH\Controllers\NuevoController.php(1128): CodeIgniter\Debug\Exceptions->errorHandler(2, 'Undefined array key "id_titulo_postgrado"', 'C:\\xampp\\htdocs\\valoradorG2\\valorador\\app\\Controllers\\NuevoController.php', 1128)
 2 SYSTEMPATH\CodeIgniter.php(941): App\Controllers\NuevoController->editRecord2('193')
 3 SYSTEMPATH\CodeIgniter.php(502): CodeIgniter\CodeIgniter->runController(Object(App\Controllers\NuevoController))
 4 SYSTEMPATH\CodeIgniter.php(361): CodeIgniter\CodeIgniter->handleRequest(null, Object(Config\Cache), false)
 5 FCPATH\index.php(79): CodeIgniter\CodeIgniter->run()
CRITICAL - 2025-01-03 14:02:18 --> ErrorException: Undefined array key "id_titulo_postgrado"
in APPPATH\Controllers\NuevoController.php on line 1128.
 1 APPPATH\Controllers\NuevoController.php(1128): CodeIgniter\Debug\Exceptions->errorHandler(2, 'Undefined array key "id_titulo_postgrado"', 'C:\\xampp\\htdocs\\valoradorG2\\valorador\\app\\Controllers\\NuevoController.php', 1128)
 2 SYSTEMPATH\CodeIgniter.php(941): App\Controllers\NuevoController->editRecord2('193')
 3 SYSTEMPATH\CodeIgniter.php(502): CodeIgniter\CodeIgniter->runController(Object(App\Controllers\NuevoController))
 4 SYSTEMPATH\CodeIgniter.php(361): CodeIgniter\CodeIgniter->handleRequest(null, Object(Config\Cache), false)
 5 FCPATH\index.php(79): CodeIgniter\CodeIgniter->run()
CRITICAL - 2025-01-03 14:02:27 --> ErrorException: Undefined array key "id_titulo_postgrado"
in APPPATH\Controllers\NuevoController.php on line 1128.
 1 APPPATH\Controllers\NuevoController.php(1128): CodeIgniter\Debug\Exceptions->errorHandler(2, 'Undefined array key "id_titulo_postgrado"', 'C:\\xampp\\htdocs\\valoradorG2\\valorador\\app\\Controllers\\NuevoController.php', 1128)
 2 SYSTEMPATH\CodeIgniter.php(941): App\Controllers\NuevoController->editRecord2('193')
 3 SYSTEMPATH\CodeIgniter.php(502): CodeIgniter\CodeIgniter->runController(Object(App\Controllers\NuevoController))
 4 SYSTEMPATH\CodeIgniter.php(361): CodeIgniter\CodeIgniter->handleRequest(null, Object(Config\Cache), false)
 5 FCPATH\index.php(79): CodeIgniter\CodeIgniter->run()
CRITICAL - 2025-01-03 14:02:34 --> ErrorException: Undefined array key "id_titulo_postgrado"
in APPPATH\Controllers\NuevoController.php on line 1128.
 1 APPPATH\Controllers\NuevoController.php(1128): CodeIgniter\Debug\Exceptions->errorHandler(2, 'Undefined array key "id_titulo_postgrado"', 'C:\\xampp\\htdocs\\valoradorG2\\valorador\\app\\Controllers\\NuevoController.php', 1128)
 2 SYSTEMPATH\CodeIgniter.php(941): App\Controllers\NuevoController->editRecord2('193')
 3 SYSTEMPATH\CodeIgniter.php(502): CodeIgniter\CodeIgniter->runController(Object(App\Controllers\NuevoController))
 4 SYSTEMPATH\CodeIgniter.php(361): CodeIgniter\CodeIgniter->handleRequest(null, Object(Config\Cache), false)
 5 FCPATH\index.php(79): CodeIgniter\CodeIgniter->run()
CRITICAL - 2025-01-03 14:02:43 --> ErrorException: Undefined array key "id_titulo_postgrado"
in APPPATH\Controllers\NuevoController.php on line 1128.
 1 APPPATH\Controllers\NuevoController.php(1128): CodeIgniter\Debug\Exceptions->errorHandler(2, 'Undefined array key "id_titulo_postgrado"', 'C:\\xampp\\htdocs\\valoradorG2\\valorador\\app\\Controllers\\NuevoController.php', 1128)
 2 SYSTEMPATH\CodeIgniter.php(941): App\Controllers\NuevoController->editRecord2('193')
 3 SYSTEMPATH\CodeIgniter.php(502): CodeIgniter\CodeIgniter->runController(Object(App\Controllers\NuevoController))
 4 SYSTEMPATH\CodeIgniter.php(361): CodeIgniter\CodeIgniter->handleRequest(null, Object(Config\Cache), false)
 5 FCPATH\index.php(79): CodeIgniter\CodeIgniter->run()
CRITICAL - 2025-01-03 14:02:49 --> ErrorException: Undefined array key "id_titulo_postgrado"
in APPPATH\Controllers\NuevoController.php on line 1128.
 1 APPPATH\Controllers\NuevoController.php(1128): CodeIgniter\Debug\Exceptions->errorHandler(2, 'Undefined array key "id_titulo_postgrado"', 'C:\\xampp\\htdocs\\valoradorG2\\valorador\\app\\Controllers\\NuevoController.php', 1128)
 2 SYSTEMPATH\CodeIgniter.php(941): App\Controllers\NuevoController->editRecord2('193')
 3 SYSTEMPATH\CodeIgniter.php(502): CodeIgniter\CodeIgniter->runController(Object(App\Controllers\NuevoController))
 4 SYSTEMPATH\CodeIgniter.php(361): CodeIgniter\CodeIgniter->handleRequest(null, Object(Config\Cache), false)
 5 FCPATH\index.php(79): CodeIgniter\CodeIgniter->run()
CRITICAL - 2025-01-03 14:06:00 --> ErrorException: Undefined array key "id_titulo_postgrado"
in APPPATH\Controllers\NuevoController.php on line 1128.
 1 APPPATH\Controllers\NuevoController.php(1128): CodeIgniter\Debug\Exceptions->errorHandler(2, 'Undefined array key "id_titulo_postgrado"', 'C:\\xampp\\htdocs\\valoradorG2\\valorador\\app\\Controllers\\NuevoController.php', 1128)
 2 SYSTEMPATH\CodeIgniter.php(941): App\Controllers\NuevoController->editRecord2('193')
 3 SYSTEMPATH\CodeIgniter.php(502): CodeIgniter\CodeIgniter->runController(Object(App\Controllers\NuevoController))
 4 SYSTEMPATH\CodeIgniter.php(361): CodeIgniter\CodeIgniter->handleRequest(null, Object(Config\Cache), false)
 5 FCPATH\index.php(79): CodeIgniter\CodeIgniter->run()
CRITICAL - 2025-01-03 14:06:17 --> ErrorException: Undefined array key "id_titulo_postgrado"
in APPPATH\Controllers\NuevoController.php on line 1128.
 1 APPPATH\Controllers\NuevoController.php(1128): CodeIgniter\Debug\Exceptions->errorHandler(2, 'Undefined array key "id_titulo_postgrado"', 'C:\\xampp\\htdocs\\valoradorG2\\valorador\\app\\Controllers\\NuevoController.php', 1128)
 2 SYSTEMPATH\CodeIgniter.php(941): App\Controllers\NuevoController->editRecord2('193')
 3 SYSTEMPATH\CodeIgniter.php(502): CodeIgniter\CodeIgniter->runController(Object(App\Controllers\NuevoController))
 4 SYSTEMPATH\CodeIgniter.php(361): CodeIgniter\CodeIgniter->handleRequest(null, Object(Config\Cache), false)
 5 FCPATH\index.php(79): CodeIgniter\CodeIgniter->run()
CRITICAL - 2025-01-03 14:06:46 --> ErrorException: Undefined array key "id_titulo_postgrado"
in APPPATH\Controllers\NuevoController.php on line 1128.
 1 APPPATH\Controllers\NuevoController.php(1128): CodeIgniter\Debug\Exceptions->errorHandler(2, 'Undefined array key "id_titulo_postgrado"', 'C:\\xampp\\htdocs\\valoradorG2\\valorador\\app\\Controllers\\NuevoController.php', 1128)
 2 SYSTEMPATH\CodeIgniter.php(941): App\Controllers\NuevoController->editRecord2('193')
 3 SYSTEMPATH\CodeIgniter.php(502): CodeIgniter\CodeIgniter->runController(Object(App\Controllers\NuevoController))
 4 SYSTEMPATH\CodeIgniter.php(361): CodeIgniter\CodeIgniter->handleRequest(null, Object(Config\Cache), false)
 5 FCPATH\index.php(79): CodeIgniter\CodeIgniter->run()
CRITICAL - 2025-01-03 14:07:00 --> ErrorException: Undefined array key "id_titulo_postgrado"
in APPPATH\Controllers\NuevoController.php on line 1128.
 1 APPPATH\Controllers\NuevoController.php(1128): CodeIgniter\Debug\Exceptions->errorHandler(2, 'Undefined array key "id_titulo_postgrado"', 'C:\\xampp\\htdocs\\valoradorG2\\valorador\\app\\Controllers\\NuevoController.php', 1128)
 2 SYSTEMPATH\CodeIgniter.php(941): App\Controllers\NuevoController->editRecord2('193')
 3 SYSTEMPATH\CodeIgniter.php(502): CodeIgniter\CodeIgniter->runController(Object(App\Controllers\NuevoController))
 4 SYSTEMPATH\CodeIgniter.php(361): CodeIgniter\CodeIgniter->handleRequest(null, Object(Config\Cache), false)
 5 FCPATH\index.php(79): CodeIgniter\CodeIgniter->run()
CRITICAL - 2025-01-03 14:07:23 --> ErrorException: Undefined array key "id_titulo_postgrado"
in APPPATH\Controllers\NuevoController.php on line 1128.
 1 APPPATH\Controllers\NuevoController.php(1128): CodeIgniter\Debug\Exceptions->errorHandler(2, 'Undefined array key "id_titulo_postgrado"', 'C:\\xampp\\htdocs\\valoradorG2\\valorador\\app\\Controllers\\NuevoController.php', 1128)
 2 SYSTEMPATH\CodeIgniter.php(941): App\Controllers\NuevoController->editRecord2('193')
 3 SYSTEMPATH\CodeIgniter.php(502): CodeIgniter\CodeIgniter->runController(Object(App\Controllers\NuevoController))
 4 SYSTEMPATH\CodeIgniter.php(361): CodeIgniter\CodeIgniter->handleRequest(null, Object(Config\Cache), false)
 5 FCPATH\index.php(79): CodeIgniter\CodeIgniter->run()
CRITICAL - 2025-01-03 14:07:37 --> ErrorException: Undefined array key "id_titulo_postgrado"
in APPPATH\Controllers\NuevoController.php on line 1128.
 1 APPPATH\Controllers\NuevoController.php(1128): CodeIgniter\Debug\Exceptions->errorHandler(2, 'Undefined array key "id_titulo_postgrado"', 'C:\\xampp\\htdocs\\valoradorG2\\valorador\\app\\Controllers\\NuevoController.php', 1128)
 2 SYSTEMPATH\CodeIgniter.php(941): App\Controllers\NuevoController->editRecord2('193')
 3 SYSTEMPATH\CodeIgniter.php(502): CodeIgniter\CodeIgniter->runController(Object(App\Controllers\NuevoController))
 4 SYSTEMPATH\CodeIgniter.php(361): CodeIgniter\CodeIgniter->handleRequest(null, Object(Config\Cache), false)
 5 FCPATH\index.php(79): CodeIgniter\CodeIgniter->run()
CRITICAL - 2025-01-03 14:13:32 --> ErrorException: Undefined array key "id_titulo_postgrado"
in APPPATH\Controllers\NuevoController.php on line 1128.
 1 APPPATH\Controllers\NuevoController.php(1128): CodeIgniter\Debug\Exceptions->errorHandler(2, 'Undefined array key "id_titulo_postgrado"', 'C:\\xampp\\htdocs\\valoradorG2\\valorador\\app\\Controllers\\NuevoController.php', 1128)
 2 SYSTEMPATH\CodeIgniter.php(941): App\Controllers\NuevoController->editRecord2('193')
 3 SYSTEMPATH\CodeIgniter.php(502): CodeIgniter\CodeIgniter->runController(Object(App\Controllers\NuevoController))
 4 SYSTEMPATH\CodeIgniter.php(361): CodeIgniter\CodeIgniter->handleRequest(null, Object(Config\Cache), false)
 5 FCPATH\index.php(79): CodeIgniter\CodeIgniter->run()
CRITICAL - 2025-01-03 14:14:39 --> ErrorException: Undefined array key "id_titulo_postgrado"
in APPPATH\Controllers\NuevoController.php on line 1128.
 1 APPPATH\Controllers\NuevoController.php(1128): CodeIgniter\Debug\Exceptions->errorHandler(2, 'Undefined array key "id_titulo_postgrado"', 'C:\\xampp\\htdocs\\valoradorG2\\valorador\\app\\Controllers\\NuevoController.php', 1128)
 2 SYSTEMPATH\CodeIgniter.php(941): App\Controllers\NuevoController->editRecord2('193')
 3 SYSTEMPATH\CodeIgniter.php(502): CodeIgniter\CodeIgniter->runController(Object(App\Controllers\NuevoController))
 4 SYSTEMPATH\CodeIgniter.php(361): CodeIgniter\CodeIgniter->handleRequest(null, Object(Config\Cache), false)
 5 FCPATH\index.php(79): CodeIgniter\CodeIgniter->run()
CRITICAL - 2025-01-03 14:24:16 --> ErrorException: Undefined array key "id_titulo_postgrado"
in APPPATH\Controllers\NuevoController.php on line 1128.
 1 APPPATH\Controllers\NuevoController.php(1128): CodeIgniter\Debug\Exceptions->errorHandler(2, 'Undefined array key "id_titulo_postgrado"', 'C:\\xampp\\htdocs\\valoradorG2\\valorador\\app\\Controllers\\NuevoController.php', 1128)
 2 SYSTEMPATH\CodeIgniter.php(941): App\Controllers\NuevoController->editRecord2('193')
 3 SYSTEMPATH\CodeIgniter.php(502): CodeIgniter\CodeIgniter->runController(Object(App\Controllers\NuevoController))
 4 SYSTEMPATH\CodeIgniter.php(361): CodeIgniter\CodeIgniter->handleRequest(null, Object(Config\Cache), false)
 5 FCPATH\index.php(79): CodeIgniter\CodeIgniter->run()
CRITICAL - 2025-01-03 15:30:21 --> ErrorException: Undefined array key "id_titulo_postgrado"
in APPPATH\Controllers\NuevoController.php on line 1128.
 1 APPPATH\Controllers\NuevoController.php(1128): CodeIgniter\Debug\Exceptions->errorHandler(2, 'Undefined array key "id_titulo_postgrado"', 'C:\\xampp\\htdocs\\valoradorG2\\valorador\\app\\Controllers\\NuevoController.php', 1128)
 2 SYSTEMPATH\CodeIgniter.php(941): App\Controllers\NuevoController->editRecord2('193')
 3 SYSTEMPATH\CodeIgniter.php(502): CodeIgniter\CodeIgniter->runController(Object(App\Controllers\NuevoController))
 4 SYSTEMPATH\CodeIgniter.php(361): CodeIgniter\CodeIgniter->handleRequest(null, Object(Config\Cache), false)
 5 FCPATH\index.php(79): CodeIgniter\CodeIgniter->run()
CRITICAL - 2025-01-03 15:30:56 --> ErrorException: Undefined array key "id_titulo_postgrado"
in APPPATH\Controllers\NuevoController.php on line 1128.
 1 APPPATH\Controllers\NuevoController.php(1128): CodeIgniter\Debug\Exceptions->errorHandler(2, 'Undefined array key "id_titulo_postgrado"', 'C:\\xampp\\htdocs\\valoradorG2\\valorador\\app\\Controllers\\NuevoController.php', 1128)
 2 SYSTEMPATH\CodeIgniter.php(941): App\Controllers\NuevoController->editRecord2('193')
 3 SYSTEMPATH\CodeIgniter.php(502): CodeIgniter\CodeIgniter->runController(Object(App\Controllers\NuevoController))
 4 SYSTEMPATH\CodeIgniter.php(361): CodeIgniter\CodeIgniter->handleRequest(null, Object(Config\Cache), false)
 5 FCPATH\index.php(79): CodeIgniter\CodeIgniter->run()
CRITICAL - 2025-01-03 15:31:34 --> ErrorException: Undefined array key "id_titulo_postgrado"
in APPPATH\Controllers\NuevoController.php on line 1128.
 1 APPPATH\Controllers\NuevoController.php(1128): CodeIgniter\Debug\Exceptions->errorHandler(2, 'Undefined array key "id_titulo_postgrado"', 'C:\\xampp\\htdocs\\valoradorG2\\valorador\\app\\Controllers\\NuevoController.php', 1128)
 2 SYSTEMPATH\CodeIgniter.php(941): App\Controllers\NuevoController->editRecord2('193')
 3 SYSTEMPATH\CodeIgniter.php(502): CodeIgniter\CodeIgniter->runController(Object(App\Controllers\NuevoController))
 4 SYSTEMPATH\CodeIgniter.php(361): CodeIgniter\CodeIgniter->handleRequest(null, Object(Config\Cache), false)
 5 FCPATH\index.php(79): CodeIgniter\CodeIgniter->run()
CRITICAL - 2025-01-03 15:31:58 --> ErrorException: Undefined variable $data
in APPPATH\Controllers\NuevoController.php on line 1129.
 1 APPPATH\Controllers\NuevoController.php(1129): CodeIgniter\Debug\Exceptions->errorHandler(2, 'Undefined variable $data', 'C:\\xampp\\htdocs\\valoradorG2\\valorador\\app\\Controllers\\NuevoController.php', 1129)
 2 SYSTEMPATH\CodeIgniter.php(941): App\Controllers\NuevoController->editRecord2('193')
 3 SYSTEMPATH\CodeIgniter.php(502): CodeIgniter\CodeIgniter->runController(Object(App\Controllers\NuevoController))
 4 SYSTEMPATH\CodeIgniter.php(361): CodeIgniter\CodeIgniter->handleRequest(null, Object(Config\Cache), false)
 5 FCPATH\index.php(79): CodeIgniter\CodeIgniter->run()
DEBUG - 2025-01-03 16:05:05 --> {"id_otros_t":"193","detalle_otros_titulos":"maestria en cibersegu89111","fecha":"2024-12-04","id_valoracion":"298","id_otros_titulos":"1"}
DEBUG - 2025-01-03 16:06:38 --> {"id_otros_t":"193","detalle_otros_titulos":"maestria en cibersegu89111","fecha":"2024-12-04","id_valoracion":"298","id_otros_titulos":"1"}
DEBUG - 2025-01-03 16:07:48 --> {"id_otros_t":"193","detalle_otros_titulos":"maestria en cibersegu89111","fecha":"2024-12-04","id_valoracion":"298","id_otros_titulos":"3"}
INFO - 2025-01-03 16:09:03 --> Session: Class initialized using 'CodeIgniter\Session\Handlers\FileHandler' driver.
DEBUG - 2025-01-03 16:13:36 --> {"id_otros_t":"193","detalle_otros_titulos":"maestria en cibersegu89111","fecha":"2024-12-04","id_valoracion":"298","id_otros_titulos":"1"}
DEBUG - 2025-01-03 16:13:51 --> {"id_otros_t":"193","detalle_otros_titulos":"maestria en cibersegu89111","fecha":"2024-12-04","id_valoracion":"298","id_otros_titulos":"2"}
DEBUG - 2025-01-03 16:15:06 --> {"id_otros_t":"193","detalle_otros_titulos":"maestria en cibersegu89111","fecha":"2024-12-04","id_valoracion":"298","id_otros_titulos":"2"}
CRITICAL - 2025-01-03 16:15:06 --> ErrorException: Undefined array key "id_postgrado"
in APPPATH\Controllers\NuevoController.php on line 1129.
 1 APPPATH\Controllers\NuevoController.php(1129): CodeIgniter\Debug\Exceptions->errorHandler(2, 'Undefined array key "id_postgrado"', 'C:\\xampp\\htdocs\\valoradorG2\\valorador\\app\\Controllers\\NuevoController.php', 1129)
 2 SYSTEMPATH\CodeIgniter.php(941): App\Controllers\NuevoController->editRecord2('193')
 3 SYSTEMPATH\CodeIgniter.php(502): CodeIgniter\CodeIgniter->runController(Object(App\Controllers\NuevoController))
 4 SYSTEMPATH\CodeIgniter.php(361): CodeIgniter\CodeIgniter->handleRequest(null, Object(Config\Cache), false)
 5 FCPATH\index.php(79): CodeIgniter\CodeIgniter->run()
DEBUG - 2025-01-03 16:16:23 --> {"id_otros_t":"193","detalle_otros_titulos":"maestria en cibersegu89111","fecha":"2024-12-04","id_valoracion":"298","id_otros_titulos":"2"}
CRITICAL - 2025-01-03 16:16:23 --> ErrorException: Undefined array key "id_postgrado"
in APPPATH\Controllers\NuevoController.php on line 1129.
 1 APPPATH\Controllers\NuevoController.php(1129): CodeIgniter\Debug\Exceptions->errorHandler(2, 'Undefined array key "id_postgrado"', 'C:\\xampp\\htdocs\\valoradorG2\\valorador\\app\\Controllers\\NuevoController.php', 1129)
 2 SYSTEMPATH\CodeIgniter.php(941): App\Controllers\NuevoController->editRecord2('193')
 3 SYSTEMPATH\CodeIgniter.php(502): CodeIgniter\CodeIgniter->runController(Object(App\Controllers\NuevoController))
 4 SYSTEMPATH\CodeIgniter.php(361): CodeIgniter\CodeIgniter->handleRequest(null, Object(Config\Cache), false)
 5 FCPATH\index.php(79): CodeIgniter\CodeIgniter->run()
DEBUG - 2025-01-03 16:16:55 --> {"id_otros_t":"193","detalle_otros_titulos":"maestria en cibersegu89","fecha":"2024-12-04","id_valoracion":"298","id_otros_titulos":"2"}
CRITICAL - 2025-01-03 16:16:55 --> ErrorException: Undefined array key "id_postgrado"
in APPPATH\Controllers\NuevoController.php on line 1129.
 1 APPPATH\Controllers\NuevoController.php(1129): CodeIgniter\Debug\Exceptions->errorHandler(2, 'Undefined array key "id_postgrado"', 'C:\\xampp\\htdocs\\valoradorG2\\valorador\\app\\Controllers\\NuevoController.php', 1129)
 2 SYSTEMPATH\CodeIgniter.php(941): App\Controllers\NuevoController->editRecord2('193')
 3 SYSTEMPATH\CodeIgniter.php(502): CodeIgniter\CodeIgniter->runController(Object(App\Controllers\NuevoController))
 4 SYSTEMPATH\CodeIgniter.php(361): CodeIgniter\CodeIgniter->handleRequest(null, Object(Config\Cache), false)
 5 FCPATH\index.php(79): CodeIgniter\CodeIgniter->run()
DEBUG - 2025-01-03 16:17:08 --> {"id_otros_t":"193","detalle_otros_titulos":"maestria en cibersegu89","fecha":"2024-12-04","id_valoracion":"298","id_otros_titulos":"1"}
DEBUG - 2025-01-03 16:50:02 --> {"id_otros_t":"91","detalle_otros_titulos":"asasasasa10","fecha":"2025-01-01","id_valoracion":"298","id_otros_titulos":"1"}
DEBUG - 2025-01-03 16:50:10 --> {"id_otros_t":"193","detalle_otros_titulos":"maestria en cibersegu89cvcvc","fecha":"2024-12-04","id_valoracion":"298","id_otros_titulos":"2"}
DEBUG - 2025-01-03 16:51:31 --> {"id_otros_t":"193","detalle_otros_titulos":"maestria en cibersegu89","fecha":"2024-12-04","id_valoracion":"298","id_otros_titulos":"2"}
INFO - 2025-01-03 17:10:24 --> Session: Class initialized using 'CodeIgniter\Session\Handlers\FileHandler' driver.
INFO - 2025-01-03 18:17:38 --> Session: Class initialized using 'CodeIgniter\Session\Handlers\FileHandler' driver.
CRITICAL - 2025-01-03 18:32:29 --> ParseError: syntax error, unexpected token ":", expecting "," or ";"
in APPPATH\Models\ValoracionPostgradoModel.php on line 20.
 1 SYSTEMPATH\Autoloader\Autoloader.php(290): CodeIgniter\Autoloader\Autoloader->includeFile('C:\\xampp\\htdocs\\valoradorG2\\valorador\\app\\Models\\ValoracionPostgradoModel.php')
 2 SYSTEMPATH\Autoloader\Autoloader.php(266): CodeIgniter\Autoloader\Autoloader->loadInNamespace('App\\Models\\ValoracionPostgradoModel')
 3 APPPATH\Controllers\NuevoController.php(485): CodeIgniter\Autoloader\Autoloader->loadClass('App\\Models\\ValoracionPostgradoModel')
 4 SYSTEMPATH\CodeIgniter.php(941): App\Controllers\NuevoController->mostrar_valoraciones_porDocente_porMateria3()
 5 SYSTEMPATH\CodeIgniter.php(502): CodeIgniter\CodeIgniter->runController(Object(App\Controllers\NuevoController))
 6 SYSTEMPATH\CodeIgniter.php(361): CodeIgniter\CodeIgniter->handleRequest(null, Object(Config\Cache), false)
 7 FCPATH\index.php(79): CodeIgniter\CodeIgniter->run()
