INFO - 2025-02-14 11:06:54 --> Session: Class initialized using 'CodeIgniter\Session\Handlers\FileHandler' driver.
INFO - 2025-02-14 11:06:54 --> Session: Class initialized using 'CodeIgniter\Session\Handlers\FileHandler' driver.
INFO - 2025-02-14 11:07:14 --> Session: Class initialized using 'CodeIgniter\Session\Handlers\FileHandler' driver.
INFO - 2025-02-14 11:07:14 --> Session: Class initialized using 'CodeIgniter\Session\Handlers\FileHandler' driver.
INFO - 2025-02-14 11:07:47 --> Session: Class initialized using 'CodeIgniter\Session\Handlers\FileHandler' driver.
CRITICAL - 2025-02-14 11:07:55 --> ErrorException: Undefined variable $titulo
in APPPATH\Controllers\NuevoController.php on line 761.
 1 APPPATH\Controllers\NuevoController.php(761): CodeIgniter\Debug\Exceptions->errorHandler(2, 'Undefined variable $titulo', 'C:\\xampp\\htdocs\\valoradorG2\\valorador\\app\\Controllers\\NuevoController.php', 761)
 2 SYSTEMPATH\CodeIgniter.php(941): App\Controllers\NuevoController->mostrar_valoraciones_porDocente_porMateria3()
 3 SYSTEMPATH\CodeIgniter.php(502): CodeIgniter\CodeIgniter->runController(Object(App\Controllers\NuevoController))
 4 SYSTEMPATH\CodeIgniter.php(361): CodeIgniter\CodeIgniter->handleRequest(null, Object(Config\Cache), false)
 5 FCPATH\index.php(79): CodeIgniter\CodeIgniter->run()
INFO - 2025-02-14 11:08:02 --> Session: Class initialized using 'CodeIgniter\Session\Handlers\FileHandler' driver.
CRITICAL - 2025-02-14 12:29:06 --> ErrorException: Cannot redeclare App\Controllers\NuevoController::getDetailInvestigacion()
in APPPATH\Controllers\NuevoController.php on line 1824.
 1 [internal function]: CodeIgniter\Debug\Exceptions->shutdownHandler()
INFO - 2025-02-14 12:30:12 --> Session: Class initialized using 'CodeIgniter\Session\Handlers\FileHandler' driver.
INFO - 2025-02-14 12:30:32 --> Session: Class initialized using 'CodeIgniter\Session\Handlers\FileHandler' driver.
CRITICAL - 2025-02-14 12:30:41 --> ErrorException: Undefined array key "detalle_investigacion"
in APPPATH\Controllers\NuevoController.php on line 1799.
 1 APPPATH\Controllers\NuevoController.php(1799): CodeIgniter\Debug\Exceptions->errorHandler(2, 'Undefined array key "detalle_investigacion"', 'C:\\xampp\\htdocs\\valoradorG2\\valorador\\app\\Controllers\\NuevoController.php', 1799)
 2 SYSTEMPATH\CodeIgniter.php(941): App\Controllers\NuevoController->editRecord7('31')
 3 SYSTEMPATH\CodeIgniter.php(502): CodeIgniter\CodeIgniter->runController(Object(App\Controllers\NuevoController))
 4 SYSTEMPATH\CodeIgniter.php(361): CodeIgniter\CodeIgniter->handleRequest(null, Object(Config\Cache), false)
 5 FCPATH\index.php(79): CodeIgniter\CodeIgniter->run()
CRITICAL - 2025-02-14 12:30:43 --> ErrorException: Undefined array key "detalle_investigacion"
in APPPATH\Controllers\NuevoController.php on line 1799.
 1 APPPATH\Controllers\NuevoController.php(1799): CodeIgniter\Debug\Exceptions->errorHandler(2, 'Undefined array key "detalle_investigacion"', 'C:\\xampp\\htdocs\\valoradorG2\\valorador\\app\\Controllers\\NuevoController.php', 1799)
 2 SYSTEMPATH\CodeIgniter.php(941): App\Controllers\NuevoController->editRecord7('31')
 3 SYSTEMPATH\CodeIgniter.php(502): CodeIgniter\CodeIgniter->runController(Object(App\Controllers\NuevoController))
 4 SYSTEMPATH\CodeIgniter.php(361): CodeIgniter\CodeIgniter->handleRequest(null, Object(Config\Cache), false)
 5 FCPATH\index.php(79): CodeIgniter\CodeIgniter->run()
INFO - 2025-02-14 12:32:40 --> Session: Class initialized using 'CodeIgniter\Session\Handlers\FileHandler' driver.
CRITICAL - 2025-02-14 12:32:47 --> ErrorException: Undefined array key "detalle_investigacion"
in APPPATH\Controllers\NuevoController.php on line 1799.
 1 APPPATH\Controllers\NuevoController.php(1799): CodeIgniter\Debug\Exceptions->errorHandler(2, 'Undefined array key "detalle_investigacion"', 'C:\\xampp\\htdocs\\valoradorG2\\valorador\\app\\Controllers\\NuevoController.php', 1799)
 2 SYSTEMPATH\CodeIgniter.php(941): App\Controllers\NuevoController->editRecord7('31')
 3 SYSTEMPATH\CodeIgniter.php(502): CodeIgniter\CodeIgniter->runController(Object(App\Controllers\NuevoController))
 4 SYSTEMPATH\CodeIgniter.php(361): CodeIgniter\CodeIgniter->handleRequest(null, Object(Config\Cache), false)
 5 FCPATH\index.php(79): CodeIgniter\CodeIgniter->run()
INFO - 2025-02-14 12:35:10 --> Session: Class initialized using 'CodeIgniter\Session\Handlers\FileHandler' driver.
INFO - 2025-02-14 12:35:16 --> Session: Class initialized using 'CodeIgniter\Session\Handlers\FileHandler' driver.
INFO - 2025-02-14 12:35:22 --> Session: Class initialized using 'CodeIgniter\Session\Handlers\FileHandler' driver.
INFO - 2025-02-14 12:37:08 --> Session: Class initialized using 'CodeIgniter\Session\Handlers\FileHandler' driver.
INFO - 2025-02-14 12:37:16 --> Session: Class initialized using 'CodeIgniter\Session\Handlers\FileHandler' driver.
INFO - 2025-02-14 12:53:08 --> Session: Class initialized using 'CodeIgniter\Session\Handlers\FileHandler' driver.
INFO - 2025-02-14 14:06:40 --> Session: Class initialized using 'CodeIgniter\Session\Handlers\FileHandler' driver.
INFO - 2025-02-14 14:06:53 --> Session: Class initialized using 'CodeIgniter\Session\Handlers\FileHandler' driver.
INFO - 2025-02-14 14:07:00 --> Session: Class initialized using 'CodeIgniter\Session\Handlers\FileHandler' driver.
ERROR - 2025-02-14 14:07:04 --> mysqli_sql_exception: Unknown column 'id_detalle_ant' in 'where clause' in C:\xampp\htdocs\valoradorG2\valorador\system\Database\MySQLi\Connection.php:306
Stack trace:
#0 C:\xampp\htdocs\valoradorG2\valorador\system\Database\MySQLi\Connection.php(306): mysqli->query('SELECT *\nFROM `...', 0)
#1 C:\xampp\htdocs\valoradorG2\valorador\system\Database\BaseConnection.php(693): CodeIgniter\Database\MySQLi\Connection->execute('SELECT *\nFROM `...')
#2 C:\xampp\htdocs\valoradorG2\valorador\system\Database\BaseConnection.php(607): CodeIgniter\Database\BaseConnection->simpleQuery('SELECT *\nFROM `...')
#3 C:\xampp\htdocs\valoradorG2\valorador\system\Database\BaseBuilder.php(1616): CodeIgniter\Database\BaseConnection->query('SELECT *\nFROM `...', Array, false)
#4 C:\xampp\htdocs\valoradorG2\valorador\app\Models\ActualizacionAntLabModel.php(36): CodeIgniter\Database\BaseBuilder->get()
#5 C:\xampp\htdocs\valoradorG2\valorador\app\Controllers\NuevoController.php(1935): App\Models\ActualizacionAntLabModel->getLab('91')
#6 C:\xampp\htdocs\valoradorG2\valorador\system\CodeIgniter.php(941): App\Controllers\NuevoController->getDetailLab('91')
#7 C:\xampp\htdocs\valoradorG2\valorador\system\CodeIgniter.php(502): CodeIgniter\CodeIgniter->runController(Object(App\Controllers\NuevoController))
#8 C:\xampp\htdocs\valoradorG2\valorador\system\CodeIgniter.php(361): CodeIgniter\CodeIgniter->handleRequest(NULL, Object(Config\Cache), false)
#9 C:\xampp\htdocs\valoradorG2\valorador\public\index.php(79): CodeIgniter\CodeIgniter->run()
#10 {main}
CRITICAL - 2025-02-14 14:07:05 --> CodeIgniter\Database\Exceptions\DatabaseException: Unknown column 'id_detalle_ant' in 'where clause'
in SYSTEMPATH\Database\BaseConnection.php on line 647.
 1 SYSTEMPATH\Database\BaseBuilder.php(1616): CodeIgniter\Database\BaseConnection->query('SELECT *
FROM `actualizacion_antecedentes_laborales`
WHERE `id_detalle_ant` = :id_detalle_ant:', [...], false)
 2 APPPATH\Models\ActualizacionAntLabModel.php(36): CodeIgniter\Database\BaseBuilder->get()
 3 APPPATH\Controllers\NuevoController.php(1935): App\Models\ActualizacionAntLabModel->getLab('91')
 4 SYSTEMPATH\CodeIgniter.php(941): App\Controllers\NuevoController->getDetailLab('91')
 5 SYSTEMPATH\CodeIgniter.php(502): CodeIgniter\CodeIgniter->runController(Object(App\Controllers\NuevoController))
 6 SYSTEMPATH\CodeIgniter.php(361): CodeIgniter\CodeIgniter->handleRequest(null, Object(Config\Cache), false)
 7 FCPATH\index.php(79): CodeIgniter\CodeIgniter->run()
CRITICAL - 2025-02-14 14:07:05 --> [Caused by] CodeIgniter\Database\Exceptions\DatabaseException: Unknown column 'id_detalle_ant' in 'where clause'
in SYSTEMPATH\Database\MySQLi\Connection.php on line 311.
 1 SYSTEMPATH\Database\BaseConnection.php(693): CodeIgniter\Database\MySQLi\Connection->execute('SELECT *
FROM `actualizacion_antecedentes_laborales`
WHERE `id_detalle_ant` = \'91\'')
 2 SYSTEMPATH\Database\BaseConnection.php(607): CodeIgniter\Database\BaseConnection->simpleQuery('SELECT *
FROM `actualizacion_antecedentes_laborales`
WHERE `id_detalle_ant` = \'91\'')
 3 SYSTEMPATH\Database\BaseBuilder.php(1616): CodeIgniter\Database\BaseConnection->query('SELECT *
FROM `actualizacion_antecedentes_laborales`
WHERE `id_detalle_ant` = :id_detalle_ant:', [...], false)
 4 APPPATH\Models\ActualizacionAntLabModel.php(36): CodeIgniter\Database\BaseBuilder->get()
 5 APPPATH\Controllers\NuevoController.php(1935): App\Models\ActualizacionAntLabModel->getLab('91')
 6 SYSTEMPATH\CodeIgniter.php(941): App\Controllers\NuevoController->getDetailLab('91')
 7 SYSTEMPATH\CodeIgniter.php(502): CodeIgniter\CodeIgniter->runController(Object(App\Controllers\NuevoController))
 8 SYSTEMPATH\CodeIgniter.php(361): CodeIgniter\CodeIgniter->handleRequest(null, Object(Config\Cache), false)
 9 FCPATH\index.php(79): CodeIgniter\CodeIgniter->run()
CRITICAL - 2025-02-14 14:07:05 --> [Caused by] mysqli_sql_exception: Unknown column 'id_detalle_ant' in 'where clause'
in SYSTEMPATH\Database\MySQLi\Connection.php on line 306.
 1 SYSTEMPATH\Database\MySQLi\Connection.php(306): mysqli->query('SELECT *
FROM `actualizacion_antecedentes_laborales`
WHERE `id_detalle_ant` = \'91\'', 0)
 2 SYSTEMPATH\Database\BaseConnection.php(693): CodeIgniter\Database\MySQLi\Connection->execute('SELECT *
FROM `actualizacion_antecedentes_laborales`
WHERE `id_detalle_ant` = \'91\'')
 3 SYSTEMPATH\Database\BaseConnection.php(607): CodeIgniter\Database\BaseConnection->simpleQuery('SELECT *
FROM `actualizacion_antecedentes_laborales`
WHERE `id_detalle_ant` = \'91\'')
 4 SYSTEMPATH\Database\BaseBuilder.php(1616): CodeIgniter\Database\BaseConnection->query('SELECT *
FROM `actualizacion_antecedentes_laborales`
WHERE `id_detalle_ant` = :id_detalle_ant:', [...], false)
 5 APPPATH\Models\ActualizacionAntLabModel.php(36): CodeIgniter\Database\BaseBuilder->get()
 6 APPPATH\Controllers\NuevoController.php(1935): App\Models\ActualizacionAntLabModel->getLab('91')
 7 SYSTEMPATH\CodeIgniter.php(941): App\Controllers\NuevoController->getDetailLab('91')
 8 SYSTEMPATH\CodeIgniter.php(502): CodeIgniter\CodeIgniter->runController(Object(App\Controllers\NuevoController))
 9 SYSTEMPATH\CodeIgniter.php(361): CodeIgniter\CodeIgniter->handleRequest(null, Object(Config\Cache), false)
10 FCPATH\index.php(79): CodeIgniter\CodeIgniter->run()
ERROR - 2025-02-14 14:07:07 --> mysqli_sql_exception: Unknown column 'id_detalle_ant' in 'where clause' in C:\xampp\htdocs\valoradorG2\valorador\system\Database\MySQLi\Connection.php:306
Stack trace:
#0 C:\xampp\htdocs\valoradorG2\valorador\system\Database\MySQLi\Connection.php(306): mysqli->query('SELECT *\nFROM `...', 0)
#1 C:\xampp\htdocs\valoradorG2\valorador\system\Database\BaseConnection.php(693): CodeIgniter\Database\MySQLi\Connection->execute('SELECT *\nFROM `...')
#2 C:\xampp\htdocs\valoradorG2\valorador\system\Database\BaseConnection.php(607): CodeIgniter\Database\BaseConnection->simpleQuery('SELECT *\nFROM `...')
#3 C:\xampp\htdocs\valoradorG2\valorador\system\Database\BaseBuilder.php(1616): CodeIgniter\Database\BaseConnection->query('SELECT *\nFROM `...', Array, false)
#4 C:\xampp\htdocs\valoradorG2\valorador\app\Models\ActualizacionAntLabModel.php(36): CodeIgniter\Database\BaseBuilder->get()
#5 C:\xampp\htdocs\valoradorG2\valorador\app\Controllers\NuevoController.php(1935): App\Models\ActualizacionAntLabModel->getLab('91')
#6 C:\xampp\htdocs\valoradorG2\valorador\system\CodeIgniter.php(941): App\Controllers\NuevoController->getDetailLab('91')
#7 C:\xampp\htdocs\valoradorG2\valorador\system\CodeIgniter.php(502): CodeIgniter\CodeIgniter->runController(Object(App\Controllers\NuevoController))
#8 C:\xampp\htdocs\valoradorG2\valorador\system\CodeIgniter.php(361): CodeIgniter\CodeIgniter->handleRequest(NULL, Object(Config\Cache), false)
#9 C:\xampp\htdocs\valoradorG2\valorador\public\index.php(79): CodeIgniter\CodeIgniter->run()
#10 {main}
CRITICAL - 2025-02-14 14:07:07 --> CodeIgniter\Database\Exceptions\DatabaseException: Unknown column 'id_detalle_ant' in 'where clause'
in SYSTEMPATH\Database\BaseConnection.php on line 647.
 1 SYSTEMPATH\Database\BaseBuilder.php(1616): CodeIgniter\Database\BaseConnection->query('SELECT *
FROM `actualizacion_antecedentes_laborales`
WHERE `id_detalle_ant` = :id_detalle_ant:', [...], false)
 2 APPPATH\Models\ActualizacionAntLabModel.php(36): CodeIgniter\Database\BaseBuilder->get()
 3 APPPATH\Controllers\NuevoController.php(1935): App\Models\ActualizacionAntLabModel->getLab('91')
 4 SYSTEMPATH\CodeIgniter.php(941): App\Controllers\NuevoController->getDetailLab('91')
 5 SYSTEMPATH\CodeIgniter.php(502): CodeIgniter\CodeIgniter->runController(Object(App\Controllers\NuevoController))
 6 SYSTEMPATH\CodeIgniter.php(361): CodeIgniter\CodeIgniter->handleRequest(null, Object(Config\Cache), false)
 7 FCPATH\index.php(79): CodeIgniter\CodeIgniter->run()
CRITICAL - 2025-02-14 14:07:07 --> [Caused by] CodeIgniter\Database\Exceptions\DatabaseException: Unknown column 'id_detalle_ant' in 'where clause'
in SYSTEMPATH\Database\MySQLi\Connection.php on line 311.
 1 SYSTEMPATH\Database\BaseConnection.php(693): CodeIgniter\Database\MySQLi\Connection->execute('SELECT *
FROM `actualizacion_antecedentes_laborales`
WHERE `id_detalle_ant` = \'91\'')
 2 SYSTEMPATH\Database\BaseConnection.php(607): CodeIgniter\Database\BaseConnection->simpleQuery('SELECT *
FROM `actualizacion_antecedentes_laborales`
WHERE `id_detalle_ant` = \'91\'')
 3 SYSTEMPATH\Database\BaseBuilder.php(1616): CodeIgniter\Database\BaseConnection->query('SELECT *
FROM `actualizacion_antecedentes_laborales`
WHERE `id_detalle_ant` = :id_detalle_ant:', [...], false)
 4 APPPATH\Models\ActualizacionAntLabModel.php(36): CodeIgniter\Database\BaseBuilder->get()
 5 APPPATH\Controllers\NuevoController.php(1935): App\Models\ActualizacionAntLabModel->getLab('91')
 6 SYSTEMPATH\CodeIgniter.php(941): App\Controllers\NuevoController->getDetailLab('91')
 7 SYSTEMPATH\CodeIgniter.php(502): CodeIgniter\CodeIgniter->runController(Object(App\Controllers\NuevoController))
 8 SYSTEMPATH\CodeIgniter.php(361): CodeIgniter\CodeIgniter->handleRequest(null, Object(Config\Cache), false)
 9 FCPATH\index.php(79): CodeIgniter\CodeIgniter->run()
CRITICAL - 2025-02-14 14:07:07 --> [Caused by] mysqli_sql_exception: Unknown column 'id_detalle_ant' in 'where clause'
in SYSTEMPATH\Database\MySQLi\Connection.php on line 306.
 1 SYSTEMPATH\Database\MySQLi\Connection.php(306): mysqli->query('SELECT *
FROM `actualizacion_antecedentes_laborales`
WHERE `id_detalle_ant` = \'91\'', 0)
 2 SYSTEMPATH\Database\BaseConnection.php(693): CodeIgniter\Database\MySQLi\Connection->execute('SELECT *
FROM `actualizacion_antecedentes_laborales`
WHERE `id_detalle_ant` = \'91\'')
 3 SYSTEMPATH\Database\BaseConnection.php(607): CodeIgniter\Database\BaseConnection->simpleQuery('SELECT *
FROM `actualizacion_antecedentes_laborales`
WHERE `id_detalle_ant` = \'91\'')
 4 SYSTEMPATH\Database\BaseBuilder.php(1616): CodeIgniter\Database\BaseConnection->query('SELECT *
FROM `actualizacion_antecedentes_laborales`
WHERE `id_detalle_ant` = :id_detalle_ant:', [...], false)
 5 APPPATH\Models\ActualizacionAntLabModel.php(36): CodeIgniter\Database\BaseBuilder->get()
 6 APPPATH\Controllers\NuevoController.php(1935): App\Models\ActualizacionAntLabModel->getLab('91')
 7 SYSTEMPATH\CodeIgniter.php(941): App\Controllers\NuevoController->getDetailLab('91')
 8 SYSTEMPATH\CodeIgniter.php(502): CodeIgniter\CodeIgniter->runController(Object(App\Controllers\NuevoController))
 9 SYSTEMPATH\CodeIgniter.php(361): CodeIgniter\CodeIgniter->handleRequest(null, Object(Config\Cache), false)
10 FCPATH\index.php(79): CodeIgniter\CodeIgniter->run()
ERROR - 2025-02-14 14:09:10 --> mysqli_sql_exception: Unknown column 'id_detalle_ant' in 'where clause' in C:\xampp\htdocs\valoradorG2\valorador\system\Database\MySQLi\Connection.php:306
Stack trace:
#0 C:\xampp\htdocs\valoradorG2\valorador\system\Database\MySQLi\Connection.php(306): mysqli->query('SELECT *\nFROM `...', 0)
#1 C:\xampp\htdocs\valoradorG2\valorador\system\Database\BaseConnection.php(693): CodeIgniter\Database\MySQLi\Connection->execute('SELECT *\nFROM `...')
#2 C:\xampp\htdocs\valoradorG2\valorador\system\Database\BaseConnection.php(607): CodeIgniter\Database\BaseConnection->simpleQuery('SELECT *\nFROM `...')
#3 C:\xampp\htdocs\valoradorG2\valorador\system\Database\BaseBuilder.php(1616): CodeIgniter\Database\BaseConnection->query('SELECT *\nFROM `...', Array, false)
#4 C:\xampp\htdocs\valoradorG2\valorador\app\Models\ActualizacionAntLabModel.php(36): CodeIgniter\Database\BaseBuilder->get()
#5 C:\xampp\htdocs\valoradorG2\valorador\app\Controllers\NuevoController.php(1935): App\Models\ActualizacionAntLabModel->getLab('91')
#6 C:\xampp\htdocs\valoradorG2\valorador\system\CodeIgniter.php(941): App\Controllers\NuevoController->getDetailLab('91')
#7 C:\xampp\htdocs\valoradorG2\valorador\system\CodeIgniter.php(502): CodeIgniter\CodeIgniter->runController(Object(App\Controllers\NuevoController))
#8 C:\xampp\htdocs\valoradorG2\valorador\system\CodeIgniter.php(361): CodeIgniter\CodeIgniter->handleRequest(NULL, Object(Config\Cache), false)
#9 C:\xampp\htdocs\valoradorG2\valorador\public\index.php(79): CodeIgniter\CodeIgniter->run()
#10 {main}
CRITICAL - 2025-02-14 14:09:10 --> CodeIgniter\Database\Exceptions\DatabaseException: Unknown column 'id_detalle_ant' in 'where clause'
in SYSTEMPATH\Database\BaseConnection.php on line 647.
 1 SYSTEMPATH\Database\BaseBuilder.php(1616): CodeIgniter\Database\BaseConnection->query('SELECT *
FROM `actualizacion_antecedentes_laborales`
WHERE `id_detalle_ant` = :id_detalle_ant:', [...], false)
 2 APPPATH\Models\ActualizacionAntLabModel.php(36): CodeIgniter\Database\BaseBuilder->get()
 3 APPPATH\Controllers\NuevoController.php(1935): App\Models\ActualizacionAntLabModel->getLab('91')
 4 SYSTEMPATH\CodeIgniter.php(941): App\Controllers\NuevoController->getDetailLab('91')
 5 SYSTEMPATH\CodeIgniter.php(502): CodeIgniter\CodeIgniter->runController(Object(App\Controllers\NuevoController))
 6 SYSTEMPATH\CodeIgniter.php(361): CodeIgniter\CodeIgniter->handleRequest(null, Object(Config\Cache), false)
 7 FCPATH\index.php(79): CodeIgniter\CodeIgniter->run()
CRITICAL - 2025-02-14 14:09:10 --> [Caused by] CodeIgniter\Database\Exceptions\DatabaseException: Unknown column 'id_detalle_ant' in 'where clause'
in SYSTEMPATH\Database\MySQLi\Connection.php on line 311.
 1 SYSTEMPATH\Database\BaseConnection.php(693): CodeIgniter\Database\MySQLi\Connection->execute('SELECT *
FROM `actualizacion_antecedentes_laborales`
WHERE `id_detalle_ant` = \'91\'')
 2 SYSTEMPATH\Database\BaseConnection.php(607): CodeIgniter\Database\BaseConnection->simpleQuery('SELECT *
FROM `actualizacion_antecedentes_laborales`
WHERE `id_detalle_ant` = \'91\'')
 3 SYSTEMPATH\Database\BaseBuilder.php(1616): CodeIgniter\Database\BaseConnection->query('SELECT *
FROM `actualizacion_antecedentes_laborales`
WHERE `id_detalle_ant` = :id_detalle_ant:', [...], false)
 4 APPPATH\Models\ActualizacionAntLabModel.php(36): CodeIgniter\Database\BaseBuilder->get()
 5 APPPATH\Controllers\NuevoController.php(1935): App\Models\ActualizacionAntLabModel->getLab('91')
 6 SYSTEMPATH\CodeIgniter.php(941): App\Controllers\NuevoController->getDetailLab('91')
 7 SYSTEMPATH\CodeIgniter.php(502): CodeIgniter\CodeIgniter->runController(Object(App\Controllers\NuevoController))
 8 SYSTEMPATH\CodeIgniter.php(361): CodeIgniter\CodeIgniter->handleRequest(null, Object(Config\Cache), false)
 9 FCPATH\index.php(79): CodeIgniter\CodeIgniter->run()
CRITICAL - 2025-02-14 14:09:10 --> [Caused by] mysqli_sql_exception: Unknown column 'id_detalle_ant' in 'where clause'
in SYSTEMPATH\Database\MySQLi\Connection.php on line 306.
 1 SYSTEMPATH\Database\MySQLi\Connection.php(306): mysqli->query('SELECT *
FROM `actualizacion_antecedentes_laborales`
WHERE `id_detalle_ant` = \'91\'', 0)
 2 SYSTEMPATH\Database\BaseConnection.php(693): CodeIgniter\Database\MySQLi\Connection->execute('SELECT *
FROM `actualizacion_antecedentes_laborales`
WHERE `id_detalle_ant` = \'91\'')
 3 SYSTEMPATH\Database\BaseConnection.php(607): CodeIgniter\Database\BaseConnection->simpleQuery('SELECT *
FROM `actualizacion_antecedentes_laborales`
WHERE `id_detalle_ant` = \'91\'')
 4 SYSTEMPATH\Database\BaseBuilder.php(1616): CodeIgniter\Database\BaseConnection->query('SELECT *
FROM `actualizacion_antecedentes_laborales`
WHERE `id_detalle_ant` = :id_detalle_ant:', [...], false)
 5 APPPATH\Models\ActualizacionAntLabModel.php(36): CodeIgniter\Database\BaseBuilder->get()
 6 APPPATH\Controllers\NuevoController.php(1935): App\Models\ActualizacionAntLabModel->getLab('91')
 7 SYSTEMPATH\CodeIgniter.php(941): App\Controllers\NuevoController->getDetailLab('91')
 8 SYSTEMPATH\CodeIgniter.php(502): CodeIgniter\CodeIgniter->runController(Object(App\Controllers\NuevoController))
 9 SYSTEMPATH\CodeIgniter.php(361): CodeIgniter\CodeIgniter->handleRequest(null, Object(Config\Cache), false)
10 FCPATH\index.php(79): CodeIgniter\CodeIgniter->run()
INFO - 2025-02-14 14:12:13 --> Session: Class initialized using 'CodeIgniter\Session\Handlers\FileHandler' driver.
INFO - 2025-02-14 14:12:35 --> Session: Class initialized using 'CodeIgniter\Session\Handlers\FileHandler' driver.
INFO - 2025-02-14 14:12:46 --> Session: Class initialized using 'CodeIgniter\Session\Handlers\FileHandler' driver.
INFO - 2025-02-14 14:41:41 --> Session: Class initialized using 'CodeIgniter\Session\Handlers\FileHandler' driver.
INFO - 2025-02-14 14:41:56 --> Session: Class initialized using 'CodeIgniter\Session\Handlers\FileHandler' driver.
INFO - 2025-02-14 14:42:07 --> Session: Class initialized using 'CodeIgniter\Session\Handlers\FileHandler' driver.
INFO - 2025-02-14 14:42:10 --> Session: Class initialized using 'CodeIgniter\Session\Handlers\FileHandler' driver.
INFO - 2025-02-14 14:42:15 --> Session: Class initialized using 'CodeIgniter\Session\Handlers\FileHandler' driver.
INFO - 2025-02-14 14:42:20 --> Session: Class initialized using 'CodeIgniter\Session\Handlers\FileHandler' driver.
