INFO - 2025-03-02 14:23:20 --> Session: Class initialized using 'CodeIgniter\Session\Handlers\FileHandler' driver.
INFO - 2025-03-02 14:23:22 --> Session: Class initialized using 'CodeIgniter\Session\Handlers\FileHandler' driver.
INFO - 2025-03-02 14:23:46 --> Session: Class initialized using 'CodeIgniter\Session\Handlers\FileHandler' driver.
INFO - 2025-03-02 14:23:46 --> Session: Class initialized using 'CodeIgniter\Session\Handlers\FileHandler' driver.
INFO - 2025-03-02 14:24:13 --> Session: Class initialized using 'CodeIgniter\Session\Handlers\FileHandler' driver.
CRITICAL - 2025-03-02 14:24:17 --> ErrorException: Undefined variable $titulo15
in APPPATH\Controllers\NuevoController.php on line 762.
 1 APPPATH\Controllers\NuevoController.php(762): CodeIgniter\Debug\Exceptions->errorHandler(2, 'Undefined variable $titulo15', 'C:\\xampp\\htdocs\\valoradorG2\\valorador\\app\\Controllers\\NuevoController.php', 762)
 2 SYSTEMPATH\CodeIgniter.php(941): App\Controllers\NuevoController->mostrar_valoraciones_porDocente_porMateria3()
 3 SYSTEMPATH\CodeIgniter.php(502): CodeIgniter\CodeIgniter->runController(Object(App\Controllers\NuevoController))
 4 SYSTEMPATH\CodeIgniter.php(361): CodeIgniter\CodeIgniter->handleRequest(null, Object(Config\Cache), false)
 5 FCPATH\index.php(79): CodeIgniter\CodeIgniter->run()
INFO - 2025-03-02 14:24:22 --> Session: Class initialized using 'CodeIgniter\Session\Handlers\FileHandler' driver.
DEBUG - 2025-03-02 14:24:30 --> Datos recibidos en POST: {"id_valoracion":"310","dni":"27269774","j1":"19222333","j2":"29789456","j3":"25412789","materia":"1","titulo":"1"}
DEBUG - 2025-03-02 14:24:34 --> Datos recibidos en POST: {"id_valoracion":"310","dni":"27269774","j1":"19222333","j2":"29789456","j3":"25412789","materia":"1","titulo":"1"}
CRITICAL - 2025-03-02 14:24:39 --> ErrorException: Undefined variable $titulo15
in APPPATH\Controllers\NuevoController.php on line 762.
 1 APPPATH\Controllers\NuevoController.php(762): CodeIgniter\Debug\Exceptions->errorHandler(2, 'Undefined variable $titulo15', 'C:\\xampp\\htdocs\\valoradorG2\\valorador\\app\\Controllers\\NuevoController.php', 762)
 2 SYSTEMPATH\CodeIgniter.php(941): App\Controllers\NuevoController->mostrar_valoraciones_porDocente_porMateria3()
 3 SYSTEMPATH\CodeIgniter.php(502): CodeIgniter\CodeIgniter->runController(Object(App\Controllers\NuevoController))
 4 SYSTEMPATH\CodeIgniter.php(361): CodeIgniter\CodeIgniter->handleRequest(null, Object(Config\Cache), false)
 5 FCPATH\index.php(79): CodeIgniter\CodeIgniter->run()
INFO - 2025-03-02 14:24:45 --> Session: Class initialized using 'CodeIgniter\Session\Handlers\FileHandler' driver.
DEBUG - 2025-03-02 14:24:59 --> Datos recibidos en POST: {"id_valoracion":"310","dni":"27269774","j1":"19222333","j2":"29789456","j3":"25412789","materia":"43","titulo":"1"}
CRITICAL - 2025-03-02 14:30:04 --> ErrorException: Undefined variable $titulo15
in APPPATH\Controllers\NuevoController.php on line 762.
 1 APPPATH\Controllers\NuevoController.php(762): CodeIgniter\Debug\Exceptions->errorHandler(2, 'Undefined variable $titulo15', 'C:\\xampp\\htdocs\\valoradorG2\\valorador\\app\\Controllers\\NuevoController.php', 762)
 2 SYSTEMPATH\CodeIgniter.php(941): App\Controllers\NuevoController->mostrar_valoraciones_porDocente_porMateria3()
 3 SYSTEMPATH\CodeIgniter.php(502): CodeIgniter\CodeIgniter->runController(Object(App\Controllers\NuevoController))
 4 SYSTEMPATH\CodeIgniter.php(361): CodeIgniter\CodeIgniter->handleRequest(null, Object(Config\Cache), false)
 5 FCPATH\index.php(79): CodeIgniter\CodeIgniter->run()
INFO - 2025-03-02 14:30:07 --> Session: Class initialized using 'CodeIgniter\Session\Handlers\FileHandler' driver.
INFO - 2025-03-02 14:30:11 --> Session: Class initialized using 'CodeIgniter\Session\Handlers\FileHandler' driver.
DEBUG - 2025-03-02 14:30:18 --> Datos recibidos en POST: {"id_valoracion":"310","dni":"27269774","j1":"19222333","j2":"29789456","j3":"25412789","materia":"1","titulo":"1"}
INFO - 2025-03-02 14:31:31 --> Session: Class initialized using 'CodeIgniter\Session\Handlers\FileHandler' driver.
INFO - 2025-03-02 14:31:35 --> Session: Class initialized using 'CodeIgniter\Session\Handlers\FileHandler' driver.
DEBUG - 2025-03-02 14:31:46 --> Datos recibidos en POST: {"id_valoracion":"310","dni":"27269774","j1":"19222333","j2":"29789456","j3":"25412789","materia":"43","titulo":"1"}
INFO - 2025-03-02 14:33:40 --> Session: Class initialized using 'CodeIgniter\Session\Handlers\FileHandler' driver.
DEBUG - 2025-03-02 14:33:49 --> Datos recibidos en POST: {"id_valoracion":"310","dni":"27269774","j1":"19222333","j2":"29789456","j3":"25412789","materia":"43","titulo":"1"}
DEBUG - 2025-03-02 14:33:50 --> Datos recibidos en POST: {"id_valoracion":"310","dni":"27269774","j1":"19222333","j2":"29789456","j3":"25412789","materia":"43","titulo":"1"}
INFO - 2025-03-02 14:35:30 --> Session: Class initialized using 'CodeIgniter\Session\Handlers\FileHandler' driver.
DEBUG - 2025-03-02 14:35:39 --> Datos recibidos en POST: {"id_valoracion":"310","dni":"27269774","j1":"19222333","j2":"29789456","j3":"25412789","materia":"1","titulo":"1"}
INFO - 2025-03-02 14:35:39 --> Session: Class initialized using 'CodeIgniter\Session\Handlers\FileHandler' driver.
CRITICAL - 2025-03-02 14:35:39 --> ErrorException: Undefined variable $titulo15
in APPPATH\Controllers\NuevoController.php on line 762.
 1 APPPATH\Controllers\NuevoController.php(762): CodeIgniter\Debug\Exceptions->errorHandler(2, 'Undefined variable $titulo15', 'C:\\xampp\\htdocs\\valoradorG2\\valorador\\app\\Controllers\\NuevoController.php', 762)
 2 SYSTEMPATH\CodeIgniter.php(941): App\Controllers\NuevoController->mostrar_valoraciones_porDocente_porMateria3()
 3 SYSTEMPATH\CodeIgniter.php(502): CodeIgniter\CodeIgniter->runController(Object(App\Controllers\NuevoController))
 4 SYSTEMPATH\CodeIgniter.php(361): CodeIgniter\CodeIgniter->handleRequest(null, Object(Config\Cache), false)
 5 FCPATH\index.php(79): CodeIgniter\CodeIgniter->run()
INFO - 2025-03-02 14:36:56 --> Session: Class initialized using 'CodeIgniter\Session\Handlers\FileHandler' driver.
INFO - 2025-03-02 14:37:02 --> Session: Class initialized using 'CodeIgniter\Session\Handlers\FileHandler' driver.
DEBUG - 2025-03-02 14:37:08 --> Datos recibidos en POST: {"id_valoracion":"310","dni":"27269774","j1":"19222333","j2":"29789456","j3":"25412789","materia":"43","titulo":"1"}
INFO - 2025-03-02 14:37:09 --> Session: Class initialized using 'CodeIgniter\Session\Handlers\FileHandler' driver.
CRITICAL - 2025-03-02 14:37:09 --> ErrorException: Undefined variable $titulo15
in APPPATH\Controllers\NuevoController.php on line 762.
 1 APPPATH\Controllers\NuevoController.php(762): CodeIgniter\Debug\Exceptions->errorHandler(2, 'Undefined variable $titulo15', 'C:\\xampp\\htdocs\\valoradorG2\\valorador\\app\\Controllers\\NuevoController.php', 762)
 2 SYSTEMPATH\CodeIgniter.php(941): App\Controllers\NuevoController->mostrar_valoraciones_porDocente_porMateria3()
 3 SYSTEMPATH\CodeIgniter.php(502): CodeIgniter\CodeIgniter->runController(Object(App\Controllers\NuevoController))
 4 SYSTEMPATH\CodeIgniter.php(361): CodeIgniter\CodeIgniter->handleRequest(null, Object(Config\Cache), false)
 5 FCPATH\index.php(79): CodeIgniter\CodeIgniter->run()
INFO - 2025-03-02 14:39:12 --> Session: Class initialized using 'CodeIgniter\Session\Handlers\FileHandler' driver.
CRITICAL - 2025-03-02 14:39:19 --> ErrorException: Undefined variable $titulo15
in APPPATH\Controllers\NuevoController.php on line 762.
 1 APPPATH\Controllers\NuevoController.php(762): CodeIgniter\Debug\Exceptions->errorHandler(2, 'Undefined variable $titulo15', 'C:\\xampp\\htdocs\\valoradorG2\\valorador\\app\\Controllers\\NuevoController.php', 762)
 2 SYSTEMPATH\CodeIgniter.php(941): App\Controllers\NuevoController->mostrar_valoraciones_porDocente_porMateria3()
 3 SYSTEMPATH\CodeIgniter.php(502): CodeIgniter\CodeIgniter->runController(Object(App\Controllers\NuevoController))
 4 SYSTEMPATH\CodeIgniter.php(361): CodeIgniter\CodeIgniter->handleRequest(null, Object(Config\Cache), false)
 5 FCPATH\index.php(79): CodeIgniter\CodeIgniter->run()
INFO - 2025-03-02 14:39:25 --> Session: Class initialized using 'CodeIgniter\Session\Handlers\FileHandler' driver.
DEBUG - 2025-03-02 14:39:33 --> Datos recibidos en POST: {"id_valoracion":"310","dni":"27269774","j1":"19222333","j2":"29789456","j3":"25412789","materia":"1","titulo":"1"}
INFO - 2025-03-02 14:39:33 --> Session: Class initialized using 'CodeIgniter\Session\Handlers\FileHandler' driver.
CRITICAL - 2025-03-02 14:39:33 --> ErrorException: Undefined variable $titulo15
in APPPATH\Controllers\NuevoController.php on line 762.
 1 APPPATH\Controllers\NuevoController.php(762): CodeIgniter\Debug\Exceptions->errorHandler(2, 'Undefined variable $titulo15', 'C:\\xampp\\htdocs\\valoradorG2\\valorador\\app\\Controllers\\NuevoController.php', 762)
 2 SYSTEMPATH\CodeIgniter.php(941): App\Controllers\NuevoController->mostrar_valoraciones_porDocente_porMateria3()
 3 SYSTEMPATH\CodeIgniter.php(502): CodeIgniter\CodeIgniter->runController(Object(App\Controllers\NuevoController))
 4 SYSTEMPATH\CodeIgniter.php(361): CodeIgniter\CodeIgniter->handleRequest(null, Object(Config\Cache), false)
 5 FCPATH\index.php(79): CodeIgniter\CodeIgniter->run()
INFO - 2025-03-02 14:41:41 --> Session: Class initialized using 'CodeIgniter\Session\Handlers\FileHandler' driver.
INFO - 2025-03-02 14:41:46 --> Session: Class initialized using 'CodeIgniter\Session\Handlers\FileHandler' driver.
DEBUG - 2025-03-02 14:41:57 --> Datos recibidos en POST: {"id_valoracion":"310","dni":"27269774","j1":"19222333","j2":"29789456","j3":"25412789","materia":"43","titulo":"1"}
INFO - 2025-03-02 14:41:57 --> Session: Class initialized using 'CodeIgniter\Session\Handlers\FileHandler' driver.
DEBUG - 2025-03-02 14:41:58 --> Datos recibidos en POST: {"id_valoracion":"310","dni":"27269774","j1":"19222333","j2":"29789456","j3":"25412789","materia":"43","titulo":"1"}
CRITICAL - 2025-03-02 14:41:58 --> ErrorException: Undefined variable $titulo15
in APPPATH\Controllers\NuevoController.php on line 762.
 1 APPPATH\Controllers\NuevoController.php(762): CodeIgniter\Debug\Exceptions->errorHandler(2, 'Undefined variable $titulo15', 'C:\\xampp\\htdocs\\valoradorG2\\valorador\\app\\Controllers\\NuevoController.php', 762)
 2 SYSTEMPATH\CodeIgniter.php(941): App\Controllers\NuevoController->mostrar_valoraciones_porDocente_porMateria3()
 3 SYSTEMPATH\CodeIgniter.php(502): CodeIgniter\CodeIgniter->runController(Object(App\Controllers\NuevoController))
 4 SYSTEMPATH\CodeIgniter.php(361): CodeIgniter\CodeIgniter->handleRequest(null, Object(Config\Cache), false)
 5 FCPATH\index.php(79): CodeIgniter\CodeIgniter->run()
INFO - 2025-03-02 14:41:58 --> Session: Class initialized using 'CodeIgniter\Session\Handlers\FileHandler' driver.
