INFO - 2025-02-12 12:41:20 --> Session: Class initialized using 'CodeIgniter\Session\Handlers\FileHandler' driver.
INFO - 2025-02-12 12:41:21 --> Session: Class initialized using 'CodeIgniter\Session\Handlers\FileHandler' driver.
INFO - 2025-02-12 12:41:45 --> Session: Class initialized using 'CodeIgniter\Session\Handlers\FileHandler' driver.
INFO - 2025-02-12 12:41:45 --> Session: Class initialized using 'CodeIgniter\Session\Handlers\FileHandler' driver.
INFO - 2025-02-12 12:41:48 --> Session: Class initialized using 'CodeIgniter\Session\Handlers\FileHandler' driver.
CRITICAL - 2025-02-12 12:41:54 --> ErrorException: Undefined variable $titulo
in APPPATH\Controllers\NuevoController.php on line 757.
 1 APPPATH\Controllers\NuevoController.php(757): CodeIgniter\Debug\Exceptions->errorHandler(2, 'Undefined variable $titulo', 'C:\\xampp\\htdocs\\valoradorG2\\valorador\\app\\Controllers\\NuevoController.php', 757)
 2 SYSTEMPATH\CodeIgniter.php(941): App\Controllers\NuevoController->mostrar_valoraciones_porDocente_porMateria3()
 3 SYSTEMPATH\CodeIgniter.php(502): CodeIgniter\CodeIgniter->runController(Object(App\Controllers\NuevoController))
 4 SYSTEMPATH\CodeIgniter.php(361): CodeIgniter\CodeIgniter->handleRequest(null, Object(Config\Cache), false)
 5 FCPATH\index.php(79): CodeIgniter\CodeIgniter->run()
CRITICAL - 2025-02-12 12:42:06 --> ErrorException: Undefined variable $titulo
in APPPATH\Controllers\NuevoController.php on line 757.
 1 APPPATH\Controllers\NuevoController.php(757): CodeIgniter\Debug\Exceptions->errorHandler(2, 'Undefined variable $titulo', 'C:\\xampp\\htdocs\\valoradorG2\\valorador\\app\\Controllers\\NuevoController.php', 757)
 2 SYSTEMPATH\CodeIgniter.php(941): App\Controllers\NuevoController->mostrar_valoraciones_porDocente_porMateria3()
 3 SYSTEMPATH\CodeIgniter.php(502): CodeIgniter\CodeIgniter->runController(Object(App\Controllers\NuevoController))
 4 SYSTEMPATH\CodeIgniter.php(361): CodeIgniter\CodeIgniter->handleRequest(null, Object(Config\Cache), false)
 5 FCPATH\index.php(79): CodeIgniter\CodeIgniter->run()
INFO - 2025-02-12 12:42:12 --> Session: Class initialized using 'CodeIgniter\Session\Handlers\FileHandler' driver.
INFO - 2025-02-12 12:44:16 --> Session: Class initialized using 'CodeIgniter\Session\Handlers\FileHandler' driver.
INFO - 2025-02-12 13:02:24 --> Session: Class initialized using 'CodeIgniter\Session\Handlers\FileHandler' driver.
INFO - 2025-02-12 13:05:05 --> Session: Class initialized using 'CodeIgniter\Session\Handlers\FileHandler' driver.
DEBUG - 2025-02-12 13:07:32 --> {"id_ant_doc":"108","detalle_ant_doc":"esc manuel belfgrano-10","cantidad":"5","id_valoracion":"308","id_detalle_doc":"1"}
INFO - 2025-02-12 13:07:33 --> Session: Class initialized using 'CodeIgniter\Session\Handlers\FileHandler' driver.
INFO - 2025-02-12 13:09:41 --> Session: Class initialized using 'CodeIgniter\Session\Handlers\FileHandler' driver.
INFO - 2025-02-12 13:10:34 --> Session: Class initialized using 'CodeIgniter\Session\Handlers\FileHandler' driver.
ERROR - 2025-02-12 13:10:38 --> Registro con ID 108 no encontrado.
ERROR - 2025-02-12 13:10:40 --> Registro con ID 108 no encontrado.
ERROR - 2025-02-12 13:10:53 --> Registro con ID 108 no encontrado.
INFO - 2025-02-12 13:15:36 --> Session: Class initialized using 'CodeIgniter\Session\Handlers\FileHandler' driver.
ERROR - 2025-02-12 13:15:53 --> Registro con ID 108 no encontrado.
INFO - 2025-02-12 13:22:24 --> Session: Class initialized using 'CodeIgniter\Session\Handlers\FileHandler' driver.
ERROR - 2025-02-12 13:22:34 --> Registro con ID 108 no encontrado.
INFO - 2025-02-12 15:00:12 --> Session: Class initialized using 'CodeIgniter\Session\Handlers\FileHandler' driver.
INFO - 2025-02-12 15:00:33 --> Session: Class initialized using 'CodeIgniter\Session\Handlers\FileHandler' driver.
ERROR - 2025-02-12 15:00:53 --> Registro con ID 128 no encontrado.
ERROR - 2025-02-12 15:00:54 --> Registro con ID 128 no encontrado.
DEBUG - 2025-02-12 15:01:08 --> {"id_capacitacion":"128","detalle_capacitacion":"python avanzado231","fecha":"2025-02-01","id_valoracion":"308","id_detalle_capacitacion":"1"}
INFO - 2025-02-12 15:01:08 --> Session: Class initialized using 'CodeIgniter\Session\Handlers\FileHandler' driver.
ERROR - 2025-02-12 15:01:11 --> Registro con ID 128 no encontrado.
ERROR - 2025-02-12 15:01:13 --> Registro con ID 128 no encontrado.
INFO - 2025-02-12 20:11:00 --> Session: Class initialized using 'CodeIgniter\Session\Handlers\FileHandler' driver.
INFO - 2025-02-12 20:11:00 --> Session: Class initialized using 'CodeIgniter\Session\Handlers\FileHandler' driver.
INFO - 2025-02-12 20:11:07 --> Session: Class initialized using 'CodeIgniter\Session\Handlers\FileHandler' driver.
INFO - 2025-02-12 20:11:07 --> Session: Class initialized using 'CodeIgniter\Session\Handlers\FileHandler' driver.
INFO - 2025-02-12 20:11:10 --> Session: Class initialized using 'CodeIgniter\Session\Handlers\FileHandler' driver.
INFO - 2025-02-12 20:11:18 --> Session: Class initialized using 'CodeIgniter\Session\Handlers\FileHandler' driver.
ERROR - 2025-02-12 20:11:23 --> Registro con ID 128 no encontrado.
ERROR - 2025-02-12 20:11:36 --> Registro con ID 108 no encontrado.
ERROR - 2025-02-12 20:11:39 --> Registro con ID 108 no encontrado.
ERROR - 2025-02-12 20:11:43 --> Registro con ID 128 no encontrado.
INFO - 2025-02-12 20:30:30 --> Session: Class initialized using 'CodeIgniter\Session\Handlers\FileHandler' driver.
INFO - 2025-02-12 20:32:24 --> Session: Class initialized using 'CodeIgniter\Session\Handlers\FileHandler' driver.
ERROR - 2025-02-12 20:32:31 --> Registro con ID 108 no encontrado.
ERROR - 2025-02-12 20:32:36 --> Registro con ID 108 no encontrado.
ERROR - 2025-02-12 20:36:54 --> Registro con ID 108 no encontrado.
ERROR - 2025-02-12 20:36:55 --> Registro con ID 108 no encontrado.
INFO - 2025-02-12 20:43:00 --> Session: Class initialized using 'CodeIgniter\Session\Handlers\FileHandler' driver.
DEBUG - 2025-02-12 20:43:07 --> {"id_ant_doc":"108","detalle_ant_doc":"esc manuel belfgrano-10-20","cantidad":"5","id_valoracion":"308","id_detalle_doc":"1"}
INFO - 2025-02-12 20:43:08 --> Session: Class initialized using 'CodeIgniter\Session\Handlers\FileHandler' driver.
ERROR - 2025-02-12 20:43:11 --> Registro con ID 108 no encontrado.
ERROR - 2025-02-12 20:43:14 --> Registro con ID 108 no encontrado.
INFO - 2025-02-12 20:44:37 --> Session: Class initialized using 'CodeIgniter\Session\Handlers\FileHandler' driver.
DEBUG - 2025-02-12 20:44:45 --> {"id_ant_doc":"108","detalle_ant_doc":"esc manuel belfgrano-10-20-30","cantidad":"5","id_valoracion":"308","id_detalle_doc":"1"}
INFO - 2025-02-12 20:44:46 --> Session: Class initialized using 'CodeIgniter\Session\Handlers\FileHandler' driver.
ERROR - 2025-02-12 20:44:49 --> Registro con ID 108 no encontrado.
ERROR - 2025-02-12 20:46:30 --> Registro con ID 128 no encontrado.
CRITICAL - 2025-02-12 20:46:36 --> ErrorException: Undefined array key "id_capactiacion"
in APPPATH\Controllers\NuevoController.php on line 1442.
 1 APPPATH\Controllers\NuevoController.php(1442): CodeIgniter\Debug\Exceptions->errorHandler(2, 'Undefined array key "id_capactiacion"', 'C:\\xampp\\htdocs\\valoradorG2\\valorador\\app\\Controllers\\NuevoController.php', 1442)
 2 SYSTEMPATH\CodeIgniter.php(941): App\Controllers\NuevoController->editRecord4('128')
 3 SYSTEMPATH\CodeIgniter.php(502): CodeIgniter\CodeIgniter->runController(Object(App\Controllers\NuevoController))
 4 SYSTEMPATH\CodeIgniter.php(361): CodeIgniter\CodeIgniter->handleRequest(null, Object(Config\Cache), false)
 5 FCPATH\index.php(79): CodeIgniter\CodeIgniter->run()
CRITICAL - 2025-02-12 20:46:40 --> ErrorException: Undefined array key "id_capactiacion"
in APPPATH\Controllers\NuevoController.php on line 1442.
 1 APPPATH\Controllers\NuevoController.php(1442): CodeIgniter\Debug\Exceptions->errorHandler(2, 'Undefined array key "id_capactiacion"', 'C:\\xampp\\htdocs\\valoradorG2\\valorador\\app\\Controllers\\NuevoController.php', 1442)
 2 SYSTEMPATH\CodeIgniter.php(941): App\Controllers\NuevoController->editRecord4('128')
 3 SYSTEMPATH\CodeIgniter.php(502): CodeIgniter\CodeIgniter->runController(Object(App\Controllers\NuevoController))
 4 SYSTEMPATH\CodeIgniter.php(361): CodeIgniter\CodeIgniter->handleRequest(null, Object(Config\Cache), false)
 5 FCPATH\index.php(79): CodeIgniter\CodeIgniter->run()
INFO - 2025-02-12 20:47:40 --> Session: Class initialized using 'CodeIgniter\Session\Handlers\FileHandler' driver.
INFO - 2025-02-12 20:47:47 --> Session: Class initialized using 'CodeIgniter\Session\Handlers\FileHandler' driver.
INFO - 2025-02-12 20:48:14 --> Session: Class initialized using 'CodeIgniter\Session\Handlers\FileHandler' driver.
INFO - 2025-02-12 20:55:31 --> Session: Class initialized using 'CodeIgniter\Session\Handlers\FileHandler' driver.
CRITICAL - 2025-02-12 20:55:40 --> Error: Class "App\Controllers\AntecedentesDocentesModel" not found
in APPPATH\Controllers\NuevoController.php on line 1353.
 1 SYSTEMPATH\CodeIgniter.php(941): App\Controllers\NuevoController->editRecord3('108')
 2 SYSTEMPATH\CodeIgniter.php(502): CodeIgniter\CodeIgniter->runController(Object(App\Controllers\NuevoController))
 3 SYSTEMPATH\CodeIgniter.php(361): CodeIgniter\CodeIgniter->handleRequest(null, Object(Config\Cache), false)
 4 FCPATH\index.php(79): CodeIgniter\CodeIgniter->run()
CRITICAL - 2025-02-12 20:55:44 --> Error: Class "App\Controllers\AntecedentesDocentesModel" not found
in APPPATH\Controllers\NuevoController.php on line 1353.
 1 SYSTEMPATH\CodeIgniter.php(941): App\Controllers\NuevoController->editRecord3('108')
 2 SYSTEMPATH\CodeIgniter.php(502): CodeIgniter\CodeIgniter->runController(Object(App\Controllers\NuevoController))
 3 SYSTEMPATH\CodeIgniter.php(361): CodeIgniter\CodeIgniter->handleRequest(null, Object(Config\Cache), false)
 4 FCPATH\index.php(79): CodeIgniter\CodeIgniter->run()
INFO - 2025-02-12 20:56:02 --> Session: Class initialized using 'CodeIgniter\Session\Handlers\FileHandler' driver.
CRITICAL - 2025-02-12 20:56:11 --> ErrorException: Undefined array key "fecha"
in APPPATH\Controllers\NuevoController.php on line 1361.
 1 APPPATH\Controllers\NuevoController.php(1361): CodeIgniter\Debug\Exceptions->errorHandler(2, 'Undefined array key "fecha"', 'C:\\xampp\\htdocs\\valoradorG2\\valorador\\app\\Controllers\\NuevoController.php', 1361)
 2 SYSTEMPATH\CodeIgniter.php(941): App\Controllers\NuevoController->editRecord3('108')
 3 SYSTEMPATH\CodeIgniter.php(502): CodeIgniter\CodeIgniter->runController(Object(App\Controllers\NuevoController))
 4 SYSTEMPATH\CodeIgniter.php(361): CodeIgniter\CodeIgniter->handleRequest(null, Object(Config\Cache), false)
 5 FCPATH\index.php(79): CodeIgniter\CodeIgniter->run()
CRITICAL - 2025-02-12 20:56:13 --> ErrorException: Undefined array key "fecha"
in APPPATH\Controllers\NuevoController.php on line 1361.
 1 APPPATH\Controllers\NuevoController.php(1361): CodeIgniter\Debug\Exceptions->errorHandler(2, 'Undefined array key "fecha"', 'C:\\xampp\\htdocs\\valoradorG2\\valorador\\app\\Controllers\\NuevoController.php', 1361)
 2 SYSTEMPATH\CodeIgniter.php(941): App\Controllers\NuevoController->editRecord3('108')
 3 SYSTEMPATH\CodeIgniter.php(502): CodeIgniter\CodeIgniter->runController(Object(App\Controllers\NuevoController))
 4 SYSTEMPATH\CodeIgniter.php(361): CodeIgniter\CodeIgniter->handleRequest(null, Object(Config\Cache), false)
 5 FCPATH\index.php(79): CodeIgniter\CodeIgniter->run()
CRITICAL - 2025-02-12 20:57:29 --> ErrorException: Undefined array key "fecha"
in APPPATH\Controllers\NuevoController.php on line 1361.
 1 APPPATH\Controllers\NuevoController.php(1361): CodeIgniter\Debug\Exceptions->errorHandler(2, 'Undefined array key "fecha"', 'C:\\xampp\\htdocs\\valoradorG2\\valorador\\app\\Controllers\\NuevoController.php', 1361)
 2 SYSTEMPATH\CodeIgniter.php(941): App\Controllers\NuevoController->editRecord3('108')
 3 SYSTEMPATH\CodeIgniter.php(502): CodeIgniter\CodeIgniter->runController(Object(App\Controllers\NuevoController))
 4 SYSTEMPATH\CodeIgniter.php(361): CodeIgniter\CodeIgniter->handleRequest(null, Object(Config\Cache), false)
 5 FCPATH\index.php(79): CodeIgniter\CodeIgniter->run()
INFO - 2025-02-12 21:00:05 --> Session: Class initialized using 'CodeIgniter\Session\Handlers\FileHandler' driver.
CRITICAL - 2025-02-12 21:00:16 --> ErrorException: Undefined array key "fecha"
in APPPATH\Controllers\NuevoController.php on line 1361.
 1 APPPATH\Controllers\NuevoController.php(1361): CodeIgniter\Debug\Exceptions->errorHandler(2, 'Undefined array key "fecha"', 'C:\\xampp\\htdocs\\valoradorG2\\valorador\\app\\Controllers\\NuevoController.php', 1361)
 2 SYSTEMPATH\CodeIgniter.php(941): App\Controllers\NuevoController->editRecord3('108')
 3 SYSTEMPATH\CodeIgniter.php(502): CodeIgniter\CodeIgniter->runController(Object(App\Controllers\NuevoController))
 4 SYSTEMPATH\CodeIgniter.php(361): CodeIgniter\CodeIgniter->handleRequest(null, Object(Config\Cache), false)
 5 FCPATH\index.php(79): CodeIgniter\CodeIgniter->run()
CRITICAL - 2025-02-12 21:00:21 --> ErrorException: Undefined array key "fecha"
in APPPATH\Controllers\NuevoController.php on line 1361.
 1 APPPATH\Controllers\NuevoController.php(1361): CodeIgniter\Debug\Exceptions->errorHandler(2, 'Undefined array key "fecha"', 'C:\\xampp\\htdocs\\valoradorG2\\valorador\\app\\Controllers\\NuevoController.php', 1361)
 2 SYSTEMPATH\CodeIgniter.php(941): App\Controllers\NuevoController->editRecord3('108')
 3 SYSTEMPATH\CodeIgniter.php(502): CodeIgniter\CodeIgniter->runController(Object(App\Controllers\NuevoController))
 4 SYSTEMPATH\CodeIgniter.php(361): CodeIgniter\CodeIgniter->handleRequest(null, Object(Config\Cache), false)
 5 FCPATH\index.php(79): CodeIgniter\CodeIgniter->run()
ERROR - 2025-02-12 21:00:24 --> Registro con ID 108 no encontrado.
INFO - 2025-02-12 21:02:46 --> Session: Class initialized using 'CodeIgniter\Session\Handlers\FileHandler' driver.
CRITICAL - 2025-02-12 21:02:54 --> ErrorException: Undefined array key "fecha"
in APPPATH\Controllers\NuevoController.php on line 1361.
 1 APPPATH\Controllers\NuevoController.php(1361): CodeIgniter\Debug\Exceptions->errorHandler(2, 'Undefined array key "fecha"', 'C:\\xampp\\htdocs\\valoradorG2\\valorador\\app\\Controllers\\NuevoController.php', 1361)
 2 SYSTEMPATH\CodeIgniter.php(941): App\Controllers\NuevoController->editRecord3('108')
 3 SYSTEMPATH\CodeIgniter.php(502): CodeIgniter\CodeIgniter->runController(Object(App\Controllers\NuevoController))
 4 SYSTEMPATH\CodeIgniter.php(361): CodeIgniter\CodeIgniter->handleRequest(null, Object(Config\Cache), false)
 5 FCPATH\index.php(79): CodeIgniter\CodeIgniter->run()
CRITICAL - 2025-02-12 21:02:55 --> ErrorException: Undefined array key "fecha"
in APPPATH\Controllers\NuevoController.php on line 1361.
 1 APPPATH\Controllers\NuevoController.php(1361): CodeIgniter\Debug\Exceptions->errorHandler(2, 'Undefined array key "fecha"', 'C:\\xampp\\htdocs\\valoradorG2\\valorador\\app\\Controllers\\NuevoController.php', 1361)
 2 SYSTEMPATH\CodeIgniter.php(941): App\Controllers\NuevoController->editRecord3('108')
 3 SYSTEMPATH\CodeIgniter.php(502): CodeIgniter\CodeIgniter->runController(Object(App\Controllers\NuevoController))
 4 SYSTEMPATH\CodeIgniter.php(361): CodeIgniter\CodeIgniter->handleRequest(null, Object(Config\Cache), false)
 5 FCPATH\index.php(79): CodeIgniter\CodeIgniter->run()
CRITICAL - 2025-02-12 21:02:56 --> ErrorException: Undefined array key "fecha"
in APPPATH\Controllers\NuevoController.php on line 1361.
 1 APPPATH\Controllers\NuevoController.php(1361): CodeIgniter\Debug\Exceptions->errorHandler(2, 'Undefined array key "fecha"', 'C:\\xampp\\htdocs\\valoradorG2\\valorador\\app\\Controllers\\NuevoController.php', 1361)
 2 SYSTEMPATH\CodeIgniter.php(941): App\Controllers\NuevoController->editRecord3('108')
 3 SYSTEMPATH\CodeIgniter.php(502): CodeIgniter\CodeIgniter->runController(Object(App\Controllers\NuevoController))
 4 SYSTEMPATH\CodeIgniter.php(361): CodeIgniter\CodeIgniter->handleRequest(null, Object(Config\Cache), false)
 5 FCPATH\index.php(79): CodeIgniter\CodeIgniter->run()
CRITICAL - 2025-02-12 21:02:56 --> ErrorException: Undefined array key "fecha"
in APPPATH\Controllers\NuevoController.php on line 1361.
 1 APPPATH\Controllers\NuevoController.php(1361): CodeIgniter\Debug\Exceptions->errorHandler(2, 'Undefined array key "fecha"', 'C:\\xampp\\htdocs\\valoradorG2\\valorador\\app\\Controllers\\NuevoController.php', 1361)
 2 SYSTEMPATH\CodeIgniter.php(941): App\Controllers\NuevoController->editRecord3('108')
 3 SYSTEMPATH\CodeIgniter.php(502): CodeIgniter\CodeIgniter->runController(Object(App\Controllers\NuevoController))
 4 SYSTEMPATH\CodeIgniter.php(361): CodeIgniter\CodeIgniter->handleRequest(null, Object(Config\Cache), false)
 5 FCPATH\index.php(79): CodeIgniter\CodeIgniter->run()
CRITICAL - 2025-02-12 21:02:56 --> ErrorException: Undefined array key "fecha"
in APPPATH\Controllers\NuevoController.php on line 1361.
 1 APPPATH\Controllers\NuevoController.php(1361): CodeIgniter\Debug\Exceptions->errorHandler(2, 'Undefined array key "fecha"', 'C:\\xampp\\htdocs\\valoradorG2\\valorador\\app\\Controllers\\NuevoController.php', 1361)
 2 SYSTEMPATH\CodeIgniter.php(941): App\Controllers\NuevoController->editRecord3('108')
 3 SYSTEMPATH\CodeIgniter.php(502): CodeIgniter\CodeIgniter->runController(Object(App\Controllers\NuevoController))
 4 SYSTEMPATH\CodeIgniter.php(361): CodeIgniter\CodeIgniter->handleRequest(null, Object(Config\Cache), false)
 5 FCPATH\index.php(79): CodeIgniter\CodeIgniter->run()
CRITICAL - 2025-02-12 21:02:56 --> ErrorException: Undefined array key "fecha"
in APPPATH\Controllers\NuevoController.php on line 1361.
 1 APPPATH\Controllers\NuevoController.php(1361): CodeIgniter\Debug\Exceptions->errorHandler(2, 'Undefined array key "fecha"', 'C:\\xampp\\htdocs\\valoradorG2\\valorador\\app\\Controllers\\NuevoController.php', 1361)
 2 SYSTEMPATH\CodeIgniter.php(941): App\Controllers\NuevoController->editRecord3('108')
 3 SYSTEMPATH\CodeIgniter.php(502): CodeIgniter\CodeIgniter->runController(Object(App\Controllers\NuevoController))
 4 SYSTEMPATH\CodeIgniter.php(361): CodeIgniter\CodeIgniter->handleRequest(null, Object(Config\Cache), false)
 5 FCPATH\index.php(79): CodeIgniter\CodeIgniter->run()
INFO - 2025-02-12 21:05:40 --> Session: Class initialized using 'CodeIgniter\Session\Handlers\FileHandler' driver.
INFO - 2025-02-12 21:05:46 --> Session: Class initialized using 'CodeIgniter\Session\Handlers\FileHandler' driver.
INFO - 2025-02-12 21:08:59 --> Session: Class initialized using 'CodeIgniter\Session\Handlers\FileHandler' driver.
INFO - 2025-02-12 21:09:20 --> Session: Class initialized using 'CodeIgniter\Session\Handlers\FileHandler' driver.
INFO - 2025-02-12 21:10:56 --> Session: Class initialized using 'CodeIgniter\Session\Handlers\FileHandler' driver.
INFO - 2025-02-12 21:11:48 --> Session: Class initialized using 'CodeIgniter\Session\Handlers\FileHandler' driver.
INFO - 2025-02-12 21:12:01 --> Session: Class initialized using 'CodeIgniter\Session\Handlers\FileHandler' driver.
INFO - 2025-02-12 21:12:13 --> Session: Class initialized using 'CodeIgniter\Session\Handlers\FileHandler' driver.
INFO - 2025-02-12 21:37:07 --> Session: Class initialized using 'CodeIgniter\Session\Handlers\FileHandler' driver.
INFO - 2025-02-12 21:37:20 --> Session: Class initialized using 'CodeIgniter\Session\Handlers\FileHandler' driver.
ERROR - 2025-02-12 21:37:29 --> Registro con ID 32 no encontrado.
INFO - 2025-02-12 21:40:20 --> Session: Class initialized using 'CodeIgniter\Session\Handlers\FileHandler' driver.
CRITICAL - 2025-02-12 21:40:27 --> ErrorException: Undefined array key "detalle_capacitacion"
in APPPATH\Controllers\NuevoController.php on line 1582.
 1 APPPATH\Controllers\NuevoController.php(1582): CodeIgniter\Debug\Exceptions->errorHandler(2, 'Undefined array key "detalle_capacitacion"', 'C:\\xampp\\htdocs\\valoradorG2\\valorador\\app\\Controllers\\NuevoController.php', 1582)
 2 SYSTEMPATH\CodeIgniter.php(941): App\Controllers\NuevoController->editRecord5('32')
 3 SYSTEMPATH\CodeIgniter.php(502): CodeIgniter\CodeIgniter->runController(Object(App\Controllers\NuevoController))
 4 SYSTEMPATH\CodeIgniter.php(361): CodeIgniter\CodeIgniter->handleRequest(null, Object(Config\Cache), false)
 5 FCPATH\index.php(79): CodeIgniter\CodeIgniter->run()
CRITICAL - 2025-02-12 21:40:30 --> ErrorException: Undefined array key "detalle_capacitacion"
in APPPATH\Controllers\NuevoController.php on line 1582.
 1 APPPATH\Controllers\NuevoController.php(1582): CodeIgniter\Debug\Exceptions->errorHandler(2, 'Undefined array key "detalle_capacitacion"', 'C:\\xampp\\htdocs\\valoradorG2\\valorador\\app\\Controllers\\NuevoController.php', 1582)
 2 SYSTEMPATH\CodeIgniter.php(941): App\Controllers\NuevoController->editRecord5('32')
 3 SYSTEMPATH\CodeIgniter.php(502): CodeIgniter\CodeIgniter->runController(Object(App\Controllers\NuevoController))
 4 SYSTEMPATH\CodeIgniter.php(361): CodeIgniter\CodeIgniter->handleRequest(null, Object(Config\Cache), false)
 5 FCPATH\index.php(79): CodeIgniter\CodeIgniter->run()
INFO - 2025-02-12 21:41:41 --> Session: Class initialized using 'CodeIgniter\Session\Handlers\FileHandler' driver.
INFO - 2025-02-12 21:42:42 --> Session: Class initialized using 'CodeIgniter\Session\Handlers\FileHandler' driver.
INFO - 2025-02-12 21:42:58 --> Session: Class initialized using 'CodeIgniter\Session\Handlers\FileHandler' driver.
INFO - 2025-02-12 21:44:48 --> Session: Class initialized using 'CodeIgniter\Session\Handlers\FileHandler' driver.
CRITICAL - 2025-02-12 21:45:06 --> ErrorException: Undefined array key "detalle_capacitacion"
in APPPATH\Controllers\NuevoController.php on line 1584.
 1 APPPATH\Controllers\NuevoController.php(1584): CodeIgniter\Debug\Exceptions->errorHandler(2, 'Undefined array key "detalle_capacitacion"', 'C:\\xampp\\htdocs\\valoradorG2\\valorador\\app\\Controllers\\NuevoController.php', 1584)
 2 SYSTEMPATH\CodeIgniter.php(941): App\Controllers\NuevoController->editRecord5('32')
 3 SYSTEMPATH\CodeIgniter.php(502): CodeIgniter\CodeIgniter->runController(Object(App\Controllers\NuevoController))
 4 SYSTEMPATH\CodeIgniter.php(361): CodeIgniter\CodeIgniter->handleRequest(null, Object(Config\Cache), false)
 5 FCPATH\index.php(79): CodeIgniter\CodeIgniter->run()
CRITICAL - 2025-02-12 21:45:07 --> ErrorException: Undefined array key "detalle_capacitacion"
in APPPATH\Controllers\NuevoController.php on line 1584.
 1 APPPATH\Controllers\NuevoController.php(1584): CodeIgniter\Debug\Exceptions->errorHandler(2, 'Undefined array key "detalle_capacitacion"', 'C:\\xampp\\htdocs\\valoradorG2\\valorador\\app\\Controllers\\NuevoController.php', 1584)
 2 SYSTEMPATH\CodeIgniter.php(941): App\Controllers\NuevoController->editRecord5('32')
 3 SYSTEMPATH\CodeIgniter.php(502): CodeIgniter\CodeIgniter->runController(Object(App\Controllers\NuevoController))
 4 SYSTEMPATH\CodeIgniter.php(361): CodeIgniter\CodeIgniter->handleRequest(null, Object(Config\Cache), false)
 5 FCPATH\index.php(79): CodeIgniter\CodeIgniter->run()
INFO - 2025-02-12 21:53:33 --> Session: Class initialized using 'CodeIgniter\Session\Handlers\FileHandler' driver.
CRITICAL - 2025-02-12 21:53:40 --> ErrorException: Undefined array key "detalle_capacitacion"
in APPPATH\Controllers\NuevoController.php on line 1584.
 1 APPPATH\Controllers\NuevoController.php(1584): CodeIgniter\Debug\Exceptions->errorHandler(2, 'Undefined array key "detalle_capacitacion"', 'C:\\xampp\\htdocs\\valoradorG2\\valorador\\app\\Controllers\\NuevoController.php', 1584)
 2 SYSTEMPATH\CodeIgniter.php(941): App\Controllers\NuevoController->editRecord5('32')
 3 SYSTEMPATH\CodeIgniter.php(502): CodeIgniter\CodeIgniter->runController(Object(App\Controllers\NuevoController))
 4 SYSTEMPATH\CodeIgniter.php(361): CodeIgniter\CodeIgniter->handleRequest(null, Object(Config\Cache), false)
 5 FCPATH\index.php(79): CodeIgniter\CodeIgniter->run()
CRITICAL - 2025-02-12 21:53:42 --> ErrorException: Undefined array key "detalle_capacitacion"
in APPPATH\Controllers\NuevoController.php on line 1584.
 1 APPPATH\Controllers\NuevoController.php(1584): CodeIgniter\Debug\Exceptions->errorHandler(2, 'Undefined array key "detalle_capacitacion"', 'C:\\xampp\\htdocs\\valoradorG2\\valorador\\app\\Controllers\\NuevoController.php', 1584)
 2 SYSTEMPATH\CodeIgniter.php(941): App\Controllers\NuevoController->editRecord5('32')
 3 SYSTEMPATH\CodeIgniter.php(502): CodeIgniter\CodeIgniter->runController(Object(App\Controllers\NuevoController))
 4 SYSTEMPATH\CodeIgniter.php(361): CodeIgniter\CodeIgniter->handleRequest(null, Object(Config\Cache), false)
 5 FCPATH\index.php(79): CodeIgniter\CodeIgniter->run()
CRITICAL - 2025-02-12 21:53:42 --> ErrorException: Undefined array key "detalle_capacitacion"
in APPPATH\Controllers\NuevoController.php on line 1584.
 1 APPPATH\Controllers\NuevoController.php(1584): CodeIgniter\Debug\Exceptions->errorHandler(2, 'Undefined array key "detalle_capacitacion"', 'C:\\xampp\\htdocs\\valoradorG2\\valorador\\app\\Controllers\\NuevoController.php', 1584)
 2 SYSTEMPATH\CodeIgniter.php(941): App\Controllers\NuevoController->editRecord5('32')
 3 SYSTEMPATH\CodeIgniter.php(502): CodeIgniter\CodeIgniter->runController(Object(App\Controllers\NuevoController))
 4 SYSTEMPATH\CodeIgniter.php(361): CodeIgniter\CodeIgniter->handleRequest(null, Object(Config\Cache), false)
 5 FCPATH\index.php(79): CodeIgniter\CodeIgniter->run()
CRITICAL - 2025-02-12 21:53:42 --> ErrorException: Undefined array key "detalle_capacitacion"
in APPPATH\Controllers\NuevoController.php on line 1584.
 1 APPPATH\Controllers\NuevoController.php(1584): CodeIgniter\Debug\Exceptions->errorHandler(2, 'Undefined array key "detalle_capacitacion"', 'C:\\xampp\\htdocs\\valoradorG2\\valorador\\app\\Controllers\\NuevoController.php', 1584)
 2 SYSTEMPATH\CodeIgniter.php(941): App\Controllers\NuevoController->editRecord5('32')
 3 SYSTEMPATH\CodeIgniter.php(502): CodeIgniter\CodeIgniter->runController(Object(App\Controllers\NuevoController))
 4 SYSTEMPATH\CodeIgniter.php(361): CodeIgniter\CodeIgniter->handleRequest(null, Object(Config\Cache), false)
 5 FCPATH\index.php(79): CodeIgniter\CodeIgniter->run()
INFO - 2025-02-12 21:54:12 --> Session: Class initialized using 'CodeIgniter\Session\Handlers\FileHandler' driver.
CRITICAL - 2025-02-12 21:54:24 --> ErrorException: Undefined array key "detalle_capacitacion"
in APPPATH\Controllers\NuevoController.php on line 1584.
 1 APPPATH\Controllers\NuevoController.php(1584): CodeIgniter\Debug\Exceptions->errorHandler(2, 'Undefined array key "detalle_capacitacion"', 'C:\\xampp\\htdocs\\valoradorG2\\valorador\\app\\Controllers\\NuevoController.php', 1584)
 2 SYSTEMPATH\CodeIgniter.php(941): App\Controllers\NuevoController->editRecord5('32')
 3 SYSTEMPATH\CodeIgniter.php(502): CodeIgniter\CodeIgniter->runController(Object(App\Controllers\NuevoController))
 4 SYSTEMPATH\CodeIgniter.php(361): CodeIgniter\CodeIgniter->handleRequest(null, Object(Config\Cache), false)
 5 FCPATH\index.php(79): CodeIgniter\CodeIgniter->run()
CRITICAL - 2025-02-12 21:54:27 --> ErrorException: Undefined array key "detalle_capacitacion"
in APPPATH\Controllers\NuevoController.php on line 1584.
 1 APPPATH\Controllers\NuevoController.php(1584): CodeIgniter\Debug\Exceptions->errorHandler(2, 'Undefined array key "detalle_capacitacion"', 'C:\\xampp\\htdocs\\valoradorG2\\valorador\\app\\Controllers\\NuevoController.php', 1584)
 2 SYSTEMPATH\CodeIgniter.php(941): App\Controllers\NuevoController->editRecord5('32')
 3 SYSTEMPATH\CodeIgniter.php(502): CodeIgniter\CodeIgniter->runController(Object(App\Controllers\NuevoController))
 4 SYSTEMPATH\CodeIgniter.php(361): CodeIgniter\CodeIgniter->handleRequest(null, Object(Config\Cache), false)
 5 FCPATH\index.php(79): CodeIgniter\CodeIgniter->run()
CRITICAL - 2025-02-12 21:54:27 --> ErrorException: Undefined array key "detalle_capacitacion"
in APPPATH\Controllers\NuevoController.php on line 1584.
 1 APPPATH\Controllers\NuevoController.php(1584): CodeIgniter\Debug\Exceptions->errorHandler(2, 'Undefined array key "detalle_capacitacion"', 'C:\\xampp\\htdocs\\valoradorG2\\valorador\\app\\Controllers\\NuevoController.php', 1584)
 2 SYSTEMPATH\CodeIgniter.php(941): App\Controllers\NuevoController->editRecord5('32')
 3 SYSTEMPATH\CodeIgniter.php(502): CodeIgniter\CodeIgniter->runController(Object(App\Controllers\NuevoController))
 4 SYSTEMPATH\CodeIgniter.php(361): CodeIgniter\CodeIgniter->handleRequest(null, Object(Config\Cache), false)
 5 FCPATH\index.php(79): CodeIgniter\CodeIgniter->run()
CRITICAL - 2025-02-12 21:54:28 --> ErrorException: Undefined array key "detalle_capacitacion"
in APPPATH\Controllers\NuevoController.php on line 1584.
 1 APPPATH\Controllers\NuevoController.php(1584): CodeIgniter\Debug\Exceptions->errorHandler(2, 'Undefined array key "detalle_capacitacion"', 'C:\\xampp\\htdocs\\valoradorG2\\valorador\\app\\Controllers\\NuevoController.php', 1584)
 2 SYSTEMPATH\CodeIgniter.php(941): App\Controllers\NuevoController->editRecord5('32')
 3 SYSTEMPATH\CodeIgniter.php(502): CodeIgniter\CodeIgniter->runController(Object(App\Controllers\NuevoController))
 4 SYSTEMPATH\CodeIgniter.php(361): CodeIgniter\CodeIgniter->handleRequest(null, Object(Config\Cache), false)
 5 FCPATH\index.php(79): CodeIgniter\CodeIgniter->run()
CRITICAL - 2025-02-12 21:54:28 --> ErrorException: Undefined array key "detalle_capacitacion"
in APPPATH\Controllers\NuevoController.php on line 1584.
 1 APPPATH\Controllers\NuevoController.php(1584): CodeIgniter\Debug\Exceptions->errorHandler(2, 'Undefined array key "detalle_capacitacion"', 'C:\\xampp\\htdocs\\valoradorG2\\valorador\\app\\Controllers\\NuevoController.php', 1584)
 2 SYSTEMPATH\CodeIgniter.php(941): App\Controllers\NuevoController->editRecord5('32')
 3 SYSTEMPATH\CodeIgniter.php(502): CodeIgniter\CodeIgniter->runController(Object(App\Controllers\NuevoController))
 4 SYSTEMPATH\CodeIgniter.php(361): CodeIgniter\CodeIgniter->handleRequest(null, Object(Config\Cache), false)
 5 FCPATH\index.php(79): CodeIgniter\CodeIgniter->run()
CRITICAL - 2025-02-12 21:54:28 --> ErrorException: Undefined array key "detalle_capacitacion"
in APPPATH\Controllers\NuevoController.php on line 1584.
 1 APPPATH\Controllers\NuevoController.php(1584): CodeIgniter\Debug\Exceptions->errorHandler(2, 'Undefined array key "detalle_capacitacion"', 'C:\\xampp\\htdocs\\valoradorG2\\valorador\\app\\Controllers\\NuevoController.php', 1584)
 2 SYSTEMPATH\CodeIgniter.php(941): App\Controllers\NuevoController->editRecord5('32')
 3 SYSTEMPATH\CodeIgniter.php(502): CodeIgniter\CodeIgniter->runController(Object(App\Controllers\NuevoController))
 4 SYSTEMPATH\CodeIgniter.php(361): CodeIgniter\CodeIgniter->handleRequest(null, Object(Config\Cache), false)
 5 FCPATH\index.php(79): CodeIgniter\CodeIgniter->run()
CRITICAL - 2025-02-12 21:54:29 --> ErrorException: Undefined array key "detalle_capacitacion"
in APPPATH\Controllers\NuevoController.php on line 1584.
 1 APPPATH\Controllers\NuevoController.php(1584): CodeIgniter\Debug\Exceptions->errorHandler(2, 'Undefined array key "detalle_capacitacion"', 'C:\\xampp\\htdocs\\valoradorG2\\valorador\\app\\Controllers\\NuevoController.php', 1584)
 2 SYSTEMPATH\CodeIgniter.php(941): App\Controllers\NuevoController->editRecord5('32')
 3 SYSTEMPATH\CodeIgniter.php(502): CodeIgniter\CodeIgniter->runController(Object(App\Controllers\NuevoController))
 4 SYSTEMPATH\CodeIgniter.php(361): CodeIgniter\CodeIgniter->handleRequest(null, Object(Config\Cache), false)
 5 FCPATH\index.php(79): CodeIgniter\CodeIgniter->run()
CRITICAL - 2025-02-12 21:54:29 --> ErrorException: Undefined array key "detalle_capacitacion"
in APPPATH\Controllers\NuevoController.php on line 1584.
 1 APPPATH\Controllers\NuevoController.php(1584): CodeIgniter\Debug\Exceptions->errorHandler(2, 'Undefined array key "detalle_capacitacion"', 'C:\\xampp\\htdocs\\valoradorG2\\valorador\\app\\Controllers\\NuevoController.php', 1584)
 2 SYSTEMPATH\CodeIgniter.php(941): App\Controllers\NuevoController->editRecord5('32')
 3 SYSTEMPATH\CodeIgniter.php(502): CodeIgniter\CodeIgniter->runController(Object(App\Controllers\NuevoController))
 4 SYSTEMPATH\CodeIgniter.php(361): CodeIgniter\CodeIgniter->handleRequest(null, Object(Config\Cache), false)
 5 FCPATH\index.php(79): CodeIgniter\CodeIgniter->run()
INFO - 2025-02-12 23:01:19 --> Session: Class initialized using 'CodeIgniter\Session\Handlers\FileHandler' driver.
ERROR - 2025-02-12 23:01:23 --> Registro con ID 32 no encontrado.
CRITICAL - 2025-02-12 23:01:26 --> ErrorException: Undefined array key "detalle_capacitacion"
in APPPATH\Controllers\NuevoController.php on line 1584.
 1 APPPATH\Controllers\NuevoController.php(1584): CodeIgniter\Debug\Exceptions->errorHandler(2, 'Undefined array key "detalle_capacitacion"', 'C:\\xampp\\htdocs\\valoradorG2\\valorador\\app\\Controllers\\NuevoController.php', 1584)
 2 SYSTEMPATH\CodeIgniter.php(941): App\Controllers\NuevoController->editRecord5('32')
 3 SYSTEMPATH\CodeIgniter.php(502): CodeIgniter\CodeIgniter->runController(Object(App\Controllers\NuevoController))
 4 SYSTEMPATH\CodeIgniter.php(361): CodeIgniter\CodeIgniter->handleRequest(null, Object(Config\Cache), false)
 5 FCPATH\index.php(79): CodeIgniter\CodeIgniter->run()
INFO - 2025-02-12 23:01:33 --> Session: Class initialized using 'CodeIgniter\Session\Handlers\FileHandler' driver.
CRITICAL - 2025-02-12 23:02:37 --> ErrorException: Undefined array key "detalle_capacitacion"
in APPPATH\Controllers\NuevoController.php on line 1584.
 1 APPPATH\Controllers\NuevoController.php(1584): CodeIgniter\Debug\Exceptions->errorHandler(2, 'Undefined array key "detalle_capacitacion"', 'C:\\xampp\\htdocs\\valoradorG2\\valorador\\app\\Controllers\\NuevoController.php', 1584)
 2 SYSTEMPATH\CodeIgniter.php(941): App\Controllers\NuevoController->editRecord5('32')
 3 SYSTEMPATH\CodeIgniter.php(502): CodeIgniter\CodeIgniter->runController(Object(App\Controllers\NuevoController))
 4 SYSTEMPATH\CodeIgniter.php(361): CodeIgniter\CodeIgniter->handleRequest(null, Object(Config\Cache), false)
 5 FCPATH\index.php(79): CodeIgniter\CodeIgniter->run()
INFO - 2025-02-12 23:04:23 --> Session: Class initialized using 'CodeIgniter\Session\Handlers\FileHandler' driver.
INFO - 2025-02-12 23:05:00 --> Session: Class initialized using 'CodeIgniter\Session\Handlers\FileHandler' driver.
INFO - 2025-02-12 23:08:53 --> Session: Class initialized using 'CodeIgniter\Session\Handlers\FileHandler' driver.
INFO - 2025-02-12 23:10:37 --> Session: Class initialized using 'CodeIgniter\Session\Handlers\FileHandler' driver.
INFO - 2025-02-12 23:10:46 --> Session: Class initialized using 'CodeIgniter\Session\Handlers\FileHandler' driver.
INFO - 2025-02-12 23:11:33 --> Session: Class initialized using 'CodeIgniter\Session\Handlers\FileHandler' driver.
INFO - 2025-02-12 23:11:39 --> Session: Class initialized using 'CodeIgniter\Session\Handlers\FileHandler' driver.
INFO - 2025-02-12 23:12:00 --> Session: Class initialized using 'CodeIgniter\Session\Handlers\FileHandler' driver.
INFO - 2025-02-12 23:21:59 --> Session: Class initialized using 'CodeIgniter\Session\Handlers\FileHandler' driver.
INFO - 2025-02-12 23:22:23 --> Session: Class initialized using 'CodeIgniter\Session\Handlers\FileHandler' driver.
INFO - 2025-02-12 23:23:09 --> Session: Class initialized using 'CodeIgniter\Session\Handlers\FileHandler' driver.
INFO - 2025-02-12 23:23:25 --> Session: Class initialized using 'CodeIgniter\Session\Handlers\FileHandler' driver.
INFO - 2025-02-12 23:24:34 --> Session: Class initialized using 'CodeIgniter\Session\Handlers\FileHandler' driver.
INFO - 2025-02-12 23:24:42 --> Session: Class initialized using 'CodeIgniter\Session\Handlers\FileHandler' driver.
INFO - 2025-02-12 23:25:30 --> Session: Class initialized using 'CodeIgniter\Session\Handlers\FileHandler' driver.
INFO - 2025-02-12 23:26:46 --> Session: Class initialized using 'CodeIgniter\Session\Handlers\FileHandler' driver.
INFO - 2025-02-12 23:27:06 --> Session: Class initialized using 'CodeIgniter\Session\Handlers\FileHandler' driver.
INFO - 2025-02-12 23:36:45 --> Session: Class initialized using 'CodeIgniter\Session\Handlers\FileHandler' driver.
INFO - 2025-02-12 23:37:01 --> Session: Class initialized using 'CodeIgniter\Session\Handlers\FileHandler' driver.
INFO - 2025-02-12 23:37:43 --> Session: Class initialized using 'CodeIgniter\Session\Handlers\FileHandler' driver.
INFO - 2025-02-12 23:46:33 --> Session: Class initialized using 'CodeIgniter\Session\Handlers\FileHandler' driver.
INFO - 2025-02-12 23:46:46 --> Session: Class initialized using 'CodeIgniter\Session\Handlers\FileHandler' driver.
INFO - 2025-02-12 23:50:24 --> Session: Class initialized using 'CodeIgniter\Session\Handlers\FileHandler' driver.
CRITICAL - 2025-02-12 23:50:36 --> ErrorException: Undefined array key "detalle_capacitacion"
in APPPATH\Controllers\NuevoController.php on line 1588.
 1 APPPATH\Controllers\NuevoController.php(1588): CodeIgniter\Debug\Exceptions->errorHandler(2, 'Undefined array key "detalle_capacitacion"', 'C:\\xampp\\htdocs\\valoradorG2\\valorador\\app\\Controllers\\NuevoController.php', 1588)
 2 SYSTEMPATH\CodeIgniter.php(941): App\Controllers\NuevoController->editRecord5('32')
 3 SYSTEMPATH\CodeIgniter.php(502): CodeIgniter\CodeIgniter->runController(Object(App\Controllers\NuevoController))
 4 SYSTEMPATH\CodeIgniter.php(361): CodeIgniter\CodeIgniter->handleRequest(null, Object(Config\Cache), false)
 5 FCPATH\index.php(79): CodeIgniter\CodeIgniter->run()
CRITICAL - 2025-02-12 23:50:40 --> ErrorException: Undefined array key "detalle_capacitacion"
in APPPATH\Controllers\NuevoController.php on line 1588.
 1 APPPATH\Controllers\NuevoController.php(1588): CodeIgniter\Debug\Exceptions->errorHandler(2, 'Undefined array key "detalle_capacitacion"', 'C:\\xampp\\htdocs\\valoradorG2\\valorador\\app\\Controllers\\NuevoController.php', 1588)
 2 SYSTEMPATH\CodeIgniter.php(941): App\Controllers\NuevoController->editRecord5('32')
 3 SYSTEMPATH\CodeIgniter.php(502): CodeIgniter\CodeIgniter->runController(Object(App\Controllers\NuevoController))
 4 SYSTEMPATH\CodeIgniter.php(361): CodeIgniter\CodeIgniter->handleRequest(null, Object(Config\Cache), false)
 5 FCPATH\index.php(79): CodeIgniter\CodeIgniter->run()
INFO - 2025-02-12 23:55:40 --> Session: Class initialized using 'CodeIgniter\Session\Handlers\FileHandler' driver.
CRITICAL - 2025-02-12 23:55:49 --> ErrorException: Undefined array key "detalle_capacitacion"
in APPPATH\Controllers\NuevoController.php on line 1588.
 1 APPPATH\Controllers\NuevoController.php(1588): CodeIgniter\Debug\Exceptions->errorHandler(2, 'Undefined array key "detalle_capacitacion"', 'C:\\xampp\\htdocs\\valoradorG2\\valorador\\app\\Controllers\\NuevoController.php', 1588)
 2 SYSTEMPATH\CodeIgniter.php(941): App\Controllers\NuevoController->editRecord5('32')
 3 SYSTEMPATH\CodeIgniter.php(502): CodeIgniter\CodeIgniter->runController(Object(App\Controllers\NuevoController))
 4 SYSTEMPATH\CodeIgniter.php(361): CodeIgniter\CodeIgniter->handleRequest(null, Object(Config\Cache), false)
 5 FCPATH\index.php(79): CodeIgniter\CodeIgniter->run()
CRITICAL - 2025-02-12 23:55:51 --> ErrorException: Undefined array key "detalle_capacitacion"
in APPPATH\Controllers\NuevoController.php on line 1588.
 1 APPPATH\Controllers\NuevoController.php(1588): CodeIgniter\Debug\Exceptions->errorHandler(2, 'Undefined array key "detalle_capacitacion"', 'C:\\xampp\\htdocs\\valoradorG2\\valorador\\app\\Controllers\\NuevoController.php', 1588)
 2 SYSTEMPATH\CodeIgniter.php(941): App\Controllers\NuevoController->editRecord5('32')
 3 SYSTEMPATH\CodeIgniter.php(502): CodeIgniter\CodeIgniter->runController(Object(App\Controllers\NuevoController))
 4 SYSTEMPATH\CodeIgniter.php(361): CodeIgniter\CodeIgniter->handleRequest(null, Object(Config\Cache), false)
 5 FCPATH\index.php(79): CodeIgniter\CodeIgniter->run()
CRITICAL - 2025-02-12 23:55:51 --> ErrorException: Undefined array key "detalle_capacitacion"
in APPPATH\Controllers\NuevoController.php on line 1588.
 1 APPPATH\Controllers\NuevoController.php(1588): CodeIgniter\Debug\Exceptions->errorHandler(2, 'Undefined array key "detalle_capacitacion"', 'C:\\xampp\\htdocs\\valoradorG2\\valorador\\app\\Controllers\\NuevoController.php', 1588)
 2 SYSTEMPATH\CodeIgniter.php(941): App\Controllers\NuevoController->editRecord5('32')
 3 SYSTEMPATH\CodeIgniter.php(502): CodeIgniter\CodeIgniter->runController(Object(App\Controllers\NuevoController))
 4 SYSTEMPATH\CodeIgniter.php(361): CodeIgniter\CodeIgniter->handleRequest(null, Object(Config\Cache), false)
 5 FCPATH\index.php(79): CodeIgniter\CodeIgniter->run()
ERROR - 2025-02-12 23:58:42 --> Registro con ID 32 no encontrado.
