INFO - 2025-02-18 11:30:23 --> Session: Class initialized using 'CodeIgniter\Session\Handlers\FileHandler' driver.
INFO - 2025-02-18 11:30:23 --> Session: Class initialized using 'CodeIgniter\Session\Handlers\FileHandler' driver.
INFO - 2025-02-18 11:30:24 --> Session: Class initialized using 'CodeIgniter\Session\Handlers\FileHandler' driver.
INFO - 2025-02-18 11:30:32 --> Session: Class initialized using 'CodeIgniter\Session\Handlers\FileHandler' driver.
INFO - 2025-02-18 11:30:32 --> Session: Class initialized using 'CodeIgniter\Session\Handlers\FileHandler' driver.
INFO - 2025-02-18 11:30:41 --> Session: Class initialized using 'CodeIgniter\Session\Handlers\FileHandler' driver.
INFO - 2025-02-18 11:31:17 --> Session: Class initialized using 'CodeIgniter\Session\Handlers\FileHandler' driver.
INFO - 2025-02-18 11:32:32 --> Session: Class initialized using 'CodeIgniter\Session\Handlers\FileHandler' driver.
INFO - 2025-02-18 11:44:49 --> Session: Class initialized using 'CodeIgniter\Session\Handlers\FileHandler' driver.
CRITICAL - 2025-02-18 11:44:49 --> ErrorException: Undefined array key "id_valoracion"
in APPPATH\Views\data_view3.php on line 167.
 1 APPPATH\Views\data_view3.php(167): CodeIgniter\Debug\Exceptions->errorHandler(2, 'Undefined array key "id_valoracion"', 'C:\\xampp\\htdocs\\valoradorG2\\valorador\\app\\Views\\data_view3.php', 167)
 2 SYSTEMPATH\View\View.php(228): include('C:\\xampp\\htdocs\\valoradorG2\\valorador\\app\\Views\\data_view3.php')
 3 SYSTEMPATH\View\View.php(231): CodeIgniter\View\View->CodeIgniter\View\{closure}()
 4 SYSTEMPATH\Common.php(1178): CodeIgniter\View\View->render('data_view3', [], true)
 5 APPPATH\Controllers\NuevoController.php(771): view('data_view3', [...])
 6 SYSTEMPATH\CodeIgniter.php(941): App\Controllers\NuevoController->mostrar_valoraciones_porDocente_porMateria3()
 7 SYSTEMPATH\CodeIgniter.php(502): CodeIgniter\CodeIgniter->runController(Object(App\Controllers\NuevoController))
 8 SYSTEMPATH\CodeIgniter.php(361): CodeIgniter\CodeIgniter->handleRequest(null, Object(Config\Cache), false)
 9 FCPATH\index.php(79): CodeIgniter\CodeIgniter->run()
INFO - 2025-02-18 11:45:11 --> Session: Class initialized using 'CodeIgniter\Session\Handlers\FileHandler' driver.
CRITICAL - 2025-02-18 11:45:11 --> ErrorException: Undefined variable $fechaFormateada
in APPPATH\Views\data_view3.php on line 174.
 1 APPPATH\Views\data_view3.php(174): CodeIgniter\Debug\Exceptions->errorHandler(2, 'Undefined variable $fechaFormateada', 'C:\\xampp\\htdocs\\valoradorG2\\valorador\\app\\Views\\data_view3.php', 174)
 2 SYSTEMPATH\View\View.php(228): include('C:\\xampp\\htdocs\\valoradorG2\\valorador\\app\\Views\\data_view3.php')
 3 SYSTEMPATH\View\View.php(231): CodeIgniter\View\View->CodeIgniter\View\{closure}()
 4 SYSTEMPATH\Common.php(1178): CodeIgniter\View\View->render('data_view3', [], true)
 5 APPPATH\Controllers\NuevoController.php(771): view('data_view3', [...])
 6 SYSTEMPATH\CodeIgniter.php(941): App\Controllers\NuevoController->mostrar_valoraciones_porDocente_porMateria3()
 7 SYSTEMPATH\CodeIgniter.php(502): CodeIgniter\CodeIgniter->runController(Object(App\Controllers\NuevoController))
 8 SYSTEMPATH\CodeIgniter.php(361): CodeIgniter\CodeIgniter->handleRequest(null, Object(Config\Cache), false)
 9 FCPATH\index.php(79): CodeIgniter\CodeIgniter->run()
INFO - 2025-02-18 11:45:38 --> Session: Class initialized using 'CodeIgniter\Session\Handlers\FileHandler' driver.
CRITICAL - 2025-02-18 11:45:38 --> ErrorException: Undefined array key "id_otros_t"
in APPPATH\Views\data_view3.php on line 179.
 1 APPPATH\Views\data_view3.php(179): CodeIgniter\Debug\Exceptions->errorHandler(2, 'Undefined array key "id_otros_t"', 'C:\\xampp\\htdocs\\valoradorG2\\valorador\\app\\Views\\data_view3.php', 179)
 2 SYSTEMPATH\View\View.php(228): include('C:\\xampp\\htdocs\\valoradorG2\\valorador\\app\\Views\\data_view3.php')
 3 SYSTEMPATH\View\View.php(231): CodeIgniter\View\View->CodeIgniter\View\{closure}()
 4 SYSTEMPATH\Common.php(1178): CodeIgniter\View\View->render('data_view3', [], true)
 5 APPPATH\Controllers\NuevoController.php(771): view('data_view3', [...])
 6 SYSTEMPATH\CodeIgniter.php(941): App\Controllers\NuevoController->mostrar_valoraciones_porDocente_porMateria3()
 7 SYSTEMPATH\CodeIgniter.php(502): CodeIgniter\CodeIgniter->runController(Object(App\Controllers\NuevoController))
 8 SYSTEMPATH\CodeIgniter.php(361): CodeIgniter\CodeIgniter->handleRequest(null, Object(Config\Cache), false)
 9 FCPATH\index.php(79): CodeIgniter\CodeIgniter->run()
INFO - 2025-02-18 12:15:59 --> Session: Class initialized using 'CodeIgniter\Session\Handlers\FileHandler' driver.
CRITICAL - 2025-02-18 12:15:59 --> ErrorException: Undefined array key "nombre"
in APPPATH\Views\data_view3.php on line 176.
 1 APPPATH\Views\data_view3.php(176): CodeIgniter\Debug\Exceptions->errorHandler(2, 'Undefined array key "nombre"', 'C:\\xampp\\htdocs\\valoradorG2\\valorador\\app\\Views\\data_view3.php', 176)
 2 SYSTEMPATH\View\View.php(228): include('C:\\xampp\\htdocs\\valoradorG2\\valorador\\app\\Views\\data_view3.php')
 3 SYSTEMPATH\View\View.php(231): CodeIgniter\View\View->CodeIgniter\View\{closure}()
 4 SYSTEMPATH\Common.php(1178): CodeIgniter\View\View->render('data_view3', [], true)
 5 APPPATH\Controllers\NuevoController.php(771): view('data_view3', [...])
 6 SYSTEMPATH\CodeIgniter.php(941): App\Controllers\NuevoController->mostrar_valoraciones_porDocente_porMateria3()
 7 SYSTEMPATH\CodeIgniter.php(502): CodeIgniter\CodeIgniter->runController(Object(App\Controllers\NuevoController))
 8 SYSTEMPATH\CodeIgniter.php(361): CodeIgniter\CodeIgniter->handleRequest(null, Object(Config\Cache), false)
 9 FCPATH\index.php(79): CodeIgniter\CodeIgniter->run()
INFO - 2025-02-18 12:16:32 --> Session: Class initialized using 'CodeIgniter\Session\Handlers\FileHandler' driver.
CRITICAL - 2025-02-18 12:16:32 --> ErrorException: Undefined array key "nombre"
in APPPATH\Views\data_view3.php on line 176.
 1 APPPATH\Views\data_view3.php(176): CodeIgniter\Debug\Exceptions->errorHandler(2, 'Undefined array key "nombre"', 'C:\\xampp\\htdocs\\valoradorG2\\valorador\\app\\Views\\data_view3.php', 176)
 2 SYSTEMPATH\View\View.php(228): include('C:\\xampp\\htdocs\\valoradorG2\\valorador\\app\\Views\\data_view3.php')
 3 SYSTEMPATH\View\View.php(231): CodeIgniter\View\View->CodeIgniter\View\{closure}()
 4 SYSTEMPATH\Common.php(1178): CodeIgniter\View\View->render('data_view3', [], true)
 5 APPPATH\Controllers\NuevoController.php(771): view('data_view3', [...])
 6 SYSTEMPATH\CodeIgniter.php(941): App\Controllers\NuevoController->mostrar_valoraciones_porDocente_porMateria3()
 7 SYSTEMPATH\CodeIgniter.php(502): CodeIgniter\CodeIgniter->runController(Object(App\Controllers\NuevoController))
 8 SYSTEMPATH\CodeIgniter.php(361): CodeIgniter\CodeIgniter->handleRequest(null, Object(Config\Cache), false)
 9 FCPATH\index.php(79): CodeIgniter\CodeIgniter->run()
INFO - 2025-02-18 12:27:37 --> Session: Class initialized using 'CodeIgniter\Session\Handlers\FileHandler' driver.
CRITICAL - 2025-02-18 12:27:37 --> ErrorException: Undefined array key "id_valoracion"
in APPPATH\Views\data_view3.php on line 189.
 1 APPPATH\Views\data_view3.php(189): CodeIgniter\Debug\Exceptions->errorHandler(2, 'Undefined array key "id_valoracion"', 'C:\\xampp\\htdocs\\valoradorG2\\valorador\\app\\Views\\data_view3.php', 189)
 2 SYSTEMPATH\View\View.php(228): include('C:\\xampp\\htdocs\\valoradorG2\\valorador\\app\\Views\\data_view3.php')
 3 SYSTEMPATH\View\View.php(231): CodeIgniter\View\View->CodeIgniter\View\{closure}()
 4 SYSTEMPATH\Common.php(1178): CodeIgniter\View\View->render('data_view3', [], true)
 5 APPPATH\Controllers\NuevoController.php(771): view('data_view3', [...])
 6 SYSTEMPATH\CodeIgniter.php(941): App\Controllers\NuevoController->mostrar_valoraciones_porDocente_porMateria3()
 7 SYSTEMPATH\CodeIgniter.php(502): CodeIgniter\CodeIgniter->runController(Object(App\Controllers\NuevoController))
 8 SYSTEMPATH\CodeIgniter.php(361): CodeIgniter\CodeIgniter->handleRequest(null, Object(Config\Cache), false)
 9 FCPATH\index.php(79): CodeIgniter\CodeIgniter->run()
INFO - 2025-02-18 12:27:58 --> Session: Class initialized using 'CodeIgniter\Session\Handlers\FileHandler' driver.
CRITICAL - 2025-02-18 12:27:58 --> ErrorException: Undefined array key "id_otros_t"
in APPPATH\Views\data_view3.php on line 193.
 1 APPPATH\Views\data_view3.php(193): CodeIgniter\Debug\Exceptions->errorHandler(2, 'Undefined array key "id_otros_t"', 'C:\\xampp\\htdocs\\valoradorG2\\valorador\\app\\Views\\data_view3.php', 193)
 2 SYSTEMPATH\View\View.php(228): include('C:\\xampp\\htdocs\\valoradorG2\\valorador\\app\\Views\\data_view3.php')
 3 SYSTEMPATH\View\View.php(231): CodeIgniter\View\View->CodeIgniter\View\{closure}()
 4 SYSTEMPATH\Common.php(1178): CodeIgniter\View\View->render('data_view3', [], true)
 5 APPPATH\Controllers\NuevoController.php(771): view('data_view3', [...])
 6 SYSTEMPATH\CodeIgniter.php(941): App\Controllers\NuevoController->mostrar_valoraciones_porDocente_porMateria3()
 7 SYSTEMPATH\CodeIgniter.php(502): CodeIgniter\CodeIgniter->runController(Object(App\Controllers\NuevoController))
 8 SYSTEMPATH\CodeIgniter.php(361): CodeIgniter\CodeIgniter->handleRequest(null, Object(Config\Cache), false)
 9 FCPATH\index.php(79): CodeIgniter\CodeIgniter->run()
INFO - 2025-02-18 12:28:13 --> Session: Class initialized using 'CodeIgniter\Session\Handlers\FileHandler' driver.
INFO - 2025-02-18 12:29:34 --> Session: Class initialized using 'CodeIgniter\Session\Handlers\FileHandler' driver.
INFO - 2025-02-18 12:31:42 --> Session: Class initialized using 'CodeIgniter\Session\Handlers\FileHandler' driver.
INFO - 2025-02-18 12:50:26 --> Session: Class initialized using 'CodeIgniter\Session\Handlers\FileHandler' driver.
INFO - 2025-02-18 12:50:32 --> Session: Class initialized using 'CodeIgniter\Session\Handlers\FileHandler' driver.
INFO - 2025-02-18 12:50:36 --> Session: Class initialized using 'CodeIgniter\Session\Handlers\FileHandler' driver.
CRITICAL - 2025-02-18 12:50:41 --> ErrorException: Undefined variable $titulo15
in APPPATH\Controllers\NuevoController.php on line 763.
 1 APPPATH\Controllers\NuevoController.php(763): CodeIgniter\Debug\Exceptions->errorHandler(2, 'Undefined variable $titulo15', 'C:\\xampp\\htdocs\\valoradorG2\\valorador\\app\\Controllers\\NuevoController.php', 763)
 2 SYSTEMPATH\CodeIgniter.php(941): App\Controllers\NuevoController->mostrar_valoraciones_porDocente_porMateria3()
 3 SYSTEMPATH\CodeIgniter.php(502): CodeIgniter\CodeIgniter->runController(Object(App\Controllers\NuevoController))
 4 SYSTEMPATH\CodeIgniter.php(361): CodeIgniter\CodeIgniter->handleRequest(null, Object(Config\Cache), false)
 5 FCPATH\index.php(79): CodeIgniter\CodeIgniter->run()
INFO - 2025-02-18 12:51:05 --> Session: Class initialized using 'CodeIgniter\Session\Handlers\FileHandler' driver.
INFO - 2025-02-18 12:58:01 --> Session: Class initialized using 'CodeIgniter\Session\Handlers\FileHandler' driver.
INFO - 2025-02-18 12:59:36 --> Session: Class initialized using 'CodeIgniter\Session\Handlers\FileHandler' driver.
INFO - 2025-02-18 13:01:19 --> Session: Class initialized using 'CodeIgniter\Session\Handlers\FileHandler' driver.
INFO - 2025-02-18 13:20:44 --> Session: Class initialized using 'CodeIgniter\Session\Handlers\FileHandler' driver.
INFO - 2025-02-18 13:21:57 --> Session: Class initialized using 'CodeIgniter\Session\Handlers\FileHandler' driver.
INFO - 2025-02-18 13:25:10 --> Session: Class initialized using 'CodeIgniter\Session\Handlers\FileHandler' driver.
CRITICAL - 2025-02-18 13:26:58 --> ParseError: syntax error, unexpected token "}"
in APPPATH\Views\data_view3.php on line 148.
 1 SYSTEMPATH\View\View.php(231): CodeIgniter\View\View->CodeIgniter\View\{closure}()
 2 SYSTEMPATH\Common.php(1178): CodeIgniter\View\View->render('data_view3', [], true)
 3 APPPATH\Controllers\NuevoController.php(776): view('data_view3', [...])
 4 SYSTEMPATH\CodeIgniter.php(941): App\Controllers\NuevoController->mostrar_valoraciones_porDocente_porMateria3()
 5 SYSTEMPATH\CodeIgniter.php(502): CodeIgniter\CodeIgniter->runController(Object(App\Controllers\NuevoController))
 6 SYSTEMPATH\CodeIgniter.php(361): CodeIgniter\CodeIgniter->handleRequest(null, Object(Config\Cache), false)
 7 FCPATH\index.php(79): CodeIgniter\CodeIgniter->run()
INFO - 2025-02-18 13:27:11 --> Session: Class initialized using 'CodeIgniter\Session\Handlers\FileHandler' driver.
INFO - 2025-02-18 13:27:35 --> Session: Class initialized using 'CodeIgniter\Session\Handlers\FileHandler' driver.
INFO - 2025-02-18 13:27:54 --> Session: Class initialized using 'CodeIgniter\Session\Handlers\FileHandler' driver.
INFO - 2025-02-18 13:28:16 --> Session: Class initialized using 'CodeIgniter\Session\Handlers\FileHandler' driver.
INFO - 2025-02-18 13:28:57 --> Session: Class initialized using 'CodeIgniter\Session\Handlers\FileHandler' driver.
INFO - 2025-02-18 13:29:03 --> Session: Class initialized using 'CodeIgniter\Session\Handlers\FileHandler' driver.
INFO - 2025-02-18 13:33:29 --> Session: Class initialized using 'CodeIgniter\Session\Handlers\FileHandler' driver.
INFO - 2025-02-18 13:33:42 --> Session: Class initialized using 'CodeIgniter\Session\Handlers\FileHandler' driver.
INFO - 2025-02-18 13:33:47 --> Session: Class initialized using 'CodeIgniter\Session\Handlers\FileHandler' driver.
CRITICAL - 2025-02-18 14:35:49 --> BadMethodCallException: Call to undefined method App\Models\TitulosPostgradoModel::getDatosByCodigo
in SYSTEMPATH\Model.php on line 874.
 1 APPPATH\Controllers\NuevoController.php(710): CodeIgniter\Model->__call('getDatosByCodigo', [...])
 2 SYSTEMPATH\CodeIgniter.php(941): App\Controllers\NuevoController->mostrar_valoraciones_porDocente_porMateria3()
 3 SYSTEMPATH\CodeIgniter.php(502): CodeIgniter\CodeIgniter->runController(Object(App\Controllers\NuevoController))
 4 SYSTEMPATH\CodeIgniter.php(361): CodeIgniter\CodeIgniter->handleRequest(null, Object(Config\Cache), false)
 5 FCPATH\index.php(79): CodeIgniter\CodeIgniter->run()
CRITICAL - 2025-02-18 14:38:10 --> BadMethodCallException: Call to undefined method App\Models\TitulosPostgradoModel::getDatosByCodigo
in SYSTEMPATH\Model.php on line 874.
 1 APPPATH\Controllers\NuevoController.php(710): CodeIgniter\Model->__call('getDatosByCodigo', [...])
 2 SYSTEMPATH\CodeIgniter.php(941): App\Controllers\NuevoController->mostrar_valoraciones_porDocente_porMateria3()
 3 SYSTEMPATH\CodeIgniter.php(502): CodeIgniter\CodeIgniter->runController(Object(App\Controllers\NuevoController))
 4 SYSTEMPATH\CodeIgniter.php(361): CodeIgniter\CodeIgniter->handleRequest(null, Object(Config\Cache), false)
 5 FCPATH\index.php(79): CodeIgniter\CodeIgniter->run()
INFO - 2025-02-18 14:39:20 --> Session: Class initialized using 'CodeIgniter\Session\Handlers\FileHandler' driver.
CRITICAL - 2025-02-18 14:39:20 --> ErrorException: Undefined array key "titulo"
in APPPATH\Views\data_view3.php on line 148.
 1 APPPATH\Views\data_view3.php(148): CodeIgniter\Debug\Exceptions->errorHandler(2, 'Undefined array key "titulo"', 'C:\\xampp\\htdocs\\valoradorG2\\valorador\\app\\Views\\data_view3.php', 148)
 2 SYSTEMPATH\View\View.php(228): include('C:\\xampp\\htdocs\\valoradorG2\\valorador\\app\\Views\\data_view3.php')
 3 SYSTEMPATH\View\View.php(231): CodeIgniter\View\View->CodeIgniter\View\{closure}()
 4 SYSTEMPATH\Common.php(1178): CodeIgniter\View\View->render('data_view3', [], true)
 5 APPPATH\Controllers\NuevoController.php(780): view('data_view3', [...])
 6 SYSTEMPATH\CodeIgniter.php(941): App\Controllers\NuevoController->mostrar_valoraciones_porDocente_porMateria3()
 7 SYSTEMPATH\CodeIgniter.php(502): CodeIgniter\CodeIgniter->runController(Object(App\Controllers\NuevoController))
 8 SYSTEMPATH\CodeIgniter.php(361): CodeIgniter\CodeIgniter->handleRequest(null, Object(Config\Cache), false)
 9 FCPATH\index.php(79): CodeIgniter\CodeIgniter->run()
INFO - 2025-02-18 14:39:53 --> Session: Class initialized using 'CodeIgniter\Session\Handlers\FileHandler' driver.
